<?xml version="1.0" encoding="UTF-8"?>
<coverage generated="1780489687362" clover="3.2.0">
  <project timestamp="1780489687362" name="All files">
    <metrics statements="29" coveredstatements="29" conditionals="14" coveredconditionals="11" methods="5" coveredmethods="5" elements="48" coveredelements="45" complexity="0" loc="29" ncloc="29" packages="1" files="1" classes="1"/>
    <file name="useAutocomplete.ts" path="/Users/royzheng/Desktop/Rekkus/lib/hooks/useAutocomplete.ts">
      <metrics statements="29" coveredstatements="29" conditionals="14" coveredconditionals="11" methods="5" coveredmethods="5"/>
      <line num="11" count="1" type="stmt"/>
      <line num="17" count="4" type="stmt"/>
      <line num="21" count="11" type="stmt"/>
      <line num="22" count="11" type="stmt"/>
      <line num="24" count="11" type="stmt"/>
      <line num="25" count="7" type="stmt"/>
      <line num="26" count="7" type="cond" truecount="4" falsecount="0"/>
      <line num="27" count="6" type="stmt"/>
      <line num="28" count="6" type="stmt"/>
      <line num="29" count="6" type="stmt"/>
      <line num="30" count="6" type="stmt"/>
      <line num="31" count="6" type="stmt"/>
      <line num="32" count="6" type="cond" truecount="2" falsecount="0"/>
      <line num="33" count="1" type="stmt"/>
      <line num="34" count="1" type="cond" truecount="1" falsecount="1"/>
      <line num="35" count="1" type="stmt"/>
      <line num="36" count="1" type="stmt"/>
      <line num="38" count="5" type="stmt"/>
      <line num="39" count="5" type="stmt"/>
      <line num="40" count="5" type="stmt"/>
      <line num="41" count="4" type="stmt"/>
      <line num="42" count="4" type="cond" truecount="2" falsecount="0"/>
      <line num="43" count="2" type="stmt"/>
      <line num="45" count="1" type="cond" truecount="1" falsecount="1"/>
      <line num="46" count="1" type="stmt"/>
      <line num="49" count="6" type="stmt"/>
      <line num="50" count="6" type="stmt"/>
      <line num="51" count="6" type="cond" truecount="1" falsecount="1"/>
      <line num="55" count="11" type="stmt"/>
    </file>
  </project>
</coverage>
