{"/Users/royzheng/Desktop/Rekkus/lib/hooks/useAutocomplete.ts": {"path":"/Users/royzheng/Desktop/Rekkus/lib/hooks/useAutocomplete.ts","statementMap":{"0":{"start":{"line":11,"column":27},"end":{"line":14,"column":2}},"1":{"start":{"line":17,"column":2},"end":{"line":17,"column":28}},"2":{"start":{"line":21,"column":40},"end":{"line":21,"column":72}},"3":{"start":{"line":22,"column":23},"end":{"line":22,"column":32}},"4":{"start":{"line":24,"column":2},"end":{"line":53,"column":27}},"5":{"start":{"line":25,"column":22},"end":{"line":25,"column":44}},"6":{"start":{"line":26,"column":4},"end":{"line":26,"column":66}},"7":{"start":{"line":26,"column":38},"end":{"line":26,"column":57}},"8":{"start":{"line":26,"column":58},"end":{"line":26,"column":64}},"9":{"start":{"line":27,"column":18},"end":{"line":48,"column":11}},"10":{"start":{"line":28,"column":30},"end":{"line":28,"column":63}},"11":{"start":{"line":29,"column":23},"end":{"line":29,"column":83}},"12":{"start":{"line":30,"column":6},"end":{"line":47,"column":7}},"13":{"start":{"line":31,"column":23},"end":{"line":31,"column":55}},"14":{"start":{"line":32,"column":8},"end":{"line":37,"column":9}},"15":{"start":{"line":33,"column":23},"end":{"line":33,"column":35}},"16":{"start":{"line":34,"column":10},"end":{"line":34,"column":56}},"17":{"start":{"line":34,"column":50},"end":{"line":34,"column":56}},"18":{"start":{"line":35,"column":10},"end":{"line":35,"column":30}},"19":{"start":{"line":36,"column":10},"end":{"line":36,"column":16}},"20":{"start":{"line":38,"column":24},"end":{"line":38,"column":97}},"21":{"start":{"line":39,"column":8},"end":{"line":39,"column":49}},"22":{"start":{"line":40,"column":21},"end":{"line":40,"column":34}},"23":{"start":{"line":41,"column":8},"end":{"line":41,"column":46}},"24":{"start":{"line":42,"column":8},"end":{"line":42,"column":54}},"25":{"start":{"line":42,"column":48},"end":{"line":42,"column":54}},"26":{"start":{"line":43,"column":8},"end":{"line":43,"column":28}},"27":{"start":{"line":45,"column":8},"end":{"line":45,"column":54}},"28":{"start":{"line":45,"column":48},"end":{"line":45,"column":54}},"29":{"start":{"line":46,"column":8},"end":{"line":46,"column":26}},"30":{"start":{"line":49,"column":4},"end":{"line":52,"column":5}},"31":{"start":{"line":50,"column":6},"end":{"line":50,"column":25}},"32":{"start":{"line":51,"column":6},"end":{"line":51,"column":71}},"33":{"start":{"line":51,"column":46},"end":{"line":51,"column":71}},"34":{"start":{"line":55,"column":2},"end":{"line":55,"column":20}}},"fnMap":{"0":{"name":"__clearAutocompleteCacheForTest","decl":{"start":{"line":16,"column":16},"end":{"line":16,"column":47}},"loc":{"start":{"line":16,"column":56},"end":{"line":18,"column":1}},"line":16},"1":{"name":"useAutocomplete","decl":{"start":{"line":20,"column":16},"end":{"line":20,"column":31}},"loc":{"start":{"line":20,"column":95},"end":{"line":56,"column":1}},"line":20},"2":{"name":"(anonymous_2)","decl":{"start":{"line":24,"column":12},"end":{"line":24,"column":13}},"loc":{"start":{"line":24,"column":18},"end":{"line":53,"column":3}},"line":24},"3":{"name":"(anonymous_3)","decl":{"start":{"line":27,"column":29},"end":{"line":27,"column":30}},"loc":{"start":{"line":27,"column":41},"end":{"line":48,"column":5}},"line":27},"4":{"name":"(anonymous_4)","decl":{"start":{"line":49,"column":11},"end":{"line":49,"column":12}},"loc":{"start":{"line":49,"column":17},"end":{"line":52,"column":5}},"line":49}},"branchMap":{"0":{"loc":{"start":{"line":26,"column":4},"end":{"line":26,"column":66}},"type":"if","locations":[{"start":{"line":26,"column":4},"end":{"line":26,"column":66}},{"start":{},"end":{}}],"line":26},"1":{"loc":{"start":{"line":26,"column":8},"end":{"line":26,"column":34}},"type":"binary-expr","locations":[{"start":{"line":26,"column":8},"end":{"line":26,"column":14}},{"start":{"line":26,"column":18},"end":{"line":26,"column":34}}],"line":26},"2":{"loc":{"start":{"line":32,"column":8},"end":{"line":37,"column":9}},"type":"if","locations":[{"start":{"line":32,"column":8},"end":{"line":37,"column":9}},{"start":{},"end":{}}],"line":32},"3":{"loc":{"start":{"line":34,"column":10},"end":{"line":34,"column":56}},"type":"if","locations":[{"start":{"line":34,"column":10},"end":{"line":34,"column":56}},{"start":{},"end":{}}],"line":34},"4":{"loc":{"start":{"line":42,"column":8},"end":{"line":42,"column":54}},"type":"if","locations":[{"start":{"line":42,"column":8},"end":{"line":42,"column":54}},{"start":{},"end":{}}],"line":42},"5":{"loc":{"start":{"line":45,"column":8},"end":{"line":45,"column":54}},"type":"if","locations":[{"start":{"line":45,"column":8},"end":{"line":45,"column":54}},{"start":{},"end":{}}],"line":45},"6":{"loc":{"start":{"line":51,"column":6},"end":{"line":51,"column":71}},"type":"if","locations":[{"start":{"line":51,"column":6},"end":{"line":51,"column":71}},{"start":{},"end":{}}],"line":51}},"s":{"0":1,"1":4,"2":11,"3":11,"4":11,"5":7,"6":7,"7":1,"8":1,"9":6,"10":6,"11":6,"12":6,"13":6,"14":6,"15":1,"16":1,"17":0,"18":1,"19":1,"20":5,"21":5,"22":5,"23":4,"24":4,"25":2,"26":2,"27":1,"28":0,"29":1,"30":6,"31":6,"32":6,"33":6,"34":11},"f":{"0":4,"1":11,"2":7,"3":6,"4":6},"b":{"0":[1,6],"1":[7,6],"2":[1,5],"3":[0,1],"4":[2,2],"5":[0,1],"6":[6,0]},"_coverageSchema":"1a1c01bbd47fc00a2c39e90264f33305004495a9","hash":"7d6b3d036397e511e93a33aea19ac8624724e148"}
}
