{"/Users/royzheng/Desktop/Rekkus/lib/hooks/searchTypes.ts": {"path":"/Users/royzheng/Desktop/Rekkus/lib/hooks/searchTypes.ts","statementMap":{},"fnMap":{},"branchMap":{},"s":{},"f":{},"b":{}}
,"/Users/royzheng/Desktop/Rekkus/lib/hooks/useAlerts.ts": {"path":"/Users/royzheng/Desktop/Rekkus/lib/hooks/useAlerts.ts","statementMap":{"0":{"start":{"line":20,"column":2},"end":{"line":20,"column":56}},"1":{"start":{"line":24,"column":30},"end":{"line":24,"column":55}},"2":{"start":{"line":25,"column":32},"end":{"line":25,"column":46}},"3":{"start":{"line":26,"column":38},"end":{"line":26,"column":53}},"4":{"start":{"line":27,"column":28},"end":{"line":27,"column":57}},"5":{"start":{"line":29,"column":15},"end":{"line":159,"column":3}},"6":{"start":{"line":31,"column":6},"end":{"line":34,"column":7}},"7":{"start":{"line":32,"column":8},"end":{"line":32,"column":25}},"8":{"start":{"line":33,"column":8},"end":{"line":33,"column":14}},"9":{"start":{"line":35,"column":6},"end":{"line":36,"column":27}},"10":{"start":{"line":35,"column":21},"end":{"line":35,"column":40}},"11":{"start":{"line":36,"column":11},"end":{"line":36,"column":27}},"12":{"start":{"line":37,"column":6},"end":{"line":37,"column":20}},"13":{"start":{"line":39,"column":51},"end":{"line":41,"column":31}},"14":{"start":{"line":43,"column":6},"end":{"line":48,"column":7}},"15":{"start":{"line":44,"column":8},"end":{"line":44,"column":36}},"16":{"start":{"line":45,"column":8},"end":{"line":46,"column":30}},"17":{"start":{"line":45,"column":23},"end":{"line":45,"column":43}},"18":{"start":{"line":46,"column":13},"end":{"line":46,"column":30}},"19":{"start":{"line":47,"column":8},"end":{"line":47,"column":14}},"20":{"start":{"line":50,"column":32},"end":{"line":50,"column":61}},"21":{"start":{"line":50,"column":50},"end":{"line":50,"column":54}},"22":{"start":{"line":51,"column":33},"end":{"line":51,"column":35}},"23":{"start":{"line":53,"column":6},"end":{"line":97,"column":7}},"24":{"start":{"line":54,"column":40},"end":{"line":72,"column":10}},"25":{"start":{"line":74,"column":8},"end":{"line":84,"column":9}},"26":{"start":{"line":75,"column":24},"end":{"line":75,"column":43}},"27":{"start":{"line":76,"column":10},"end":{"line":83,"column":12}},"28":{"start":{"line":86,"column":8},"end":{"line":96,"column":9}},"29":{"start":{"line":87,"column":24},"end":{"line":87,"column":43}},"30":{"start":{"line":88,"column":10},"end":{"line":95,"column":12}},"31":{"start":{"line":100,"column":35},"end":{"line":103,"column":30}},"32":{"start":{"line":105,"column":37},"end":{"line":105,"column":69}},"33":{"start":{"line":105,"column":58},"end":{"line":105,"column":62}},"34":{"start":{"line":107,"column":6},"end":{"line":128,"column":7}},"35":{"start":{"line":108,"column":38},"end":{"line":115,"column":20}},"36":{"start":{"line":117,"column":8},"end":{"line":127,"column":9}},"37":{"start":{"line":118,"column":24},"end":{"line":118,"column":43}},"38":{"start":{"line":119,"column":10},"end":{"line":126,"column":12}},"39":{"start":{"line":130,"column":56},"end":{"line":136,"column":18}},"40":{"start":{"line":138,"column":6},"end":{"line":151,"column":7}},"41":{"start":{"line":139,"column":8},"end":{"line":139,"column":38}},"42":{"start":{"line":141,"column":8},"end":{"line":150,"column":9}},"43":{"start":{"line":142,"column":24},"end":{"line":142,"column":43}},"44":{"start":{"line":143,"column":10},"end":{"line":149,"column":12}},"45":{"start":{"line":153,"column":6},"end":{"line":153,"column":93}},"46":{"start":{"line":153,"column":27},"end":{"line":153,"column":92}},"47":{"start":{"line":154,"column":6},"end":{"line":154,"column":22}},"48":{"start":{"line":155,"column":6},"end":{"line":156,"column":28}},"49":{"start":{"line":155,"column":21},"end":{"line":155,"column":41}},"50":{"start":{"line":156,"column":11},"end":{"line":156,"column":28}},"51":{"start":{"line":161,"column":2},"end":{"line":163,"column":12}},"52":{"start":{"line":162,"column":4},"end":{"line":162,"column":15}},"53":{"start":{"line":165,"column":2},"end":{"line":165,"column":95}},"54":{"start":{"line":165,"column":71},"end":{"line":165,"column":86}}},"fnMap":{"0":{"name":"rowActor","decl":{"start":{"line":19,"column":9},"end":{"line":19,"column":17}},"loc":{"start":{"line":19,"column":78},"end":{"line":21,"column":1}},"line":19},"1":{"name":"useAlerts","decl":{"start":{"line":23,"column":16},"end":{"line":23,"column":25}},"loc":{"start":{"line":23,"column":45},"end":{"line":166,"column":1}},"line":23},"2":{"name":"(anonymous_2)","decl":{"start":{"line":30,"column":4},"end":{"line":30,"column":5}},"loc":{"start":{"line":30,"column":34},"end":{"line":157,"column":5}},"line":30},"3":{"name":"(anonymous_3)","decl":{"start":{"line":50,"column":45},"end":{"line":50,"column":46}},"loc":{"start":{"line":50,"column":50},"end":{"line":50,"column":54}},"line":50},"4":{"name":"(anonymous_4)","decl":{"start":{"line":105,"column":53},"end":{"line":105,"column":54}},"loc":{"start":{"line":105,"column":58},"end":{"line":105,"column":62}},"line":105},"5":{"name":"(anonymous_5)","decl":{"start":{"line":153,"column":17},"end":{"line":153,"column":18}},"loc":{"start":{"line":153,"column":27},"end":{"line":153,"column":92}},"line":153},"6":{"name":"(anonymous_6)","decl":{"start":{"line":161,"column":12},"end":{"line":161,"column":13}},"loc":{"start":{"line":161,"column":18},"end":{"line":163,"column":3}},"line":161},"7":{"name":"(anonymous_7)","decl":{"start":{"line":165,"column":49},"end":{"line":165,"column":50}},"loc":{"start":{"line":165,"column":71},"end":{"line":165,"column":86}},"line":165}},"branchMap":{"0":{"loc":{"start":{"line":20,"column":9},"end":{"line":20,"column":56}},"type":"cond-expr","locations":[{"start":{"line":20,"column":32},"end":{"line":20,"column":48}},{"start":{"line":20,"column":51},"end":{"line":20,"column":56}}],"line":20},"1":{"loc":{"start":{"line":20,"column":32},"end":{"line":20,"column":48}},"type":"binary-expr","locations":[{"start":{"line":20,"column":32},"end":{"line":20,"column":40}},{"start":{"line":20,"column":44},"end":{"line":20,"column":48}}],"line":20},"2":{"loc":{"start":{"line":31,"column":6},"end":{"line":34,"column":7}},"type":"if","locations":[{"start":{"line":31,"column":6},"end":{"line":34,"column":7}},{"start":{},"end":{}}],"line":31},"3":{"loc":{"start":{"line":35,"column":6},"end":{"line":36,"column":27}},"type":"if","locations":[{"start":{"line":35,"column":6},"end":{"line":36,"column":27}},{"start":{"line":36,"column":11},"end":{"line":36,"column":27}}],"line":35},"4":{"loc":{"start":{"line":43,"column":6},"end":{"line":48,"column":7}},"type":"if","locations":[{"start":{"line":43,"column":6},"end":{"line":48,"column":7}},{"start":{},"end":{}}],"line":43},"5":{"loc":{"start":{"line":45,"column":8},"end":{"line":46,"column":30}},"type":"if","locations":[{"start":{"line":45,"column":8},"end":{"line":46,"column":30}},{"start":{"line":46,"column":13},"end":{"line":46,"column":30}}],"line":45},"6":{"loc":{"start":{"line":50,"column":32},"end":{"line":50,"column":61}},"type":"binary-expr","locations":[{"start":{"line":50,"column":32},"end":{"line":50,"column":55}},{"start":{"line":50,"column":59},"end":{"line":50,"column":61}}],"line":50},"7":{"loc":{"start":{"line":53,"column":6},"end":{"line":97,"column":7}},"type":"if","locations":[{"start":{"line":53,"column":6},"end":{"line":97,"column":7}},{"start":{},"end":{}}],"line":53},"8":{"loc":{"start":{"line":74,"column":27},"end":{"line":74,"column":46}},"type":"binary-expr","locations":[{"start":{"line":74,"column":27},"end":{"line":74,"column":40}},{"start":{"line":74,"column":44},"end":{"line":74,"column":46}}],"line":74},"9":{"loc":{"start":{"line":79,"column":27},"end":{"line":79,"column":55}},"type":"binary-expr","locations":[{"start":{"line":79,"column":27},"end":{"line":79,"column":42}},{"start":{"line":79,"column":46},"end":{"line":79,"column":55}}],"line":79},"10":{"loc":{"start":{"line":80,"column":23},"end":{"line":80,"column":47}},"type":"binary-expr","locations":[{"start":{"line":80,"column":23},"end":{"line":80,"column":39}},{"start":{"line":80,"column":43},"end":{"line":80,"column":47}}],"line":80},"11":{"loc":{"start":{"line":81,"column":16},"end":{"line":81,"column":78}},"type":"cond-expr","locations":[{"start":{"line":81,"column":50},"end":{"line":81,"column":73}},{"start":{"line":81,"column":76},"end":{"line":81,"column":78}}],"line":81},"12":{"loc":{"start":{"line":82,"column":23},"end":{"line":82,"column":65}},"type":"binary-expr","locations":[{"start":{"line":82,"column":23},"end":{"line":82,"column":37}},{"start":{"line":82,"column":41},"end":{"line":82,"column":65}}],"line":82},"13":{"loc":{"start":{"line":86,"column":27},"end":{"line":86,"column":49}},"type":"binary-expr","locations":[{"start":{"line":86,"column":27},"end":{"line":86,"column":43}},{"start":{"line":86,"column":47},"end":{"line":86,"column":49}}],"line":86},"14":{"loc":{"start":{"line":91,"column":27},"end":{"line":91,"column":55}},"type":"binary-expr","locations":[{"start":{"line":91,"column":27},"end":{"line":91,"column":42}},{"start":{"line":91,"column":46},"end":{"line":91,"column":55}}],"line":91},"15":{"loc":{"start":{"line":92,"column":23},"end":{"line":92,"column":47}},"type":"binary-expr","locations":[{"start":{"line":92,"column":23},"end":{"line":92,"column":39}},{"start":{"line":92,"column":43},"end":{"line":92,"column":47}}],"line":92},"16":{"loc":{"start":{"line":93,"column":16},"end":{"line":93,"column":78}},"type":"cond-expr","locations":[{"start":{"line":93,"column":50},"end":{"line":93,"column":73}},{"start":{"line":93,"column":76},"end":{"line":93,"column":78}}],"line":93},"17":{"loc":{"start":{"line":94,"column":23},"end":{"line":94,"column":65}},"type":"binary-expr","locations":[{"start":{"line":94,"column":23},"end":{"line":94,"column":37}},{"start":{"line":94,"column":41},"end":{"line":94,"column":65}}],"line":94},"18":{"loc":{"start":{"line":105,"column":37},"end":{"line":105,"column":69}},"type":"binary-expr","locations":[{"start":{"line":105,"column":37},"end":{"line":105,"column":63}},{"start":{"line":105,"column":67},"end":{"line":105,"column":69}}],"line":105},"19":{"loc":{"start":{"line":107,"column":6},"end":{"line":128,"column":7}},"type":"if","locations":[{"start":{"line":107,"column":6},"end":{"line":128,"column":7}},{"start":{},"end":{}}],"line":107},"20":{"loc":{"start":{"line":117,"column":27},"end":{"line":117,"column":44}},"type":"binary-expr","locations":[{"start":{"line":117,"column":27},"end":{"line":117,"column":38}},{"start":{"line":117,"column":42},"end":{"line":117,"column":44}}],"line":117},"21":{"loc":{"start":{"line":122,"column":27},"end":{"line":122,"column":55}},"type":"binary-expr","locations":[{"start":{"line":122,"column":27},"end":{"line":122,"column":42}},{"start":{"line":122,"column":46},"end":{"line":122,"column":55}}],"line":122},"22":{"loc":{"start":{"line":123,"column":23},"end":{"line":123,"column":47}},"type":"binary-expr","locations":[{"start":{"line":123,"column":23},"end":{"line":123,"column":39}},{"start":{"line":123,"column":43},"end":{"line":123,"column":47}}],"line":123},"23":{"loc":{"start":{"line":124,"column":16},"end":{"line":124,"column":78}},"type":"cond-expr","locations":[{"start":{"line":124,"column":50},"end":{"line":124,"column":73}},{"start":{"line":124,"column":76},"end":{"line":124,"column":78}}],"line":124},"24":{"loc":{"start":{"line":125,"column":23},"end":{"line":125,"column":65}},"type":"binary-expr","locations":[{"start":{"line":125,"column":23},"end":{"line":125,"column":37}},{"start":{"line":125,"column":41},"end":{"line":125,"column":65}}],"line":125},"25":{"loc":{"start":{"line":138,"column":6},"end":{"line":151,"column":7}},"type":"if","locations":[{"start":{"line":138,"column":6},"end":{"line":151,"column":7}},{"start":{"line":140,"column":13},"end":{"line":151,"column":7}}],"line":138},"26":{"loc":{"start":{"line":141,"column":27},"end":{"line":141,"column":43}},"type":"binary-expr","locations":[{"start":{"line":141,"column":27},"end":{"line":141,"column":37}},{"start":{"line":141,"column":41},"end":{"line":141,"column":43}}],"line":141},"27":{"loc":{"start":{"line":146,"column":27},"end":{"line":146,"column":55}},"type":"binary-expr","locations":[{"start":{"line":146,"column":27},"end":{"line":146,"column":42}},{"start":{"line":146,"column":46},"end":{"line":146,"column":55}}],"line":146},"28":{"loc":{"start":{"line":147,"column":23},"end":{"line":147,"column":47}},"type":"binary-expr","locations":[{"start":{"line":147,"column":23},"end":{"line":147,"column":39}},{"start":{"line":147,"column":43},"end":{"line":147,"column":47}}],"line":147},"29":{"loc":{"start":{"line":148,"column":23},"end":{"line":148,"column":65}},"type":"binary-expr","locations":[{"start":{"line":148,"column":23},"end":{"line":148,"column":37}},{"start":{"line":148,"column":41},"end":{"line":148,"column":65}}],"line":148},"30":{"loc":{"start":{"line":155,"column":6},"end":{"line":156,"column":28}},"type":"if","locations":[{"start":{"line":155,"column":6},"end":{"line":156,"column":28}},{"start":{"line":156,"column":11},"end":{"line":156,"column":28}}],"line":155},"31":{"loc":{"start":{"line":165,"column":50},"end":{"line":165,"column":66}},"type":"default-arg","locations":[{"start":{"line":165,"column":62},"end":{"line":165,"column":66}}],"line":165}},"s":{"0":0,"1":0,"2":0,"3":0,"4":0,"5":0,"6":0,"7":0,"8":0,"9":0,"10":0,"11":0,"12":0,"13":0,"14":0,"15":0,"16":0,"17":0,"18":0,"19":0,"20":0,"21":0,"22":0,"23":0,"24":0,"25":0,"26":0,"27":0,"28":0,"29":0,"30":0,"31":0,"32":0,"33":0,"34":0,"35":0,"36":0,"37":0,"38":0,"39":0,"40":0,"41":0,"42":0,"43":0,"44":0,"45":0,"46":0,"47":0,"48":0,"49":0,"50":0,"51":0,"52":0,"53":0,"54":0},"f":{"0":0,"1":0,"2":0,"3":0,"4":0,"5":0,"6":0,"7":0},"b":{"0":[0,0],"1":[0,0],"2":[0,0],"3":[0,0],"4":[0,0],"5":[0,0],"6":[0,0],"7":[0,0],"8":[0,0],"9":[0,0],"10":[0,0],"11":[0,0],"12":[0,0],"13":[0,0],"14":[0,0],"15":[0,0],"16":[0,0],"17":[0,0],"18":[0,0],"19":[0,0],"20":[0,0],"21":[0,0],"22":[0,0],"23":[0,0],"24":[0,0],"25":[0,0],"26":[0,0],"27":[0,0],"28":[0,0],"29":[0,0],"30":[0,0],"31":[0]}}
,"/Users/royzheng/Desktop/Rekkus/lib/hooks/useAutocomplete.ts": {"path":"/Users/royzheng/Desktop/Rekkus/lib/hooks/useAutocomplete.ts","statementMap":{"0":{"start":{"line":14,"column":40},"end":{"line":14,"column":72}},"1":{"start":{"line":16,"column":2},"end":{"line":28,"column":27}},"2":{"start":{"line":17,"column":4},"end":{"line":17,"column":48}},"3":{"start":{"line":17,"column":42},"end":{"line":17,"column":48}},"4":{"start":{"line":18,"column":4},"end":{"line":18,"column":66}},"5":{"start":{"line":18,"column":38},"end":{"line":18,"column":57}},"6":{"start":{"line":18,"column":58},"end":{"line":18,"column":64}},"7":{"start":{"line":19,"column":18},"end":{"line":26,"column":11}},"8":{"start":{"line":20,"column":23},"end":{"line":24,"column":8}},"9":{"start":{"line":25,"column":6},"end":{"line":25,"column":56}},"10":{"start":{"line":27,"column":4},"end":{"line":27,"column":36}},"11":{"start":{"line":27,"column":17},"end":{"line":27,"column":36}},"12":{"start":{"line":30,"column":2},"end":{"line":30,"column":20}}},"fnMap":{"0":{"name":"useAutocomplete","decl":{"start":{"line":13,"column":16},"end":{"line":13,"column":31}},"loc":{"start":{"line":13,"column":95},"end":{"line":31,"column":1}},"line":13},"1":{"name":"(anonymous_1)","decl":{"start":{"line":16,"column":12},"end":{"line":16,"column":13}},"loc":{"start":{"line":16,"column":18},"end":{"line":28,"column":3}},"line":16},"2":{"name":"(anonymous_2)","decl":{"start":{"line":19,"column":29},"end":{"line":19,"column":30}},"loc":{"start":{"line":19,"column":41},"end":{"line":26,"column":5}},"line":19},"3":{"name":"(anonymous_3)","decl":{"start":{"line":27,"column":11},"end":{"line":27,"column":12}},"loc":{"start":{"line":27,"column":17},"end":{"line":27,"column":36}},"line":27}},"branchMap":{"0":{"loc":{"start":{"line":17,"column":4},"end":{"line":17,"column":48}},"type":"if","locations":[{"start":{"line":17,"column":4},"end":{"line":17,"column":48}},{"start":{},"end":{}}],"line":17},"1":{"loc":{"start":{"line":18,"column":4},"end":{"line":18,"column":66}},"type":"if","locations":[{"start":{"line":18,"column":4},"end":{"line":18,"column":66}},{"start":{},"end":{}}],"line":18},"2":{"loc":{"start":{"line":18,"column":8},"end":{"line":18,"column":34}},"type":"binary-expr","locations":[{"start":{"line":18,"column":8},"end":{"line":18,"column":14}},{"start":{"line":18,"column":18},"end":{"line":18,"column":34}}],"line":18},"3":{"loc":{"start":{"line":22,"column":12},"end":{"line":22,"column":90}},"type":"cond-expr","locations":[{"start":{"line":22,"column":27},"end":{"line":22,"column":85}},{"start":{"line":22,"column":88},"end":{"line":22,"column":90}}],"line":22},"4":{"loc":{"start":{"line":25,"column":22},"end":{"line":25,"column":32}},"type":"binary-expr","locations":[{"start":{"line":25,"column":22},"end":{"line":25,"column":26}},{"start":{"line":25,"column":30},"end":{"line":25,"column":32}}],"line":25}},"s":{"0":0,"1":0,"2":0,"3":0,"4":0,"5":0,"6":0,"7":0,"8":0,"9":0,"10":0,"11":0,"12":0},"f":{"0":0,"1":0,"2":0,"3":0},"b":{"0":[0,0],"1":[0,0],"2":[0,0],"3":[0,0],"4":[0,0]}}
,"/Users/royzheng/Desktop/Rekkus/lib/hooks/useCollections.ts": {"path":"/Users/royzheng/Desktop/Rekkus/lib/hooks/useCollections.ts","statementMap":{"0":{"start":{"line":10,"column":40},"end":{"line":10,"column":66}},"1":{"start":{"line":11,"column":28},"end":{"line":11,"column":58}},"2":{"start":{"line":12,"column":32},"end":{"line":12,"column":47}},"3":{"start":{"line":14,"column":24},"end":{"line":14,"column":62}},"4":{"start":{"line":16,"column":18},"end":{"line":28,"column":29}},"5":{"start":{"line":17,"column":4},"end":{"line":21,"column":5}},"6":{"start":{"line":18,"column":6},"end":{"line":18,"column":24}},"7":{"start":{"line":19,"column":6},"end":{"line":19,"column":18}},"8":{"start":{"line":20,"column":6},"end":{"line":20,"column":12}},"9":{"start":{"line":22,"column":4},"end":{"line":22,"column":20}},"10":{"start":{"line":23,"column":28},"end":{"line":23,"column":58}},"11":{"start":{"line":24,"column":22},"end":{"line":24,"column":81}},"12":{"start":{"line":25,"column":4},"end":{"line":25,"column":35}},"13":{"start":{"line":26,"column":4},"end":{"line":26,"column":23}},"14":{"start":{"line":27,"column":4},"end":{"line":27,"column":21}},"15":{"start":{"line":30,"column":2},"end":{"line":32,"column":15}},"16":{"start":{"line":31,"column":4},"end":{"line":31,"column":13}},"17":{"start":{"line":34,"column":2},"end":{"line":34,"column":49}}},"fnMap":{"0":{"name":"useCollections","decl":{"start":{"line":9,"column":16},"end":{"line":9,"column":30}},"loc":{"start":{"line":9,"column":84},"end":{"line":35,"column":1}},"line":9},"1":{"name":"(anonymous_1)","decl":{"start":{"line":16,"column":30},"end":{"line":16,"column":31}},"loc":{"start":{"line":16,"column":42},"end":{"line":28,"column":3}},"line":16},"2":{"name":"(anonymous_2)","decl":{"start":{"line":30,"column":12},"end":{"line":30,"column":13}},"loc":{"start":{"line":30,"column":18},"end":{"line":32,"column":3}},"line":30}},"branchMap":{"0":{"loc":{"start":{"line":17,"column":4},"end":{"line":21,"column":5}},"type":"if","locations":[{"start":{"line":17,"column":4},"end":{"line":21,"column":5}},{"start":{},"end":{}}],"line":17}},"s":{"0":0,"1":0,"2":0,"3":0,"4":0,"5":0,"6":0,"7":0,"8":0,"9":0,"10":0,"11":0,"12":0,"13":0,"14":0,"15":0,"16":0,"17":0},"f":{"0":0,"1":0,"2":0},"b":{"0":[0,0]}}
,"/Users/royzheng/Desktop/Rekkus/lib/hooks/useDiscover.ts": {"path":"/Users/royzheng/Desktop/Rekkus/lib/hooks/useDiscover.ts","statementMap":{"0":{"start":{"line":14,"column":2},"end":{"line":14,"column":78}},"1":{"start":{"line":25,"column":16},"end":{"line":25,"column":38}},"2":{"start":{"line":26,"column":18},"end":{"line":26,"column":83}},"3":{"start":{"line":27,"column":24},"end":{"line":27,"column":50}},"4":{"start":{"line":29,"column":4},"end":{"line":33,"column":11}},"5":{"start":{"line":34,"column":18},"end":{"line":34,"column":57}},"6":{"start":{"line":35,"column":17},"end":{"line":35,"column":28}},"7":{"start":{"line":36,"column":18},"end":{"line":36,"column":57}},"8":{"start":{"line":37,"column":23},"end":{"line":37,"column":62}},"9":{"start":{"line":38,"column":21},"end":{"line":40,"column":7}},"10":{"start":{"line":38,"column":38},"end":{"line":38,"column":97}},"11":{"start":{"line":41,"column":24},"end":{"line":41,"column":80}},"12":{"start":{"line":42,"column":23},"end":{"line":42,"column":104}},"13":{"start":{"line":43,"column":2},"end":{"line":43,"column":109}},"14":{"start":{"line":47,"column":25},"end":{"line":47,"column":27}},"15":{"start":{"line":48,"column":27},"end":{"line":48,"column":29}},"16":{"start":{"line":50,"column":2},"end":{"line":69,"column":3}},"17":{"start":{"line":51,"column":20},"end":{"line":51,"column":36}},"18":{"start":{"line":52,"column":20},"end":{"line":52,"column":28}},"19":{"start":{"line":53,"column":21},"end":{"line":53,"column":29}},"20":{"start":{"line":55,"column":8},"end":{"line":58,"column":50}},"21":{"start":{"line":60,"column":4},"end":{"line":68,"column":5}},"22":{"start":{"line":61,"column":6},"end":{"line":61,"column":25}},"23":{"start":{"line":63,"column":6},"end":{"line":63,"column":23}},"24":{"start":{"line":65,"column":24},"end":{"line":65,"column":85}},"25":{"start":{"line":65,"column":48},"end":{"line":65,"column":84}},"26":{"start":{"line":66,"column":23},"end":{"line":66,"column":86}},"27":{"start":{"line":67,"column":6},"end":{"line":67,"column":41}},"28":{"start":{"line":67,"column":20},"end":{"line":67,"column":41}},"29":{"start":{"line":71,"column":2},"end":{"line":71,"column":26}},"30":{"start":{"line":72,"column":2},"end":{"line":72,"column":15}},"31":{"start":{"line":76,"column":20},"end":{"line":76,"column":30}},"32":{"start":{"line":77,"column":19},"end":{"line":77,"column":28}},"33":{"start":{"line":78,"column":32},"end":{"line":78,"column":50}},"34":{"start":{"line":79,"column":17},"end":{"line":79,"column":42}},"35":{"start":{"line":80,"column":30},"end":{"line":80,"column":47}},"36":{"start":{"line":81,"column":23},"end":{"line":81,"column":40}},"37":{"start":{"line":85,"column":4},"end":{"line":87,"column":12}},"38":{"start":{"line":89,"column":2},"end":{"line":106,"column":100}},"39":{"start":{"line":90,"column":23},"end":{"line":90,"column":63}},"40":{"start":{"line":90,"column":41},"end":{"line":90,"column":62}},"41":{"start":{"line":91,"column":19},"end":{"line":104,"column":23}},"42":{"start":{"line":92,"column":17},"end":{"line":102,"column":7}},"43":{"start":{"line":103,"column":22},"end":{"line":103,"column":39}},"44":{"start":{"line":104,"column":16},"end":{"line":104,"column":22}},"45":{"start":{"line":105,"column":4},"end":{"line":105,"column":40}}},"fnMap":{"0":{"name":"cityFromLocation","decl":{"start":{"line":13,"column":9},"end":{"line":13,"column":25}},"loc":{"start":{"line":13,"column":52},"end":{"line":15,"column":1}},"line":13},"1":{"name":"computeDiscoverScore","decl":{"start":{"line":17,"column":9},"end":{"line":17,"column":29}},"loc":{"start":{"line":24,"column":10},"end":{"line":44,"column":1}},"line":24},"2":{"name":"(anonymous_2)","decl":{"start":{"line":38,"column":33},"end":{"line":38,"column":34}},"loc":{"start":{"line":38,"column":38},"end":{"line":38,"column":97}},"line":38},"3":{"name":"applyCuisineDiversity","decl":{"start":{"line":46,"column":9},"end":{"line":46,"column":30}},"loc":{"start":{"line":46,"column":54},"end":{"line":73,"column":1}},"line":46},"4":{"name":"(anonymous_4)","decl":{"start":{"line":65,"column":43},"end":{"line":65,"column":44}},"loc":{"start":{"line":65,"column":48},"end":{"line":65,"column":84}},"line":65},"5":{"name":"useDiscover","decl":{"start":{"line":75,"column":16},"end":{"line":75,"column":27}},"loc":{"start":{"line":75,"column":73},"end":{"line":107,"column":1}},"line":75},"6":{"name":"(anonymous_6)","decl":{"start":{"line":89,"column":17},"end":{"line":89,"column":18}},"loc":{"start":{"line":89,"column":23},"end":{"line":106,"column":3}},"line":89},"7":{"name":"(anonymous_7)","decl":{"start":{"line":90,"column":36},"end":{"line":90,"column":37}},"loc":{"start":{"line":90,"column":41},"end":{"line":90,"column":62}},"line":90},"8":{"name":"(anonymous_8)","decl":{"start":{"line":92,"column":11},"end":{"line":92,"column":12}},"loc":{"start":{"line":92,"column":17},"end":{"line":102,"column":7}},"line":92},"9":{"name":"(anonymous_9)","decl":{"start":{"line":103,"column":12},"end":{"line":103,"column":13}},"loc":{"start":{"line":103,"column":22},"end":{"line":103,"column":39}},"line":103},"10":{"name":"(anonymous_10)","decl":{"start":{"line":104,"column":11},"end":{"line":104,"column":12}},"loc":{"start":{"line":104,"column":16},"end":{"line":104,"column":22}},"line":104}},"branchMap":{"0":{"loc":{"start":{"line":14,"column":9},"end":{"line":14,"column":78}},"type":"cond-expr","locations":[{"start":{"line":14,"column":56},"end":{"line":14,"column":67}},{"start":{"line":14,"column":70},"end":{"line":14,"column":78}}],"line":14},"1":{"loc":{"start":{"line":26,"column":18},"end":{"line":26,"column":83}},"type":"binary-expr","locations":[{"start":{"line":26,"column":18},"end":{"line":26,"column":35}},{"start":{"line":26,"column":39},"end":{"line":26,"column":83}}],"line":26},"2":{"loc":{"start":{"line":27,"column":24},"end":{"line":27,"column":50}},"type":"cond-expr","locations":[{"start":{"line":27,"column":34},"end":{"line":27,"column":46}},{"start":{"line":27,"column":49},"end":{"line":27,"column":50}}],"line":27},"3":{"loc":{"start":{"line":29,"column":4},"end":{"line":33,"column":11}},"type":"cond-expr","locations":[{"start":{"line":30,"column":8},"end":{"line":30,"column":84}},{"start":{"line":31,"column":8},"end":{"line":33,"column":11}}],"line":29},"4":{"loc":{"start":{"line":29,"column":4},"end":{"line":29,"column":50}},"type":"binary-expr","locations":[{"start":{"line":29,"column":4},"end":{"line":29,"column":10}},{"start":{"line":29,"column":14},"end":{"line":29,"column":30}},{"start":{"line":29,"column":34},"end":{"line":29,"column":50}}],"line":29},"5":{"loc":{"start":{"line":31,"column":8},"end":{"line":33,"column":11}},"type":"cond-expr","locations":[{"start":{"line":32,"column":10},"end":{"line":32,"column":25}},{"start":{"line":33,"column":10},"end":{"line":33,"column":11}}],"line":31},"6":{"loc":{"start":{"line":34,"column":18},"end":{"line":34,"column":57}},"type":"cond-expr","locations":[{"start":{"line":34,"column":37},"end":{"line":34,"column":53}},{"start":{"line":34,"column":56},"end":{"line":34,"column":57}}],"line":34},"7":{"loc":{"start":{"line":36,"column":19},"end":{"line":36,"column":42}},"type":"binary-expr","locations":[{"start":{"line":36,"column":19},"end":{"line":36,"column":36}},{"start":{"line":36,"column":40},"end":{"line":36,"column":42}}],"line":36},"8":{"loc":{"start":{"line":37,"column":24},"end":{"line":37,"column":55}},"type":"binary-expr","locations":[{"start":{"line":37,"column":24},"end":{"line":37,"column":50}},{"start":{"line":37,"column":54},"end":{"line":37,"column":55}}],"line":37},"9":{"loc":{"start":{"line":38,"column":21},"end":{"line":40,"column":7}},"type":"cond-expr","locations":[{"start":{"line":39,"column":6},"end":{"line":39,"column":7}},{"start":{"line":40,"column":6},"end":{"line":40,"column":7}}],"line":38},"10":{"loc":{"start":{"line":38,"column":38},"end":{"line":38,"column":97}},"type":"binary-expr","locations":[{"start":{"line":38,"column":38},"end":{"line":38,"column":57}},{"start":{"line":38,"column":61},"end":{"line":38,"column":97}}],"line":38},"11":{"loc":{"start":{"line":41,"column":24},"end":{"line":41,"column":80}},"type":"cond-expr","locations":[{"start":{"line":41,"column":75},"end":{"line":41,"column":76}},{"start":{"line":41,"column":79},"end":{"line":41,"column":80}}],"line":41},"12":{"loc":{"start":{"line":41,"column":24},"end":{"line":41,"column":72}},"type":"binary-expr","locations":[{"start":{"line":41,"column":24},"end":{"line":41,"column":33}},{"start":{"line":41,"column":37},"end":{"line":41,"column":72}}],"line":41},"13":{"loc":{"start":{"line":42,"column":24},"end":{"line":42,"column":47}},"type":"cond-expr","locations":[{"start":{"line":42,"column":40},"end":{"line":42,"column":43}},{"start":{"line":42,"column":46},"end":{"line":42,"column":47}}],"line":42},"14":{"loc":{"start":{"line":42,"column":52},"end":{"line":42,"column":79}},"type":"cond-expr","locations":[{"start":{"line":42,"column":72},"end":{"line":42,"column":75}},{"start":{"line":42,"column":78},"end":{"line":42,"column":79}}],"line":42},"15":{"loc":{"start":{"line":42,"column":84},"end":{"line":42,"column":103}},"type":"cond-expr","locations":[{"start":{"line":42,"column":96},"end":{"line":42,"column":99}},{"start":{"line":42,"column":102},"end":{"line":42,"column":103}}],"line":42},"16":{"loc":{"start":{"line":55,"column":8},"end":{"line":58,"column":50}},"type":"binary-expr","locations":[{"start":{"line":55,"column":8},"end":{"line":55,"column":26}},{"start":{"line":56,"column":8},"end":{"line":56,"column":25}},{"start":{"line":57,"column":8},"end":{"line":57,"column":49}},{"start":{"line":58,"column":8},"end":{"line":58,"column":50}}],"line":55},"17":{"loc":{"start":{"line":60,"column":4},"end":{"line":68,"column":5}},"type":"if","locations":[{"start":{"line":60,"column":4},"end":{"line":68,"column":5}},{"start":{"line":62,"column":11},"end":{"line":68,"column":5}}],"line":60},"18":{"loc":{"start":{"line":66,"column":23},"end":{"line":66,"column":86}},"type":"cond-expr","locations":[{"start":{"line":66,"column":42},"end":{"line":66,"column":74}},{"start":{"line":66,"column":77},"end":{"line":66,"column":86}}],"line":66},"19":{"loc":{"start":{"line":67,"column":6},"end":{"line":67,"column":41}},"type":"if","locations":[{"start":{"line":67,"column":6},"end":{"line":67,"column":41}},{"start":{},"end":{}}],"line":67},"20":{"loc":{"start":{"line":75,"column":28},"end":{"line":75,"column":63}},"type":"default-arg","locations":[{"start":{"line":75,"column":54},"end":{"line":75,"column":63}}],"line":75},"21":{"loc":{"start":{"line":85,"column":4},"end":{"line":87,"column":12}},"type":"cond-expr","locations":[{"start":{"line":86,"column":8},"end":{"line":86,"column":44}},{"start":{"line":87,"column":8},"end":{"line":87,"column":12}}],"line":85},"22":{"loc":{"start":{"line":85,"column":4},"end":{"line":85,"column":67}},"type":"binary-expr","locations":[{"start":{"line":85,"column":4},"end":{"line":85,"column":22}},{"start":{"line":85,"column":26},"end":{"line":85,"column":67}}],"line":85}},"s":{"0":0,"1":0,"2":0,"3":0,"4":0,"5":0,"6":0,"7":0,"8":0,"9":0,"10":0,"11":0,"12":0,"13":0,"14":0,"15":0,"16":0,"17":0,"18":0,"19":0,"20":0,"21":0,"22":0,"23":0,"24":0,"25":0,"26":0,"27":0,"28":0,"29":0,"30":0,"31":0,"32":0,"33":0,"34":0,"35":0,"36":0,"37":0,"38":0,"39":0,"40":0,"41":0,"42":0,"43":0,"44":0,"45":0},"f":{"0":0,"1":0,"2":0,"3":0,"4":0,"5":0,"6":0,"7":0,"8":0,"9":0,"10":0},"b":{"0":[0,0],"1":[0,0],"2":[0,0],"3":[0,0],"4":[0,0,0],"5":[0,0],"6":[0,0],"7":[0,0],"8":[0,0],"9":[0,0],"10":[0,0],"11":[0,0],"12":[0,0],"13":[0,0],"14":[0,0],"15":[0,0],"16":[0,0,0,0],"17":[0,0],"18":[0,0],"19":[0,0],"20":[0],"21":[0,0],"22":[0,0]}}
,"/Users/royzheng/Desktop/Rekkus/lib/hooks/useFollowingFeed.ts": {"path":"/Users/royzheng/Desktop/Rekkus/lib/hooks/useFollowingFeed.ts","statementMap":{"0":{"start":{"line":9,"column":16},"end":{"line":9,"column":38}},"1":{"start":{"line":10,"column":19},"end":{"line":12,"column":8}},"2":{"start":{"line":13,"column":23},"end":{"line":13,"column":55}},"3":{"start":{"line":14,"column":23},"end":{"line":14,"column":72}},"4":{"start":{"line":15,"column":28},"end":{"line":15,"column":106}},"5":{"start":{"line":16,"column":2},"end":{"line":16,"column":72}},"6":{"start":{"line":20,"column":20},"end":{"line":20,"column":30}},"7":{"start":{"line":21,"column":19},"end":{"line":21,"column":28}},"8":{"start":{"line":22,"column":52},"end":{"line":22,"column":83}},"9":{"start":{"line":24,"column":2},"end":{"line":30,"column":16}},"10":{"start":{"line":25,"column":4},"end":{"line":28,"column":5}},"11":{"start":{"line":26,"column":6},"end":{"line":26,"column":30}},"12":{"start":{"line":27,"column":6},"end":{"line":27,"column":12}},"13":{"start":{"line":29,"column":4},"end":{"line":29,"column":62}},"14":{"start":{"line":32,"column":19},"end":{"line":38,"column":32}},"15":{"start":{"line":33,"column":4},"end":{"line":33,"column":37}},"16":{"start":{"line":33,"column":28},"end":{"line":33,"column":37}},"17":{"start":{"line":34,"column":4},"end":{"line":34,"column":49}},"18":{"start":{"line":34,"column":40},"end":{"line":34,"column":49}},"19":{"start":{"line":35,"column":4},"end":{"line":37,"column":5}},"20":{"start":{"line":35,"column":33},"end":{"line":35,"column":70}},"21":{"start":{"line":36,"column":16},"end":{"line":36,"column":67}},"22":{"start":{"line":40,"column":2},"end":{"line":40,"column":66}}},"fnMap":{"0":{"name":"computeFollowingScore","decl":{"start":{"line":8,"column":9},"end":{"line":8,"column":30}},"loc":{"start":{"line":8,"column":51},"end":{"line":17,"column":1}},"line":8},"1":{"name":"useFollowingFeed","decl":{"start":{"line":19,"column":16},"end":{"line":19,"column":32}},"loc":{"start":{"line":19,"column":73},"end":{"line":41,"column":1}},"line":19},"2":{"name":"(anonymous_2)","decl":{"start":{"line":24,"column":12},"end":{"line":24,"column":13}},"loc":{"start":{"line":24,"column":18},"end":{"line":30,"column":3}},"line":24},"3":{"name":"(anonymous_3)","decl":{"start":{"line":32,"column":27},"end":{"line":32,"column":28}},"loc":{"start":{"line":32,"column":33},"end":{"line":38,"column":3}},"line":32},"4":{"name":"(anonymous_4)","decl":{"start":{"line":35,"column":28},"end":{"line":35,"column":29}},"loc":{"start":{"line":35,"column":33},"end":{"line":35,"column":70}},"line":35},"5":{"name":"(anonymous_5)","decl":{"start":{"line":36,"column":6},"end":{"line":36,"column":7}},"loc":{"start":{"line":36,"column":16},"end":{"line":36,"column":67}},"line":36}},"branchMap":{"0":{"loc":{"start":{"line":10,"column":19},"end":{"line":12,"column":8}},"type":"cond-expr","locations":[{"start":{"line":11,"column":6},"end":{"line":11,"column":75}},{"start":{"line":12,"column":6},"end":{"line":12,"column":8}}],"line":10},"1":{"loc":{"start":{"line":14,"column":23},"end":{"line":14,"column":72}},"type":"cond-expr","locations":[{"start":{"line":14,"column":42},"end":{"line":14,"column":45}},{"start":{"line":14,"column":48},"end":{"line":14,"column":72}}],"line":14},"2":{"loc":{"start":{"line":14,"column":48},"end":{"line":14,"column":72}},"type":"cond-expr","locations":[{"start":{"line":14,"column":65},"end":{"line":14,"column":68}},{"start":{"line":14,"column":71},"end":{"line":14,"column":72}}],"line":14},"3":{"loc":{"start":{"line":15,"column":29},"end":{"line":15,"column":51}},"type":"cond-expr","locations":[{"start":{"line":15,"column":45},"end":{"line":15,"column":47}},{"start":{"line":15,"column":50},"end":{"line":15,"column":51}}],"line":15},"4":{"loc":{"start":{"line":15,"column":56},"end":{"line":15,"column":82}},"type":"cond-expr","locations":[{"start":{"line":15,"column":76},"end":{"line":15,"column":78}},{"start":{"line":15,"column":81},"end":{"line":15,"column":82}}],"line":15},"5":{"loc":{"start":{"line":15,"column":87},"end":{"line":15,"column":105}},"type":"cond-expr","locations":[{"start":{"line":15,"column":99},"end":{"line":15,"column":101}},{"start":{"line":15,"column":104},"end":{"line":15,"column":105}}],"line":15},"6":{"loc":{"start":{"line":25,"column":4},"end":{"line":28,"column":5}},"type":"if","locations":[{"start":{"line":25,"column":4},"end":{"line":28,"column":5}},{"start":{},"end":{}}],"line":25},"7":{"loc":{"start":{"line":33,"column":4},"end":{"line":33,"column":37}},"type":"if","locations":[{"start":{"line":33,"column":4},"end":{"line":33,"column":37}},{"start":{},"end":{}}],"line":33},"8":{"loc":{"start":{"line":34,"column":4},"end":{"line":34,"column":49}},"type":"if","locations":[{"start":{"line":34,"column":4},"end":{"line":34,"column":49}},{"start":{},"end":{}}],"line":34}},"s":{"0":0,"1":0,"2":0,"3":0,"4":0,"5":0,"6":0,"7":0,"8":0,"9":0,"10":0,"11":0,"12":0,"13":0,"14":0,"15":0,"16":0,"17":0,"18":0,"19":0,"20":0,"21":0,"22":0},"f":{"0":0,"1":0,"2":0,"3":0,"4":0,"5":0},"b":{"0":[0,0],"1":[0,0],"2":[0,0],"3":[0,0],"4":[0,0],"5":[0,0],"6":[0,0],"7":[0,0],"8":[0,0]}}
,"/Users/royzheng/Desktop/Rekkus/lib/hooks/useLikedPosts.ts": {"path":"/Users/royzheng/Desktop/Rekkus/lib/hooks/useLikedPosts.ts","statementMap":{"0":{"start":{"line":7,"column":38},"end":{"line":7,"column":58}},"1":{"start":{"line":8,"column":40},"end":{"line":8,"column":55}},"2":{"start":{"line":9,"column":32},"end":{"line":9,"column":47}},"3":{"start":{"line":10,"column":38},"end":{"line":10,"column":53}},"4":{"start":{"line":11,"column":28},"end":{"line":11,"column":57}},"5":{"start":{"line":12,"column":20},"end":{"line":12,"column":47}},"6":{"start":{"line":14,"column":21},"end":{"line":29,"column":14}},"7":{"start":{"line":15,"column":4},"end":{"line":19,"column":5}},"8":{"start":{"line":16,"column":6},"end":{"line":16,"column":23}},"9":{"start":{"line":17,"column":6},"end":{"line":17,"column":23}},"10":{"start":{"line":18,"column":6},"end":{"line":18,"column":12}},"11":{"start":{"line":20,"column":4},"end":{"line":20,"column":18}},"12":{"start":{"line":21,"column":4},"end":{"line":28,"column":5}},"13":{"start":{"line":22,"column":35},"end":{"line":22,"column":74}},"14":{"start":{"line":23,"column":6},"end":{"line":23,"column":59}},"15":{"start":{"line":23,"column":39},"end":{"line":23,"column":57}},"16":{"start":{"line":24,"column":6},"end":{"line":24,"column":36}},"17":{"start":{"line":25,"column":6},"end":{"line":25,"column":37}},"18":{"start":{"line":27,"column":6},"end":{"line":27,"column":77}},"19":{"start":{"line":31,"column":19},"end":{"line":44,"column":27}},"20":{"start":{"line":32,"column":4},"end":{"line":32,"column":60}},"21":{"start":{"line":32,"column":54},"end":{"line":32,"column":60}},"22":{"start":{"line":33,"column":4},"end":{"line":33,"column":24}},"23":{"start":{"line":34,"column":4},"end":{"line":42,"column":14}},"24":{"start":{"line":35,"column":35},"end":{"line":35,"column":87}},"25":{"start":{"line":36,"column":6},"end":{"line":39,"column":8}},"26":{"start":{"line":37,"column":23},"end":{"line":37,"column":75}},"27":{"start":{"line":37,"column":42},"end":{"line":37,"column":74}},"28":{"start":{"line":38,"column":8},"end":{"line":38,"column":35}},"29":{"start":{"line":40,"column":6},"end":{"line":40,"column":36}},"30":{"start":{"line":41,"column":6},"end":{"line":41,"column":37}},"31":{"start":{"line":43,"column":4},"end":{"line":43,"column":25}},"32":{"start":{"line":46,"column":18},"end":{"line":57,"column":14}},"33":{"start":{"line":47,"column":4},"end":{"line":47,"column":23}},"34":{"start":{"line":47,"column":17},"end":{"line":47,"column":23}},"35":{"start":{"line":48,"column":4},"end":{"line":48,"column":23}},"36":{"start":{"line":49,"column":4},"end":{"line":49,"column":28}},"37":{"start":{"line":50,"column":4},"end":{"line":55,"column":14}},"38":{"start":{"line":51,"column":35},"end":{"line":51,"column":74}},"39":{"start":{"line":52,"column":6},"end":{"line":52,"column":59}},"40":{"start":{"line":52,"column":39},"end":{"line":52,"column":57}},"41":{"start":{"line":53,"column":6},"end":{"line":53,"column":36}},"42":{"start":{"line":54,"column":6},"end":{"line":54,"column":37}},"43":{"start":{"line":56,"column":4},"end":{"line":56,"column":24}},"44":{"start":{"line":59,"column":2},"end":{"line":63,"column":3}},"45":{"start":{"line":61,"column":6},"end":{"line":61,"column":18}},"46":{"start":{"line":65,"column":2},"end":{"line":65,"column":83}}},"fnMap":{"0":{"name":"useLikedPosts","decl":{"start":{"line":6,"column":16},"end":{"line":6,"column":29}},"loc":{"start":{"line":6,"column":58},"end":{"line":66,"column":1}},"line":6},"1":{"name":"(anonymous_1)","decl":{"start":{"line":14,"column":33},"end":{"line":14,"column":34}},"loc":{"start":{"line":14,"column":45},"end":{"line":29,"column":3}},"line":14},"2":{"name":"(anonymous_2)","decl":{"start":{"line":23,"column":29},"end":{"line":23,"column":30}},"loc":{"start":{"line":23,"column":39},"end":{"line":23,"column":57}},"line":23},"3":{"name":"(anonymous_3)","decl":{"start":{"line":31,"column":31},"end":{"line":31,"column":32}},"loc":{"start":{"line":31,"column":43},"end":{"line":44,"column":3}},"line":31},"4":{"name":"(anonymous_4)","decl":{"start":{"line":36,"column":20},"end":{"line":36,"column":21}},"loc":{"start":{"line":36,"column":28},"end":{"line":39,"column":7}},"line":36},"5":{"name":"(anonymous_5)","decl":{"start":{"line":37,"column":32},"end":{"line":37,"column":33}},"loc":{"start":{"line":37,"column":42},"end":{"line":37,"column":74}},"line":37},"6":{"name":"(anonymous_6)","decl":{"start":{"line":46,"column":30},"end":{"line":46,"column":31}},"loc":{"start":{"line":46,"column":42},"end":{"line":57,"column":3}},"line":46},"7":{"name":"(anonymous_7)","decl":{"start":{"line":52,"column":29},"end":{"line":52,"column":30}},"loc":{"start":{"line":52,"column":39},"end":{"line":52,"column":57}},"line":52},"8":{"name":"(anonymous_8)","decl":{"start":{"line":60,"column":16},"end":{"line":60,"column":17}},"loc":{"start":{"line":60,"column":22},"end":{"line":62,"column":5}},"line":60}},"branchMap":{"0":{"loc":{"start":{"line":15,"column":4},"end":{"line":19,"column":5}},"type":"if","locations":[{"start":{"line":15,"column":4},"end":{"line":19,"column":5}},{"start":{},"end":{}}],"line":15},"1":{"loc":{"start":{"line":27,"column":15},"end":{"line":27,"column":76}},"type":"cond-expr","locations":[{"start":{"line":27,"column":36},"end":{"line":27,"column":45}},{"start":{"line":27,"column":48},"end":{"line":27,"column":76}}],"line":27},"2":{"loc":{"start":{"line":32,"column":4},"end":{"line":32,"column":60}},"type":"if","locations":[{"start":{"line":32,"column":4},"end":{"line":32,"column":60}},{"start":{},"end":{}}],"line":32},"3":{"loc":{"start":{"line":32,"column":8},"end":{"line":32,"column":52}},"type":"binary-expr","locations":[{"start":{"line":32,"column":8},"end":{"line":32,"column":15}},{"start":{"line":32,"column":19},"end":{"line":32,"column":37}},{"start":{"line":32,"column":41},"end":{"line":32,"column":52}}],"line":32},"4":{"loc":{"start":{"line":47,"column":4},"end":{"line":47,"column":23}},"type":"if","locations":[{"start":{"line":47,"column":4},"end":{"line":47,"column":23}},{"start":{},"end":{}}],"line":47}},"s":{"0":0,"1":0,"2":0,"3":0,"4":0,"5":0,"6":0,"7":0,"8":0,"9":0,"10":0,"11":0,"12":0,"13":0,"14":0,"15":0,"16":0,"17":0,"18":0,"19":0,"20":0,"21":0,"22":0,"23":0,"24":0,"25":0,"26":0,"27":0,"28":0,"29":0,"30":0,"31":0,"32":0,"33":0,"34":0,"35":0,"36":0,"37":0,"38":0,"39":0,"40":0,"41":0,"42":0,"43":0,"44":0,"45":0,"46":0},"f":{"0":0,"1":0,"2":0,"3":0,"4":0,"5":0,"6":0,"7":0,"8":0},"b":{"0":[0,0],"1":[0,0],"2":[0,0],"3":[0,0,0],"4":[0,0]}}
,"/Users/royzheng/Desktop/Rekkus/lib/hooks/usePagedList.ts": {"path":"/Users/royzheng/Desktop/Rekkus/lib/hooks/usePagedList.ts","statementMap":{"0":{"start":{"line":4,"column":42},"end":{"line":4,"column":60}},"1":{"start":{"line":5,"column":18},"end":{"line":5,"column":84}},"2":{"start":{"line":5,"column":32},"end":{"line":5,"column":60}},"3":{"start":{"line":6,"column":18},"end":{"line":6,"column":45}},"4":{"start":{"line":7,"column":19},"end":{"line":7,"column":84}},"5":{"start":{"line":7,"column":37},"end":{"line":7,"column":71}},"6":{"start":{"line":7,"column":58},"end":{"line":7,"column":70}},"7":{"start":{"line":8,"column":2},"end":{"line":8,"column":39}}},"fnMap":{"0":{"name":"usePagedList","decl":{"start":{"line":3,"column":16},"end":{"line":3,"column":28}},"loc":{"start":{"line":3,"column":59},"end":{"line":9,"column":1}},"line":3},"1":{"name":"(anonymous_1)","decl":{"start":{"line":5,"column":26},"end":{"line":5,"column":27}},"loc":{"start":{"line":5,"column":32},"end":{"line":5,"column":60}},"line":5},"2":{"name":"(anonymous_2)","decl":{"start":{"line":7,"column":31},"end":{"line":7,"column":32}},"loc":{"start":{"line":7,"column":37},"end":{"line":7,"column":71}},"line":7},"3":{"name":"(anonymous_3)","decl":{"start":{"line":7,"column":53},"end":{"line":7,"column":54}},"loc":{"start":{"line":7,"column":58},"end":{"line":7,"column":70}},"line":7}},"branchMap":{"0":{"loc":{"start":{"line":3,"column":44},"end":{"line":3,"column":57}},"type":"default-arg","locations":[{"start":{"line":3,"column":55},"end":{"line":3,"column":57}}],"line":3}},"s":{"0":0,"1":0,"2":0,"3":0,"4":0,"5":0,"6":0,"7":0},"f":{"0":0,"1":0,"2":0,"3":0},"b":{"0":[0]}}
,"/Users/royzheng/Desktop/Rekkus/lib/hooks/usePopularityCache.ts": {"path":"/Users/royzheng/Desktop/Rekkus/lib/hooks/usePopularityCache.ts","statementMap":{"0":{"start":{"line":9,"column":48},"end":{"line":9,"column":100}},"1":{"start":{"line":10,"column":19},"end":{"line":10,"column":46}},"2":{"start":{"line":12,"column":2},"end":{"line":22,"column":8}},"3":{"start":{"line":13,"column":4},"end":{"line":13,"column":48}},"4":{"start":{"line":13,"column":42},"end":{"line":13,"column":48}},"5":{"start":{"line":14,"column":16},"end":{"line":14,"column":26}},"6":{"start":{"line":15,"column":4},"end":{"line":15,"column":75}},"7":{"start":{"line":15,"column":69},"end":{"line":15,"column":75}},"8":{"start":{"line":16,"column":4},"end":{"line":21,"column":6}},"9":{"start":{"line":17,"column":18},"end":{"line":17,"column":55}},"10":{"start":{"line":18,"column":6},"end":{"line":18,"column":61}},"11":{"start":{"line":18,"column":30},"end":{"line":18,"column":61}},"12":{"start":{"line":19,"column":6},"end":{"line":19,"column":29}},"13":{"start":{"line":20,"column":6},"end":{"line":20,"column":35}},"14":{"start":{"line":24,"column":2},"end":{"line":24,"column":24}}},"fnMap":{"0":{"name":"usePopularityCache","decl":{"start":{"line":8,"column":16},"end":{"line":8,"column":34}},"loc":{"start":{"line":8,"column":70},"end":{"line":25,"column":1}},"line":8},"1":{"name":"(anonymous_1)","decl":{"start":{"line":12,"column":12},"end":{"line":12,"column":13}},"loc":{"start":{"line":12,"column":18},"end":{"line":22,"column":3}},"line":12},"2":{"name":"(anonymous_2)","decl":{"start":{"line":16,"column":36},"end":{"line":16,"column":37}},"loc":{"start":{"line":16,"column":44},"end":{"line":21,"column":5}},"line":16}},"branchMap":{"0":{"loc":{"start":{"line":13,"column":4},"end":{"line":13,"column":48}},"type":"if","locations":[{"start":{"line":13,"column":4},"end":{"line":13,"column":48}},{"start":{},"end":{}}],"line":13},"1":{"loc":{"start":{"line":15,"column":4},"end":{"line":15,"column":75}},"type":"if","locations":[{"start":{"line":15,"column":4},"end":{"line":15,"column":75}},{"start":{},"end":{}}],"line":15},"2":{"loc":{"start":{"line":15,"column":8},"end":{"line":15,"column":67}},"type":"binary-expr","locations":[{"start":{"line":15,"column":8},"end":{"line":15,"column":24}},{"start":{"line":15,"column":28},"end":{"line":15,"column":67}}],"line":15}},"s":{"0":0,"1":0,"2":0,"3":0,"4":0,"5":0,"6":0,"7":0,"8":0,"9":0,"10":0,"11":0,"12":0,"13":0,"14":0},"f":{"0":0,"1":0,"2":0},"b":{"0":[0,0],"1":[0,0],"2":[0,0]}}
,"/Users/royzheng/Desktop/Rekkus/lib/hooks/usePostVisitPrompt.ts": {"path":"/Users/royzheng/Desktop/Rekkus/lib/hooks/usePostVisitPrompt.ts","statementMap":{"0":{"start":{"line":6,"column":24},"end":{"line":6,"column":27}},"1":{"start":{"line":13,"column":2},"end":{"line":30,"column":27}},"2":{"start":{"line":14,"column":4},"end":{"line":14,"column":56}},"3":{"start":{"line":14,"column":45},"end":{"line":14,"column":56}},"4":{"start":{"line":16,"column":40},"end":{"line":16,"column":44}},"5":{"start":{"line":17,"column":22},"end":{"line":17,"column":30}},"6":{"start":{"line":19,"column":4},"end":{"line":27,"column":5}},"7":{"start":{"line":20,"column":16},"end":{"line":20,"column":31}},"8":{"start":{"line":21,"column":6},"end":{"line":21,"column":49}},"9":{"start":{"line":21,"column":41},"end":{"line":21,"column":49}},"10":{"start":{"line":22,"column":19},"end":{"line":22,"column":73}},"11":{"start":{"line":23,"column":6},"end":{"line":26,"column":7}},"12":{"start":{"line":24,"column":8},"end":{"line":24,"column":21}},"13":{"start":{"line":25,"column":8},"end":{"line":25,"column":26}},"14":{"start":{"line":29,"column":4},"end":{"line":29,"column":18}}},"fnMap":{"0":{"name":"usePostVisitPrompt","decl":{"start":{"line":9,"column":16},"end":{"line":9,"column":34}},"loc":{"start":{"line":12,"column":24},"end":{"line":31,"column":1}},"line":12},"1":{"name":"(anonymous_1)","decl":{"start":{"line":13,"column":17},"end":{"line":13,"column":18}},"loc":{"start":{"line":13,"column":23},"end":{"line":30,"column":3}},"line":13}},"branchMap":{"0":{"loc":{"start":{"line":14,"column":4},"end":{"line":14,"column":56}},"type":"if","locations":[{"start":{"line":14,"column":4},"end":{"line":14,"column":56}},{"start":{},"end":{}}],"line":14},"1":{"loc":{"start":{"line":14,"column":8},"end":{"line":14,"column":43}},"type":"binary-expr","locations":[{"start":{"line":14,"column":8},"end":{"line":14,"column":12}},{"start":{"line":14,"column":16},"end":{"line":14,"column":43}}],"line":14},"2":{"loc":{"start":{"line":21,"column":6},"end":{"line":21,"column":49}},"type":"if","locations":[{"start":{"line":21,"column":6},"end":{"line":21,"column":49}},{"start":{},"end":{}}],"line":21},"3":{"loc":{"start":{"line":21,"column":10},"end":{"line":21,"column":39}},"type":"binary-expr","locations":[{"start":{"line":21,"column":10},"end":{"line":21,"column":22}},{"start":{"line":21,"column":26},"end":{"line":21,"column":39}}],"line":21},"4":{"loc":{"start":{"line":23,"column":6},"end":{"line":26,"column":7}},"type":"if","locations":[{"start":{"line":23,"column":6},"end":{"line":26,"column":7}},{"start":{},"end":{}}],"line":23},"5":{"loc":{"start":{"line":23,"column":10},"end":{"line":23,"column":55}},"type":"binary-expr","locations":[{"start":{"line":23,"column":10},"end":{"line":23,"column":33}},{"start":{"line":23,"column":37},"end":{"line":23,"column":55}}],"line":23}},"s":{"0":0,"1":0,"2":0,"3":0,"4":0,"5":0,"6":0,"7":0,"8":0,"9":0,"10":0,"11":0,"12":0,"13":0,"14":0},"f":{"0":0,"1":0},"b":{"0":[0,0],"1":[0,0],"2":[0,0],"3":[0,0],"4":[0,0],"5":[0,0]}}
,"/Users/royzheng/Desktop/Rekkus/lib/hooks/usePressScale.ts": {"path":"/Users/royzheng/Desktop/Rekkus/lib/hooks/usePressScale.ts","statementMap":{"0":{"start":{"line":11,"column":23},"end":{"line":11,"column":41}},"1":{"start":{"line":12,"column":16},"end":{"line":12,"column":33}},"2":{"start":{"line":13,"column":24},"end":{"line":15,"column":5}},"3":{"start":{"line":13,"column":48},"end":{"line":15,"column":3}},"4":{"start":{"line":17,"column":20},"end":{"line":20,"column":36}},"5":{"start":{"line":18,"column":4},"end":{"line":18,"column":28}},"6":{"start":{"line":18,"column":22},"end":{"line":18,"column":28}},"7":{"start":{"line":19,"column":4},"end":{"line":19,"column":52}},"8":{"start":{"line":22,"column":21},"end":{"line":25,"column":27}},"9":{"start":{"line":23,"column":4},"end":{"line":23,"column":28}},"10":{"start":{"line":23,"column":22},"end":{"line":23,"column":28}},"11":{"start":{"line":24,"column":4},"end":{"line":24,"column":46}},"12":{"start":{"line":27,"column":2},"end":{"line":27,"column":49}}},"fnMap":{"0":{"name":"usePressScale","decl":{"start":{"line":10,"column":16},"end":{"line":10,"column":29}},"loc":{"start":{"line":10,"column":58},"end":{"line":28,"column":1}},"line":10},"1":{"name":"(anonymous_1)","decl":{"start":{"line":13,"column":41},"end":{"line":13,"column":42}},"loc":{"start":{"line":13,"column":48},"end":{"line":15,"column":3}},"line":13},"2":{"name":"(anonymous_2)","decl":{"start":{"line":17,"column":32},"end":{"line":17,"column":33}},"loc":{"start":{"line":17,"column":38},"end":{"line":20,"column":3}},"line":17},"3":{"name":"(anonymous_3)","decl":{"start":{"line":22,"column":33},"end":{"line":22,"column":34}},"loc":{"start":{"line":22,"column":39},"end":{"line":25,"column":3}},"line":22}},"branchMap":{"0":{"loc":{"start":{"line":10,"column":30},"end":{"line":10,"column":56}},"type":"default-arg","locations":[{"start":{"line":10,"column":40},"end":{"line":10,"column":56}}],"line":10},"1":{"loc":{"start":{"line":18,"column":4},"end":{"line":18,"column":28}},"type":"if","locations":[{"start":{"line":18,"column":4},"end":{"line":18,"column":28}},{"start":{},"end":{}}],"line":18},"2":{"loc":{"start":{"line":23,"column":4},"end":{"line":23,"column":28}},"type":"if","locations":[{"start":{"line":23,"column":4},"end":{"line":23,"column":28}},{"start":{},"end":{}}],"line":23}},"s":{"0":0,"1":0,"2":0,"3":0,"4":0,"5":0,"6":0,"7":0,"8":0,"9":0,"10":0,"11":0,"12":0},"f":{"0":0,"1":0,"2":0,"3":0},"b":{"0":[0],"1":[0,0],"2":[0,0]}}
,"/Users/royzheng/Desktop/Rekkus/lib/hooks/useReducedMotion.ts": {"path":"/Users/royzheng/Desktop/Rekkus/lib/hooks/useReducedMotion.ts","statementMap":{"0":{"start":{"line":4,"column":2},"end":{"line":4,"column":37}}},"fnMap":{"0":{"name":"useReducedMotion","decl":{"start":{"line":3,"column":16},"end":{"line":3,"column":32}},"loc":{"start":{"line":3,"column":35},"end":{"line":5,"column":1}},"line":3}},"branchMap":{},"s":{"0":2},"f":{"0":2},"b":{},"_coverageSchema":"1a1c01bbd47fc00a2c39e90264f33305004495a9","hash":"c7a6fb630a691e2a74e420b777fcb7e68cab0ad7"}
,"/Users/royzheng/Desktop/Rekkus/lib/hooks/useSavedLocations.ts": {"path":"/Users/royzheng/Desktop/Rekkus/lib/hooks/useSavedLocations.ts","statementMap":{"0":{"start":{"line":21,"column":2},"end":{"line":21,"column":112}},"1":{"start":{"line":24,"column":2},"end":{"line":24,"column":99}},"2":{"start":{"line":27,"column":2},"end":{"line":27,"column":37}},"3":{"start":{"line":27,"column":28},"end":{"line":27,"column":37}},"4":{"start":{"line":28,"column":2},"end":{"line":35,"column":7}},"5":{"start":{"line":30,"column":6},"end":{"line":30,"column":45}},"6":{"start":{"line":32,"column":17},"end":{"line":35,"column":5}},"7":{"start":{"line":39,"column":46},"end":{"line":39,"column":75}},"8":{"start":{"line":40,"column":28},"end":{"line":40,"column":57}},"9":{"start":{"line":41,"column":38},"end":{"line":41,"column":53}},"10":{"start":{"line":43,"column":16},"end":{"line":72,"column":14}},"11":{"start":{"line":44,"column":4},"end":{"line":44,"column":23}},"12":{"start":{"line":44,"column":17},"end":{"line":44,"column":23}},"13":{"start":{"line":45,"column":4},"end":{"line":45,"column":18}},"14":{"start":{"line":46,"column":21},"end":{"line":46,"column":59}},"15":{"start":{"line":47,"column":19},"end":{"line":47,"column":68}},"16":{"start":{"line":48,"column":4},"end":{"line":48,"column":41}},"17":{"start":{"line":48,"column":16},"end":{"line":48,"column":41}},"18":{"start":{"line":49,"column":18},"end":{"line":53,"column":19}},"19":{"start":{"line":50,"column":6},"end":{"line":53,"column":19}},"20":{"start":{"line":55,"column":20},"end":{"line":55,"column":54}},"21":{"start":{"line":56,"column":24},"end":{"line":56,"column":36}},"22":{"start":{"line":57,"column":21},"end":{"line":57,"column":34}},"23":{"start":{"line":58,"column":4},"end":{"line":62,"column":5}},"24":{"start":{"line":59,"column":21},"end":{"line":59,"column":62}},"25":{"start":{"line":60,"column":6},"end":{"line":60,"column":24}},"26":{"start":{"line":61,"column":6},"end":{"line":61,"column":31}},"27":{"start":{"line":63,"column":4},"end":{"line":66,"column":5}},"28":{"start":{"line":64,"column":6},"end":{"line":64,"column":34}},"29":{"start":{"line":65,"column":6},"end":{"line":65,"column":12}},"30":{"start":{"line":67,"column":4},"end":{"line":71,"column":5}},"31":{"start":{"line":68,"column":25},"end":{"line":68,"column":52}},"32":{"start":{"line":69,"column":6},"end":{"line":69,"column":35}},"33":{"start":{"line":70,"column":6},"end":{"line":70,"column":45}},"34":{"start":{"line":74,"column":18},"end":{"line":78,"column":13}},"35":{"start":{"line":75,"column":4},"end":{"line":75,"column":23}},"36":{"start":{"line":76,"column":4},"end":{"line":76,"column":17}},"37":{"start":{"line":77,"column":4},"end":{"line":77,"column":24}},"38":{"start":{"line":80,"column":2},"end":{"line":84,"column":3}},"39":{"start":{"line":82,"column":6},"end":{"line":82,"column":13}},"40":{"start":{"line":86,"column":2},"end":{"line":86,"column":55}}},"fnMap":{"0":{"name":"withDefaultSaveStatus","decl":{"start":{"line":26,"column":9},"end":{"line":26,"column":30}},"loc":{"start":{"line":26,"column":63},"end":{"line":36,"column":1}},"line":26},"1":{"name":"(anonymous_1)","decl":{"start":{"line":29,"column":12},"end":{"line":29,"column":13}},"loc":{"start":{"line":30,"column":6},"end":{"line":30,"column":45}},"line":30},"2":{"name":"(anonymous_2)","decl":{"start":{"line":32,"column":9},"end":{"line":32,"column":10}},"loc":{"start":{"line":32,"column":17},"end":{"line":35,"column":5}},"line":32},"3":{"name":"useSavedLocations","decl":{"start":{"line":38,"column":16},"end":{"line":38,"column":33}},"loc":{"start":{"line":38,"column":62},"end":{"line":87,"column":1}},"line":38},"4":{"name":"(anonymous_4)","decl":{"start":{"line":43,"column":28},"end":{"line":43,"column":29}},"loc":{"start":{"line":43,"column":40},"end":{"line":72,"column":3}},"line":43},"5":{"name":"(anonymous_5)","decl":{"start":{"line":49,"column":18},"end":{"line":49,"column":19}},"loc":{"start":{"line":50,"column":6},"end":{"line":53,"column":19}},"line":50},"6":{"name":"(anonymous_6)","decl":{"start":{"line":74,"column":30},"end":{"line":74,"column":31}},"loc":{"start":{"line":74,"column":42},"end":{"line":78,"column":3}},"line":74},"7":{"name":"(anonymous_7)","decl":{"start":{"line":81,"column":16},"end":{"line":81,"column":17}},"loc":{"start":{"line":81,"column":22},"end":{"line":83,"column":5}},"line":81}},"branchMap":{"0":{"loc":{"start":{"line":27,"column":2},"end":{"line":27,"column":37}},"type":"if","locations":[{"start":{"line":27,"column":2},"end":{"line":27,"column":37}},{"start":{},"end":{}}],"line":27},"1":{"loc":{"start":{"line":30,"column":6},"end":{"line":30,"column":45}},"type":"binary-expr","locations":[{"start":{"line":30,"column":6},"end":{"line":30,"column":29}},{"start":{"line":30,"column":33},"end":{"line":30,"column":45}}],"line":30},"2":{"loc":{"start":{"line":34,"column":19},"end":{"line":34,"column":51}},"type":"binary-expr","locations":[{"start":{"line":34,"column":19},"end":{"line":34,"column":34}},{"start":{"line":34,"column":38},"end":{"line":34,"column":51}}],"line":34},"3":{"loc":{"start":{"line":44,"column":4},"end":{"line":44,"column":23}},"type":"if","locations":[{"start":{"line":44,"column":4},"end":{"line":44,"column":23}},{"start":{},"end":{}}],"line":44},"4":{"loc":{"start":{"line":48,"column":4},"end":{"line":48,"column":41}},"type":"if","locations":[{"start":{"line":48,"column":4},"end":{"line":48,"column":41}},{"start":{},"end":{}}],"line":48},"5":{"loc":{"start":{"line":58,"column":4},"end":{"line":62,"column":5}},"type":"if","locations":[{"start":{"line":58,"column":4},"end":{"line":62,"column":5}},{"start":{},"end":{}}],"line":58},"6":{"loc":{"start":{"line":63,"column":4},"end":{"line":66,"column":5}},"type":"if","locations":[{"start":{"line":63,"column":4},"end":{"line":66,"column":5}},{"start":{},"end":{}}],"line":63},"7":{"loc":{"start":{"line":67,"column":4},"end":{"line":71,"column":5}},"type":"if","locations":[{"start":{"line":67,"column":4},"end":{"line":71,"column":5}},{"start":{},"end":{}}],"line":67}},"s":{"0":0,"1":0,"2":0,"3":0,"4":0,"5":0,"6":0,"7":0,"8":0,"9":0,"10":0,"11":0,"12":0,"13":0,"14":0,"15":0,"16":0,"17":0,"18":0,"19":0,"20":0,"21":0,"22":0,"23":0,"24":0,"25":0,"26":0,"27":0,"28":0,"29":0,"30":0,"31":0,"32":0,"33":0,"34":0,"35":0,"36":0,"37":0,"38":0,"39":0,"40":0},"f":{"0":0,"1":0,"2":0,"3":0,"4":0,"5":0,"6":0,"7":0},"b":{"0":[0,0],"1":[0,0],"2":[0,0],"3":[0,0],"4":[0,0],"5":[0,0],"6":[0,0],"7":[0,0]}}
,"/Users/royzheng/Desktop/Rekkus/lib/hooks/useSavedPosts.ts": {"path":"/Users/royzheng/Desktop/Rekkus/lib/hooks/useSavedPosts.ts","statementMap":{"0":{"start":{"line":7,"column":26},"end":{"line":7,"column":80}},"1":{"start":{"line":7,"column":46},"end":{"line":7,"column":80}},"2":{"start":{"line":10,"column":38},"end":{"line":10,"column":58}},"3":{"start":{"line":11,"column":32},"end":{"line":11,"column":47}},"4":{"start":{"line":12,"column":40},"end":{"line":12,"column":55}},"5":{"start":{"line":13,"column":32},"end":{"line":13,"column":47}},"6":{"start":{"line":14,"column":38},"end":{"line":14,"column":53}},"7":{"start":{"line":15,"column":28},"end":{"line":15,"column":57}},"8":{"start":{"line":16,"column":20},"end":{"line":16,"column":47}},"9":{"start":{"line":18,"column":21},"end":{"line":39,"column":14}},"10":{"start":{"line":19,"column":4},"end":{"line":23,"column":5}},"11":{"start":{"line":20,"column":6},"end":{"line":20,"column":23}},"12":{"start":{"line":21,"column":6},"end":{"line":21,"column":23}},"13":{"start":{"line":22,"column":6},"end":{"line":22,"column":12}},"14":{"start":{"line":24,"column":4},"end":{"line":24,"column":20}},"15":{"start":{"line":25,"column":4},"end":{"line":25,"column":18}},"16":{"start":{"line":26,"column":19},"end":{"line":26,"column":76}},"17":{"start":{"line":27,"column":4},"end":{"line":27,"column":37}},"18":{"start":{"line":27,"column":16},"end":{"line":27,"column":37}},"19":{"start":{"line":28,"column":4},"end":{"line":37,"column":5}},"20":{"start":{"line":29,"column":35},"end":{"line":29,"column":74}},"21":{"start":{"line":30,"column":21},"end":{"line":30,"column":59}},"22":{"start":{"line":30,"column":40},"end":{"line":30,"column":58}},"23":{"start":{"line":31,"column":6},"end":{"line":31,"column":27}},"24":{"start":{"line":32,"column":6},"end":{"line":32,"column":58}},"25":{"start":{"line":33,"column":6},"end":{"line":33,"column":36}},"26":{"start":{"line":34,"column":6},"end":{"line":34,"column":37}},"27":{"start":{"line":36,"column":6},"end":{"line":36,"column":77}},"28":{"start":{"line":38,"column":4},"end":{"line":38,"column":21}},"29":{"start":{"line":41,"column":19},"end":{"line":54,"column":27}},"30":{"start":{"line":42,"column":4},"end":{"line":42,"column":60}},"31":{"start":{"line":42,"column":54},"end":{"line":42,"column":60}},"32":{"start":{"line":43,"column":4},"end":{"line":43,"column":24}},"33":{"start":{"line":44,"column":4},"end":{"line":52,"column":14}},"34":{"start":{"line":45,"column":35},"end":{"line":45,"column":87}},"35":{"start":{"line":46,"column":6},"end":{"line":49,"column":8}},"36":{"start":{"line":47,"column":23},"end":{"line":47,"column":75}},"37":{"start":{"line":47,"column":42},"end":{"line":47,"column":74}},"38":{"start":{"line":48,"column":8},"end":{"line":48,"column":35}},"39":{"start":{"line":50,"column":6},"end":{"line":50,"column":36}},"40":{"start":{"line":51,"column":6},"end":{"line":51,"column":37}},"41":{"start":{"line":53,"column":4},"end":{"line":53,"column":25}},"42":{"start":{"line":56,"column":18},"end":{"line":69,"column":14}},"43":{"start":{"line":57,"column":4},"end":{"line":57,"column":23}},"44":{"start":{"line":57,"column":17},"end":{"line":57,"column":23}},"45":{"start":{"line":58,"column":4},"end":{"line":58,"column":23}},"46":{"start":{"line":59,"column":4},"end":{"line":59,"column":28}},"47":{"start":{"line":60,"column":4},"end":{"line":67,"column":14}},"48":{"start":{"line":61,"column":35},"end":{"line":61,"column":74}},"49":{"start":{"line":62,"column":21},"end":{"line":62,"column":59}},"50":{"start":{"line":62,"column":40},"end":{"line":62,"column":58}},"51":{"start":{"line":63,"column":6},"end":{"line":63,"column":27}},"52":{"start":{"line":64,"column":6},"end":{"line":64,"column":58}},"53":{"start":{"line":65,"column":6},"end":{"line":65,"column":36}},"54":{"start":{"line":66,"column":6},"end":{"line":66,"column":37}},"55":{"start":{"line":68,"column":4},"end":{"line":68,"column":24}},"56":{"start":{"line":71,"column":2},"end":{"line":75,"column":3}},"57":{"start":{"line":73,"column":6},"end":{"line":73,"column":18}},"58":{"start":{"line":77,"column":2},"end":{"line":77,"column":92}}},"fnMap":{"0":{"name":"(anonymous_0)","decl":{"start":{"line":7,"column":26},"end":{"line":7,"column":27}},"loc":{"start":{"line":7,"column":46},"end":{"line":7,"column":80}},"line":7},"1":{"name":"useSavedPosts","decl":{"start":{"line":9,"column":16},"end":{"line":9,"column":29}},"loc":{"start":{"line":9,"column":58},"end":{"line":78,"column":1}},"line":9},"2":{"name":"(anonymous_2)","decl":{"start":{"line":18,"column":33},"end":{"line":18,"column":34}},"loc":{"start":{"line":18,"column":45},"end":{"line":39,"column":3}},"line":18},"3":{"name":"(anonymous_3)","decl":{"start":{"line":30,"column":30},"end":{"line":30,"column":31}},"loc":{"start":{"line":30,"column":40},"end":{"line":30,"column":58}},"line":30},"4":{"name":"(anonymous_4)","decl":{"start":{"line":41,"column":31},"end":{"line":41,"column":32}},"loc":{"start":{"line":41,"column":43},"end":{"line":54,"column":3}},"line":41},"5":{"name":"(anonymous_5)","decl":{"start":{"line":46,"column":20},"end":{"line":46,"column":21}},"loc":{"start":{"line":46,"column":28},"end":{"line":49,"column":7}},"line":46},"6":{"name":"(anonymous_6)","decl":{"start":{"line":47,"column":32},"end":{"line":47,"column":33}},"loc":{"start":{"line":47,"column":42},"end":{"line":47,"column":74}},"line":47},"7":{"name":"(anonymous_7)","decl":{"start":{"line":56,"column":30},"end":{"line":56,"column":31}},"loc":{"start":{"line":56,"column":42},"end":{"line":69,"column":3}},"line":56},"8":{"name":"(anonymous_8)","decl":{"start":{"line":62,"column":30},"end":{"line":62,"column":31}},"loc":{"start":{"line":62,"column":40},"end":{"line":62,"column":58}},"line":62},"9":{"name":"(anonymous_9)","decl":{"start":{"line":72,"column":16},"end":{"line":72,"column":17}},"loc":{"start":{"line":72,"column":22},"end":{"line":74,"column":5}},"line":72}},"branchMap":{"0":{"loc":{"start":{"line":19,"column":4},"end":{"line":23,"column":5}},"type":"if","locations":[{"start":{"line":19,"column":4},"end":{"line":23,"column":5}},{"start":{},"end":{}}],"line":19},"1":{"loc":{"start":{"line":27,"column":4},"end":{"line":27,"column":37}},"type":"if","locations":[{"start":{"line":27,"column":4},"end":{"line":27,"column":37}},{"start":{},"end":{}}],"line":27},"2":{"loc":{"start":{"line":36,"column":15},"end":{"line":36,"column":76}},"type":"cond-expr","locations":[{"start":{"line":36,"column":36},"end":{"line":36,"column":45}},{"start":{"line":36,"column":48},"end":{"line":36,"column":76}}],"line":36},"3":{"loc":{"start":{"line":42,"column":4},"end":{"line":42,"column":60}},"type":"if","locations":[{"start":{"line":42,"column":4},"end":{"line":42,"column":60}},{"start":{},"end":{}}],"line":42},"4":{"loc":{"start":{"line":42,"column":8},"end":{"line":42,"column":52}},"type":"binary-expr","locations":[{"start":{"line":42,"column":8},"end":{"line":42,"column":15}},{"start":{"line":42,"column":19},"end":{"line":42,"column":37}},{"start":{"line":42,"column":41},"end":{"line":42,"column":52}}],"line":42},"5":{"loc":{"start":{"line":57,"column":4},"end":{"line":57,"column":23}},"type":"if","locations":[{"start":{"line":57,"column":4},"end":{"line":57,"column":23}},{"start":{},"end":{}}],"line":57}},"s":{"0":0,"1":0,"2":0,"3":0,"4":0,"5":0,"6":0,"7":0,"8":0,"9":0,"10":0,"11":0,"12":0,"13":0,"14":0,"15":0,"16":0,"17":0,"18":0,"19":0,"20":0,"21":0,"22":0,"23":0,"24":0,"25":0,"26":0,"27":0,"28":0,"29":0,"30":0,"31":0,"32":0,"33":0,"34":0,"35":0,"36":0,"37":0,"38":0,"39":0,"40":0,"41":0,"42":0,"43":0,"44":0,"45":0,"46":0,"47":0,"48":0,"49":0,"50":0,"51":0,"52":0,"53":0,"54":0,"55":0,"56":0,"57":0,"58":0},"f":{"0":0,"1":0,"2":0,"3":0,"4":0,"5":0,"6":0,"7":0,"8":0,"9":0},"b":{"0":[0,0],"1":[0,0],"2":[0,0],"3":[0,0],"4":[0,0,0],"5":[0,0]}}
,"/Users/royzheng/Desktop/Rekkus/lib/hooks/useSavedRestaurants.ts": {"path":"/Users/royzheng/Desktop/Rekkus/lib/hooks/useSavedRestaurants.ts","statementMap":{"0":{"start":{"line":5,"column":54},"end":{"line":5,"column":86}},"1":{"start":{"line":7,"column":2},"end":{"line":19,"column":14}},"2":{"start":{"line":8,"column":4},"end":{"line":11,"column":5}},"3":{"start":{"line":9,"column":6},"end":{"line":9,"column":38}},"4":{"start":{"line":10,"column":6},"end":{"line":10,"column":12}},"5":{"start":{"line":12,"column":4},"end":{"line":18,"column":8}},"6":{"start":{"line":17,"column":8},"end":{"line":17,"column":82}},"7":{"start":{"line":17,"column":62},"end":{"line":17,"column":79}},"8":{"start":{"line":21,"column":2},"end":{"line":21,"column":27}}},"fnMap":{"0":{"name":"useSavedRestaurants","decl":{"start":{"line":4,"column":16},"end":{"line":4,"column":35}},"loc":{"start":{"line":4,"column":84},"end":{"line":22,"column":1}},"line":4},"1":{"name":"(anonymous_1)","decl":{"start":{"line":7,"column":12},"end":{"line":7,"column":13}},"loc":{"start":{"line":7,"column":18},"end":{"line":19,"column":3}},"line":7},"2":{"name":"(anonymous_2)","decl":{"start":{"line":16,"column":12},"end":{"line":16,"column":13}},"loc":{"start":{"line":16,"column":26},"end":{"line":18,"column":7}},"line":16},"3":{"name":"(anonymous_3)","decl":{"start":{"line":17,"column":55},"end":{"line":17,"column":56}},"loc":{"start":{"line":17,"column":62},"end":{"line":17,"column":79}},"line":17}},"branchMap":{"0":{"loc":{"start":{"line":8,"column":4},"end":{"line":11,"column":5}},"type":"if","locations":[{"start":{"line":8,"column":4},"end":{"line":11,"column":5}},{"start":{},"end":{}}],"line":8},"1":{"loc":{"start":{"line":17,"column":39},"end":{"line":17,"column":49}},"type":"binary-expr","locations":[{"start":{"line":17,"column":39},"end":{"line":17,"column":43}},{"start":{"line":17,"column":47},"end":{"line":17,"column":49}}],"line":17}},"s":{"0":0,"1":0,"2":0,"3":0,"4":0,"5":0,"6":0,"7":0,"8":0},"f":{"0":0,"1":0,"2":0,"3":0},"b":{"0":[0,0],"1":[0,0]}}
,"/Users/royzheng/Desktop/Rekkus/lib/hooks/useSearch.ts": {"path":"/Users/royzheng/Desktop/Rekkus/lib/hooks/useSearch.ts","statementMap":{"0":{"start":{"line":86,"column":2},"end":{"line":86,"column":63}},"1":{"start":{"line":86,"column":51},"end":{"line":86,"column":63}},"2":{"start":{"line":87,"column":20},"end":{"line":87,"column":101}},"3":{"start":{"line":88,"column":21},"end":{"line":88,"column":52}},"4":{"start":{"line":89,"column":2},"end":{"line":95,"column":3}},"5":{"start":{"line":104,"column":20},"end":{"line":104,"column":30}},"6":{"start":{"line":105,"column":32},"end":{"line":107,"column":7}},"7":{"start":{"line":108,"column":34},"end":{"line":108,"column":61}},"8":{"start":{"line":109,"column":48},"end":{"line":109,"column":68}},"9":{"start":{"line":110,"column":50},"end":{"line":110,"column":77}},"10":{"start":{"line":111,"column":52},"end":{"line":111,"column":84}},"11":{"start":{"line":112,"column":52},"end":{"line":112,"column":90}},"12":{"start":{"line":113,"column":52},"end":{"line":113,"column":92}},"13":{"start":{"line":114,"column":38},"end":{"line":114,"column":87}},"14":{"start":{"line":115,"column":38},"end":{"line":115,"column":58}},"15":{"start":{"line":116,"column":40},"end":{"line":116,"column":112}},"16":{"start":{"line":118,"column":26},"end":{"line":118,"column":46}},"17":{"start":{"line":119,"column":29},"end":{"line":119,"column":64}},"18":{"start":{"line":120,"column":22},"end":{"line":120,"column":58}},"19":{"start":{"line":122,"column":16},"end":{"line":122,"column":57}},"20":{"start":{"line":122,"column":30},"end":{"line":122,"column":47}},"21":{"start":{"line":123,"column":19},"end":{"line":123,"column":34}},"22":{"start":{"line":124,"column":15},"end":{"line":124,"column":39}},"23":{"start":{"line":125,"column":19},"end":{"line":125,"column":41}},"24":{"start":{"line":126,"column":21},"end":{"line":126,"column":40}},"25":{"start":{"line":127,"column":18},"end":{"line":127,"column":33}},"26":{"start":{"line":128,"column":21},"end":{"line":128,"column":50}},"27":{"start":{"line":130,"column":2},"end":{"line":334,"column":66}},"28":{"start":{"line":131,"column":4},"end":{"line":140,"column":5}},"29":{"start":{"line":132,"column":6},"end":{"line":132,"column":20}},"30":{"start":{"line":133,"column":6},"end":{"line":133,"column":21}},"31":{"start":{"line":134,"column":6},"end":{"line":134,"column":28}},"32":{"start":{"line":135,"column":6},"end":{"line":135,"column":29}},"33":{"start":{"line":136,"column":6},"end":{"line":136,"column":30}},"34":{"start":{"line":137,"column":6},"end":{"line":137,"column":30}},"35":{"start":{"line":138,"column":6},"end":{"line":138,"column":37}},"36":{"start":{"line":139,"column":6},"end":{"line":139,"column":12}},"37":{"start":{"line":141,"column":4},"end":{"line":150,"column":5}},"38":{"start":{"line":142,"column":6},"end":{"line":142,"column":20}},"39":{"start":{"line":143,"column":6},"end":{"line":143,"column":21}},"40":{"start":{"line":144,"column":6},"end":{"line":144,"column":28}},"41":{"start":{"line":145,"column":6},"end":{"line":145,"column":29}},"42":{"start":{"line":146,"column":6},"end":{"line":146,"column":30}},"43":{"start":{"line":147,"column":6},"end":{"line":147,"column":30}},"44":{"start":{"line":148,"column":6},"end":{"line":148,"column":37}},"45":{"start":{"line":149,"column":6},"end":{"line":149,"column":12}},"46":{"start":{"line":151,"column":14},"end":{"line":151,"column":29}},"47":{"start":{"line":152,"column":21},"end":{"line":152,"column":82}},"48":{"start":{"line":154,"column":18},"end":{"line":332,"column":11}},"49":{"start":{"line":156,"column":19},"end":{"line":156,"column":41}},"50":{"start":{"line":157,"column":6},"end":{"line":159,"column":7}},"51":{"start":{"line":158,"column":8},"end":{"line":158,"column":81}},"52":{"start":{"line":158,"column":14},"end":{"line":158,"column":42}},"53":{"start":{"line":163,"column":6},"end":{"line":172,"column":7}},"54":{"start":{"line":164,"column":31},"end":{"line":164,"column":61}},"55":{"start":{"line":165,"column":8},"end":{"line":165,"column":73}},"56":{"start":{"line":166,"column":8},"end":{"line":171,"column":9}},"57":{"start":{"line":168,"column":10},"end":{"line":170,"column":12}},"58":{"start":{"line":169,"column":12},"end":{"line":169,"column":49}},"59":{"start":{"line":169,"column":26},"end":{"line":169,"column":49}},"60":{"start":{"line":175,"column":8},"end":{"line":185,"column":14}},"61":{"start":{"line":189,"column":8},"end":{"line":196,"column":102}},"62":{"start":{"line":200,"column":8},"end":{"line":205,"column":48}},"63":{"start":{"line":202,"column":90},"end":{"line":204,"column":13}},"64":{"start":{"line":207,"column":83},"end":{"line":233,"column":8}},"65":{"start":{"line":236,"column":6},"end":{"line":242,"column":7}},"66":{"start":{"line":238,"column":27},"end":{"line":238,"column":73}},"67":{"start":{"line":239,"column":8},"end":{"line":241,"column":9}},"68":{"start":{"line":240,"column":10},"end":{"line":240,"column":88}},"69":{"start":{"line":243,"column":30},"end":{"line":243,"column":96}},"70":{"start":{"line":243,"column":65},"end":{"line":243,"column":88}},"71":{"start":{"line":244,"column":31},"end":{"line":246,"column":77}},"72":{"start":{"line":246,"column":45},"end":{"line":246,"column":69}},"73":{"start":{"line":248,"column":41},"end":{"line":248,"column":43}},"74":{"start":{"line":249,"column":34},"end":{"line":249,"column":36}},"75":{"start":{"line":250,"column":42},"end":{"line":250,"column":44}},"76":{"start":{"line":251,"column":6},"end":{"line":265,"column":7}},"77":{"start":{"line":253,"column":52},"end":{"line":255,"column":57}},"78":{"start":{"line":254,"column":40},"end":{"line":254,"column":65}},"79":{"start":{"line":255,"column":20},"end":{"line":255,"column":55}},"80":{"start":{"line":256,"column":8},"end":{"line":264,"column":9}},"81":{"start":{"line":257,"column":10},"end":{"line":257,"column":36}},"82":{"start":{"line":259,"column":27},"end":{"line":262,"column":11}},"83":{"start":{"line":263,"column":10},"end":{"line":263,"column":31}},"84":{"start":{"line":266,"column":6},"end":{"line":272,"column":7}},"85":{"start":{"line":267,"column":21},"end":{"line":270,"column":9}},"86":{"start":{"line":268,"column":28},"end":{"line":268,"column":42}},"87":{"start":{"line":271,"column":8},"end":{"line":271,"column":46}},"88":{"start":{"line":273,"column":6},"end":{"line":285,"column":7}},"89":{"start":{"line":274,"column":30},"end":{"line":276,"column":20}},"90":{"start":{"line":275,"column":20},"end":{"line":275,"column":86}},"91":{"start":{"line":277,"column":25},"end":{"line":283,"column":20}},"92":{"start":{"line":284,"column":8},"end":{"line":284,"column":35}},"93":{"start":{"line":287,"column":8},"end":{"line":289,"column":73}},"94":{"start":{"line":289,"column":35},"end":{"line":289,"column":59}},"95":{"start":{"line":290,"column":24},"end":{"line":292,"column":29}},"96":{"start":{"line":293,"column":6},"end":{"line":293,"column":37}},"97":{"start":{"line":294,"column":6},"end":{"line":294,"column":39}},"98":{"start":{"line":295,"column":6},"end":{"line":295,"column":39}},"99":{"start":{"line":296,"column":6},"end":{"line":296,"column":41}},"100":{"start":{"line":297,"column":6},"end":{"line":297,"column":36}},"101":{"start":{"line":298,"column":6},"end":{"line":298,"column":85}},"102":{"start":{"line":301,"column":6},"end":{"line":307,"column":7}},"103":{"start":{"line":302,"column":24},"end":{"line":302,"column":81}},"104":{"start":{"line":303,"column":8},"end":{"line":303,"column":103}},"105":{"start":{"line":303,"column":38},"end":{"line":303,"column":103}},"106":{"start":{"line":304,"column":8},"end":{"line":304,"column":31}},"107":{"start":{"line":306,"column":8},"end":{"line":306,"column":33}},"108":{"start":{"line":310,"column":6},"end":{"line":316,"column":7}},"109":{"start":{"line":311,"column":23},"end":{"line":311,"column":48}},"110":{"start":{"line":312,"column":8},"end":{"line":314,"column":9}},"111":{"start":{"line":313,"column":10},"end":{"line":313,"column":92}},"112":{"start":{"line":313,"column":29},"end":{"line":313,"column":92}},"113":{"start":{"line":315,"column":8},"end":{"line":315,"column":36}},"114":{"start":{"line":318,"column":22},"end":{"line":318,"column":43}},"115":{"start":{"line":319,"column":6},"end":{"line":319,"column":28}},"116":{"start":{"line":320,"column":6},"end":{"line":331,"column":7}},"117":{"start":{"line":321,"column":27},"end":{"line":321,"column":74}},"118":{"start":{"line":321,"column":50},"end":{"line":321,"column":56}},"119":{"start":{"line":322,"column":27},"end":{"line":322,"column":83}},"120":{"start":{"line":322,"column":44},"end":{"line":322,"column":48}},"121":{"start":{"line":322,"column":63},"end":{"line":322,"column":82}},"122":{"start":{"line":323,"column":8},"end":{"line":328,"column":9}},"123":{"start":{"line":324,"column":23},"end":{"line":324,"column":56}},"124":{"start":{"line":325,"column":10},"end":{"line":325,"column":67}},"125":{"start":{"line":325,"column":45},"end":{"line":325,"column":65}},"126":{"start":{"line":327,"column":10},"end":{"line":327,"column":27}},"127":{"start":{"line":330,"column":8},"end":{"line":330,"column":25}},"128":{"start":{"line":333,"column":4},"end":{"line":333,"column":36}},"129":{"start":{"line":333,"column":17},"end":{"line":333,"column":36}},"130":{"start":{"line":336,"column":87},"end":{"line":358,"column":4}},"131":{"start":{"line":360,"column":2},"end":{"line":369,"column":3}}},"fnMap":{"0":{"name":"isAutocompletePrediction","decl":{"start":{"line":85,"column":9},"end":{"line":85,"column":33}},"loc":{"start":{"line":85,"column":83},"end":{"line":96,"column":1}},"line":85},"1":{"name":"useSearch","decl":{"start":{"line":98,"column":16},"end":{"line":98,"column":25}},"loc":{"start":{"line":103,"column":2},"end":{"line":370,"column":1}},"line":103},"2":{"name":"(anonymous_2)","decl":{"start":{"line":122,"column":24},"end":{"line":122,"column":25}},"loc":{"start":{"line":122,"column":30},"end":{"line":122,"column":47}},"line":122},"3":{"name":"(anonymous_3)","decl":{"start":{"line":130,"column":12},"end":{"line":130,"column":13}},"loc":{"start":{"line":130,"column":18},"end":{"line":334,"column":3}},"line":130},"4":{"name":"(anonymous_4)","decl":{"start":{"line":154,"column":29},"end":{"line":154
[...]
mn":2},"end":{"line":253,"column":34}},{"start":{},"end":{}}],"line":253},"78":{"loc":{"start":{"line":254,"column":2},"end":{"line":254,"column":46}},"type":"if","locations":[{"start":{"line":254,"column":2},"end":{"line":254,"column":46}},{"start":{},"end":{}}],"line":254},"79":{"loc":{"start":{"line":254,"column":6},"end":{"line":254,"column":26}},"type":"binary-expr","locations":[{"start":{"line":254,"column":6},"end":{"line":254,"column":14}},{"start":{"line":254,"column":18},"end":{"line":254,"column":26}}],"line":254},"80":{"loc":{"start":{"line":259,"column":2},"end":{"line":259,"column":27}},"type":"if","locations":[{"start":{"line":259,"column":2},"end":{"line":259,"column":27}},{"start":{},"end":{}}],"line":259},"81":{"loc":{"start":{"line":260,"column":2},"end":{"line":264,"column":3}},"type":"if","locations":[{"start":{"line":260,"column":2},"end":{"line":264,"column":3}},{"start":{},"end":{}}],"line":260},"82":{"loc":{"start":{"line":263,"column":4},"end":{"line":263,"column":50}},"type":"if","locations":[{"start":{"line":263,"column":4},"end":{"line":263,"column":50}},{"start":{},"end":{}}],"line":263},"83":{"loc":{"start":{"line":263,"column":8},"end":{"line":263,"column":36}},"type":"binary-expr","locations":[{"start":{"line":263,"column":8},"end":{"line":263,"column":15}},{"start":{"line":263,"column":19},"end":{"line":263,"column":36}}],"line":263},"84":{"loc":{"start":{"line":265,"column":2},"end":{"line":268,"column":3}},"type":"if","locations":[{"start":{"line":265,"column":2},"end":{"line":268,"column":3}},{"start":{},"end":{}}],"line":265},"85":{"loc":{"start":{"line":266,"column":29},"end":{"line":266,"column":52}},"type":"binary-expr","locations":[{"start":{"line":266,"column":29},"end":{"line":266,"column":46}},{"start":{"line":266,"column":50},"end":{"line":266,"column":52}}],"line":266},"86":{"loc":{"start":{"line":267,"column":4},"end":{"line":267,"column":75}},"type":"if","locations":[{"start":{"line":267,"column":4},"end":{"line":267,"column":75}},{"start":{},"end":{}}],"line":267},"87":{"loc":{"start":{"line":269,"column":2},"end":{"line":271,"column":3}},"type":"if","locations":[{"start":{"line":269,"column":2},"end":{"line":271,"column":3}},{"start":{},"end":{}}],"line":269},"88":{"loc":{"start":{"line":269,"column":6},"end":{"line":269,"column":99}},"type":"binary-expr","locations":[{"start":{"line":269,"column":6},"end":{"line":269,"column":28}},{"start":{"line":269,"column":33},"end":{"line":269,"column":51}},{"start":{"line":269,"column":55},"end":{"line":269,"column":98}}],"line":269},"89":{"loc":{"start":{"line":272,"column":2},"end":{"line":275,"column":3}},"type":"if","locations":[{"start":{"line":272,"column":2},"end":{"line":275,"column":3}},{"start":{},"end":{}}],"line":272},"90":{"loc":{"start":{"line":274,"column":4},"end":{"line":274,"column":71}},"type":"if","locations":[{"start":{"line":274,"column":4},"end":{"line":274,"column":71}},{"start":{},"end":{}}],"line":274},"91":{"loc":{"start":{"line":280,"column":2},"end":{"line":280,"column":27}},"type":"if","locations":[{"start":{"line":280,"column":2},"end":{"line":280,"column":27}},{"start":{},"end":{}}],"line":280},"92":{"loc":{"start":{"line":281,"column":2},"end":{"line":281,"column":62}},"type":"if","locations":[{"start":{"line":281,"column":2},"end":{"line":281,"column":62}},{"start":{},"end":{}}],"line":281},"93":{"loc":{"start":{"line":281,"column":6},"end":{"line":281,"column":48}},"type":"binary-expr","locations":[{"start":{"line":281,"column":6},"end":{"line":281,"column":21}},{"start":{"line":281,"column":25},"end":{"line":281,"column":48}}],"line":281},"94":{"loc":{"start":{"line":282,"column":2},"end":{"line":286,"column":3}},"type":"if","locations":[{"start":{"line":282,"column":2},"end":{"line":286,"column":3}},{"start":{},"end":{}}],"line":282},"95":{"loc":{"start":{"line":285,"column":4},"end":{"line":285,"column":50}},"type":"if","locations":[{"start":{"line":285,"column":4},"end":{"line":285,"column":50}},{"start":{},"end":{}}],"line":285},"96":{"loc":{"start":{"line":285,"column":8},"end":{"line":285,"column":36}},"type":"binary-expr","locations":[{"start":{"line":285,"column":8},"end":{"line":285,"column":15}},{"start":{"line":285,"column":19},"end":{"line":285,"column":36}}],"line":285},"97":{"loc":{"start":{"line":295,"column":2},"end":{"line":311,"column":3}},"type":"switch","locations":[{"start":{"line":296,"column":4},"end":{"line":297,"column":112}},{"start":{"line":298,"column":4},"end":{"line":299,"column":140}},{"start":{"line":300,"column":4},"end":{"line":301,"column":111}},{"start":{"line":302,"column":4},"end":{"line":308,"column":8}},{"start":{"line":309,"column":4},"end":{"line":310,"column":58}}],"line":295},"98":{"loc":{"start":{"line":297,"column":51},"end":{"line":297,"column":73}},"type":"binary-expr","locations":[{"start":{"line":297,"column":51},"end":{"line":297,"column":67}},{"start":{"line":297,"column":71},"end":{"line":297,"column":73}}],"line":297},"99":{"loc":{"start":{"line":297,"column":88},"end":{"line":297,"column":110}},"type":"binary-expr","locations":[{"start":{"line":297,"column":88},"end":{"line":297,"column":104}},{"start":{"line":297,"column":108},"end":{"line":297,"column":110}}],"line":297},"100":{"loc":{"start":{"line":299,"column":47},"end":{"line":299,"column":87}},"type":"binary-expr","locations":[{"start":{"line":299,"column":47},"end":{"line":299,"column":82}},{"start":{"line":299,"column":86},"end":{"line":299,"column":87}}],"line":299},"101":{"loc":{"start":{"line":299,"column":98},"end":{"line":299,"column":138}},"type":"binary-expr","locations":[{"start":{"line":299,"column":98},"end":{"line":299,"column":133}},{"start":{"line":299,"column":137},"end":{"line":299,"column":138}}],"line":299},"102":{"loc":{"start":{"line":301,"column":40},"end":{"line":301,"column":110}},"type":"binary-expr","locations":[{"start":{"line":301,"column":40},"end":{"line":301,"column":89}},{"start":{"line":301,"column":93},"end":{"line":301,"column":110}}],"line":301},"103":{"loc":{"start":{"line":303,"column":6},"end":{"line":303,"column":38}},"type":"if","locations":[{"start":{"line":303,"column":6},"end":{"line":303,"column":38}},{"start":{},"end":{}}],"line":303},"104":{"loc":{"start":{"line":305,"column":20},"end":{"line":305,"column":161}},"type":"cond-expr","locations":[{"start":{"line":305,"column":63},"end":{"line":305,"column":134}},{"start":{"line":305,"column":137},"end":{"line":305,"column":161}}],"line":305},"105":{"loc":{"start":{"line":305,"column":20},"end":{"line":305,"column":60}},"type":"binary-expr","locations":[{"start":{"line":305,"column":20},"end":{"line":305,"column":38}},{"start":{"line":305,"column":42},"end":{"line":305,"column":60}}],"line":305},"106":{"loc":{"start":{"line":306,"column":20},"end":{"line":306,"column":161}},"type":"cond-expr","locations":[{"start":{"line":306,"column":63},"end":{"line":306,"column":134}},{"start":{"line":306,"column":137},"end":{"line":306,"column":161}}],"line":306},"107":{"loc":{"start":{"line":306,"column":20},"end":{"line":306,"column":60}},"type":"binary-expr","locations":[{"start":{"line":306,"column":20},"end":{"line":306,"column":38}},{"start":{"line":306,"column":42},"end":{"line":306,"column":60}}],"line":306},"108":{"loc":{"start":{"line":316,"column":2},"end":{"line":316,"column":24}},"type":"if","locations":[{"start":{"line":316,"column":2},"end":{"line":316,"column":24}},{"start":{},"end":{}}],"line":316},"109":{"loc":{"start":{"line":318,"column":2},"end":{"line":318,"column":26}},"type":"if","locations":[{"start":{"line":318,"column":2},"end":{"line":318,"column":26}},{"start":{},"end":{}}],"line":318},"110":{"loc":{"start":{"line":323,"column":2},"end":{"line":323,"column":48}},"type":"if","locations":[{"start":{"line":323,"column":2},"end":{"line":323,"column":48}},{"start":{},"end":{}}],"line":323},"111":{"loc":{"start":{"line":325,"column":18},"end":{"line":325,"column":56}},"type":"binary-expr","locations":[{"start":{"line":325,"column":18},"end":{"line":325,"column":50}},{"start":{"line":325,"column":54},"end":{"line":325,"column":56}}],"line":325},"112":{"loc":{"start":{"line":326,"column":19},"end":{"line":326,"column":42}},"type":"binary-expr","locations":[{"start":{"line":326,"column":19},"end":{"line":326,"column":36}},{"start":{"line":326,"column":40},"end":{"line":326,"column":42}}],"line":326},"113":{"loc":{"start":{"line":327,"column":2},"end":{"line":330,"column":3}},"type":"if","locations":[{"start":{"line":327,"column":2},"end":{"line":330,"column":3}},{"start":{},"end":{}}],"line":327},"114":{"loc":{"start":{"line":327,"column":6},"end":{"line":327,"column":28}},"type":"binary-expr","locations":[{"start":{"line":327,"column":6},"end":{"line":327,"column":15}},{"start":{"line":327,"column":19},"end":{"line":327,"column":28}}],"line":327},"115":{"loc":{"start":{"line":328,"column":4},"end":{"line":328,"column":74}},"type":"if","locations":[{"start":{"line":328,"column":4},"end":{"line":328,"column":74}},{"start":{},"end":{}}],"line":328},"116":{"loc":{"start":{"line":328,"column":8},"end":{"line":328,"column":62}},"type":"binary-expr","locations":[{"start":{"line":328,"column":8},"end":{"line":328,"column":32}},{"start":{"line":328,"column":36},"end":{"line":328,"column":62}}],"line":328},"117":{"loc":{"start":{"line":329,"column":4},"end":{"line":329,"column":51}},"type":"if","locations":[{"start":{"line":329,"column":4},"end":{"line":329,"column":51}},{"start":{},"end":{}}],"line":329},"118":{"loc":{"start":{"line":331,"column":2},"end":{"line":334,"column":3}},"type":"if","locations":[{"start":{"line":331,"column":2},"end":{"line":334,"column":3}},{"start":{},"end":{}}],"line":331},"119":{"loc":{"start":{"line":331,"column":6},"end":{"line":331,"column":29}},"type":"binary-expr","locations":[{"start":{"line":331,"column":6},"end":{"line":331,"column":16}},{"start":{"line":331,"column":20},"end":{"line":331,"column":29}}],"line":331},"120":{"loc":{"start":{"line":332,"column":4},"end":{"line":332,"column":83}},"type":"if","locations":[{"start":{"line":332,"column":4},"end":{"line":332,"column":83}},{"start":{},"end":{}}],"line":332},"121":{"loc":{"start":{"line":332,"column":8},"end":{"line":332,"column":71}},"type":"binary-expr","locations":[{"start":{"line":332,"column":8},"end":{"line":332,"column":39}},{"start":{"line":332,"column":43},"end":{"line":332,"column":71}}],"line":332},"122":{"loc":{"start":{"line":333,"column":4},"end":{"line":333,"column":46}},"type":"if","locations":[{"start":{"line":333,"column":4},"end":{"line":333,"column":46}},{"start":{},"end":{}}],"line":333},"123":{"loc":{"start":{"line":342,"column":2},"end":{"line":342,"column":77}},"type":"if","locations":[{"start":{"line":342,"column":2},"end":{"line":342,"column":77}},{"start":{},"end":{}}],"line":342},"124":{"loc":{"start":{"line":342,"column":6},"end":{"line":342,"column":67}},"type":"binary-expr","locations":[{"start":{"line":342,"column":6},"end":{"line":342,"column":22}},{"start":{"line":342,"column":26},"end":{"line":342,"column":67}}],"line":342},"125":{"loc":{"start":{"line":344,"column":2},"end":{"line":344,"column":27}},"type":"if","locations":[{"start":{"line":344,"column":2},"end":{"line":344,"column":27}},{"start":{},"end":{}}],"line":344}},"s":{"0":1,"1":1,"2":1,"3":4,"4":7,"5":0,"6":0,"7":0,"8":0,"9":0,"10":0,"11":0,"12":0,"13":0,"14":0,"15":0,"16":0,"17":0,"18":0,"19":0,"20":0,"21":0,"22":0,"23":0,"24":0,"25":0,"26":0,"27":0,"28":0,"29":0,"30":0,"31":0,"32":0,"33":0,"34":0,"35":0,"36":0,"37":0,"38":0,"39":0,"40":0,"41":0,"42":0,"43":0,"44":0,"45":0,"46":0,"47":0,"48":0,"49":0,"50":0,"51":0,"52":0,"53":0,"54":0,"55":5,"56":5,"57":6,"58":4,"59":2,"60":2,"61":1,"62":1,"63":1,"64":3,"65":0,"66":0,"67":0,"68":0,"69":0,"70":0,"71":0,"72":0,"73":0,"74":0,"75":0,"76":0,"77":0,"78":0,"79":0,"80":0,"81":0,"82":0,"83":0,"84":0,"85":0,"86":0,"87":0,"88":0,"89":0,"90":0,"91":0,"92":0,"93":0,"94":0,"95":0,"96":0,"97":0,"98":4,"99":0,"100":0,"101":0,"102":0,"103":0,"104":0,"105":0,"106":0,"107":0,"108":0,"109":0,"110":0,"111":0,"112":0,"113":0,"114":0,"115":4,"116":4,"117":4,"118":10,"119":10,"120":6,"121":4,"122":2,"123":2,"124":1,"125":10,"126":1,"127":9,"128":1,"129":8,"130":1,"131":7,"132":1,"133":10,"134":0,"135":0,"136":0,"137":0,"138":0,"139":0,"140":0,"141":0,"142":0,"143":0,"144":0,"145":0,"146":0,"147":0,"148":0,"149":0,"150":0,"151":0,"152":0,"153":0,"154":0,"155":0,"156":0,"157":0,"158":0,"159":0,"160":0,"161":0,"162":0,"163":0,"164":0,"165":0,"166":0,"167":0,"168":0,"169":0,"170":0,"171":0,"172":0,"173":0,"174":0,"175":0,"176":0,"177":0,"178":0,"179":0,"180":0,"181":0,"182":0,"183":0,"184":0,"185":0,"186":0,"187":0,"188":0,"189":0,"190":0,"191":0,"192":0,"193":0,"194":0,"195":0,"196":0,"197":0,"198":0,"199":0,"200":0,"201":0,"202":0,"203":0,"204":0,"205":0,"206":0,"207":0,"208":0,"209":0,"210":0,"211":0,"212":0,"213":0,"214":0,"215":0,"216":0,"217":0,"218":0,"219":0,"220":0,"221":0,"222":0,"223":0,"224":0,"225":0,"226":0,"227":0,"228":0,"229":0,"230":0,"231":0,"232":0,"233":0,"234":0,"235":0,"236":0,"237":0,"238":0,"239":0,"240":0,"241":0,"242":0,"243":0,"244":0,"245":0,"246":0,"247":0,"248":0,"249":0,"250":0,"251":0,"252":0,"253":0,"254":0,"255":0,"256":0,"257":0,"258":0,"259":0,"260":0,"261":0,"262":0,"263":0,"264":0,"265":0,"266":0,"267":0,"268":0},"f":{"0":4,"1":7,"2":0,"3":0,"4":0,"5":0,"6":5,"7":0,"8":4,"9":0,"10":0,"11":0,"12":0,"13":4,"14":10,"15":0,"16":0,"17":0,"18":0,"19":0,"20":0,"21":0,"22":0,"23":0,"24":0,"25":0,"26":0,"27":0,"28":0,"29":0,"30":0,"31":0,"32":0,"33":0,"34":0,"35":0,"36":0},"b":{"0":[0,0],"1":[0,0],"2":[0,0],"3":[0,0],"4":[0,0],"5":[0,0],"6":[0,0],"7":[0,0],"8":[0,0],"9":[0,0],"10":[0,0],"11":[0,0],"12":[0,0],"13":[0,0],"14":[0,0],"15":[0,0],"16":[0,0],"17":[0,0],"18":[0,0],"19":[0,0],"20":[0,0],"21":[0,0],"22":[4,2],"23":[1,1],"24":[1,0],"25":[0,0],"26":[0,0],"27":[0,0],"28":[0,0],"29":[0,0],"30":[0,0],"31":[0,0],"32":[0,0],"33":[0,0],"34":[0,0],"35":[0,0],"36":[0,0],"37":[0,0],"38":[0,0],"39":[0,0],"40":[0,0],"41":[0,0],"42":[0,0,0,0],"43":[0,0],"44":[0,0,0,0],"45":[0,0],"46":[0,0,0],"47":[6,4],"48":[2,2],"49":[1,1],"50":[1,9],"51":[1,8],"52":[1,7],"53":[1,6],"54":[0,0],"55":[0,0],"56":[0,0],"57":[0,0],"58":[0,0],"59":[0,0],"60":[0,0],"61":[0,0],"62":[0,0],"63":[0,0],"64":[0,0],"65":[0,0],"66":[0,0],"67":[0,0],"68":[0,0],"69":[0,0],"70":[0,0],"71":[0,0],"72":[0,0],"73":[0,0],"74":[0,0],"75":[0,0],"76":[0,0],"77":[0,0],"78":[0,0],"79":[0,0],"80":[0,0],"81":[0,0],"82":[0,0],"83":[0,0],"84":[0,0],"85":[0,0],"86":[0,0],"87":[0,0],"88":[0,0,0],"89":[0,0],"90":[0,0],"91":[0,0],"92":[0,0],"93":[0,0],"94":[0,0],"95":[0,0],"96":[0,0],"97":[0,0,0,0,0],"98":[0,0],"99":[0,0],"100":[0,0],"101":[0,0],"102":[0,0],"103":[0,0],"104":[0,0],"105":[0,0],"106":[0,0],"107":[0,0],"108":[0,0],"109":[0,0],"110":[0,0],"111":[0,0],"112":[0,0],"113":[0,0],"114":[0,0],"115":[0,0],"116":[0,0],"117":[0,0],"118":[0,0],"119":[0,0],"120":[0,0],"121":[0,0],"122":[0,0],"123":[0,0],"124":[0,0],"125":[0,0]},"_coverageSchema":"1a1c01bbd47fc00a2c39e90264f33305004495a9","hash":"4ed703fc33f898115eb8b6930f1a6293682779ca"}
,"/Users/royzheng/Desktop/Rekkus/lib/utils/tasteProfile.ts": {"path":"/Users/royzheng/Desktop/Rekkus/lib/utils/tasteProfile.ts","statementMap":{"0":{"start":{"line":14,"column":41},"end":{"line":14,"column":43}},"1":{"start":{"line":16,"column":2},"end":{"line":19,"column":3}},"2":{"start":{"line":17,"column":14},"end":{"line":17,"column":46}},"3":{"start":{"line":18,"column":4},"end":{"line":18,"column":45}},"4":{"start":{"line":18,"column":11},"end":{"line":18,"column":45}},"5":{"start":{"line":20,"column":2},"end":{"line":23,"column":3}},"6":{"start":{"line":21,"column":14},"end":{"line":21,"column":46}},"7":{"start":{"line":22,"column":4},"end":{"line":22,"column":43}},"8":{"start":{"line":22,"column":11},"end":{"line":22,"column":43}},"9":{"start":{"line":24,"column":2},"end":{"line":26,"column":3}},"10":{"start":{"line":25,"column":4},"end":{"line":25,"column":52}},"11":{"start":{"line":28,"column":14},"end":{"line":28,"column":51}},"12":{"start":{"line":29,"column":2},"end":{"line":29,"column":81}},"13":{"start":{"line":29,"column":67},"end":{"line":29,"column":79}}},"fnMap":{"0":{"name":"buildTasteProfile","decl":{"start":{"line":9,"column":16},"end":{"line":9,"column":33}},"loc":{"start":{"line":13,"column":21},"end":{"line":30,"column":1}},"line":13},"1":{"name":"(anonymous_1)","decl":{"start":{"line":29,"column":55},"end":{"line":29,"column":56}},"loc":{"start":{"line":29,"column":67},"end":{"line":29,"column":79}},"line":29}},"branchMap":{"0":{"loc":{"start":{"line":18,"column":4},"end":{"line":18,"column":45}},"type":"if","locations":[{"start":{"line":18,"column":4},"end":{"line":18,"column":45}},{"start":{},"end":{}}],"line":18},"1":{"loc":{"start":{"line":18,"column":24},"end":{"line":18,"column":38}},"type":"binary-expr","locations":[{"start":{"line":18,"column":24},"end":{"line":18,"column":33}},{"start":{"line":18,"column":37},"end":{"line":18,"column":38}}],"line":18},"2":{"loc":{"start":{"line":22,"column":4},"end":{"line":22,"column":43}},"type":"if","locations":[{"start":{"line":22,"column":4},"end":{"line":22,"column":43}},{"start":{},"end":{}}],"line":22},"3":{"loc":{"start":{"line":22,"column":24},"end":{"line":22,"column":38}},"type":"binary-expr","locations":[{"start":{"line":22,"column":24},"end":{"line":22,"column":33}},{"start":{"line":22,"column":37},"end":{"line":22,"column":38}}],"line":22},"4":{"loc":{"start":{"line":25,"column":23},"end":{"line":25,"column":43}},"type":"binary-expr","locations":[{"start":{"line":25,"column":23},"end":{"line":25,"column":38}},{"start":{"line":25,"column":42},"end":{"line":25,"column":43}}],"line":25}},"s":{"0":0,"1":0,"2":0,"3":0,"4":0,"5":0,"6":0,"7":0,"8":0,"9":0,"10":0,"11":0,"12":0,"13":0},"f":{"0":0,"1":0},"b":{"0":[0,0],"1":[0,0],"2":[0,0],"3":[0,0],"4":[0,0]}}
,"/Users/royzheng/Desktop/Rekkus/lib/utils/validation.ts": {"path":"/Users/royzheng/Desktop/Rekkus/lib/utils/validation.ts","statementMap":{"0":{"start":{"line":1,"column":35},"end":{"line":1,"column":36}},"1":{"start":{"line":2,"column":35},"end":{"line":2,"column":36}},"2":{"start":{"line":3,"column":35},"end":{"line":3,"column":37}},"3":{"start":{"line":6,"column":2},"end":{"line":6,"column":47}},"4":{"start":{"line":10,"column":2},"end":{"line":10,"column":53}},"5":{"start":{"line":14,"column":2},"end":{"line":14,"column":29}},"6":{"start":{"line":18,"column":2},"end":{"line":18,"column":28}},"7":{"start":{"line":22,"column":2},"end":{"line":22,"column":56}},"8":{"start":{"line":26,"column":2},"end":{"line":26,"column":46}}},"fnMap":{"0":{"name":"isValidPassword","decl":{"start":{"line":5,"column":16},"end":{"line":5,"column":31}},"loc":{"start":{"line":5,"column":59},"end":{"line":7,"column":1}},"line":5},"1":{"name":"passwordMinLengthMessage","decl":{"start":{"line":9,"column":16},"end":{"line":9,"column":40}},"loc":{"start":{"line":9,"column":51},"end":{"line":11,"column":1}},"line":9},"2":{"name":"passwordsMatch","decl":{"start":{"line":13,"column":16},"end":{"line":13,"column":30}},"loc":{"start":{"line":13,"column":75},"end":{"line":15,"column":1}},"line":13},"3":{"name":"hasCurrentPassword","decl":{"start":{"line":17,"column":16},"end":{"line":17,"column":34}},"loc":{"start":{"line":17,"column":62},"end":{"line":19,"column":1}},"line":17},"4":{"name":"isValidEmail","decl":{"start":{"line":21,"column":16},"end":{"line":21,"column":28}},"loc":{"start":{"line":21,"column":53},"end":{"line":23,"column":1}},"line":21},"5":{"name":"isValidUsername","decl":{"start":{"line":25,"column":16},"end":{"line":25,"column":31}},"loc":{"start":{"line":25,"column":59},"end":{"line":27,"column":1}},"line":25}},"branchMap":{},"s":{"0":1,"1":1,"2":1,"3":6,"4":2,"5":5,"6":3,"7":8,"8":10},"f":{"0":6,"1":2,"2":5,"3":3,"4":8,"5":10},"b":{},"_coverageSchema":"1a1c01bbd47fc00a2c39e90264f33305004495a9","hash":"172bb715b09bbab7f171d793753c7270f4992a6e"}
}
