TN:
SF:lib/hooks/searchTypes.ts
FNF:0
FNH:0
LF:0
LH:0
BRF:0
BRH:0
end_of_record
TN:
SF:lib/hooks/useAlerts.ts
FN:19,rowActor
FN:23,useAlerts
FN:30,(anonymous_2)
FN:50,(anonymous_3)
FN:105,(anonymous_4)
FN:153,(anonymous_5)
FN:161,(anonymous_6)
FN:165,(anonymous_7)
FNF:8
FNH:0
FNDA:0,rowActor
FNDA:0,useAlerts
FNDA:0,(anonymous_2)
FNDA:0,(anonymous_3)
FNDA:0,(anonymous_4)
FNDA:0,(anonymous_5)
FNDA:0,(anonymous_6)
FNDA:0,(anonymous_7)
DA:20,0
DA:24,0
DA:25,0
DA:26,0
DA:27,0
DA:29,0
DA:31,0
DA:32,0
DA:33,0
DA:35,0
DA:36,0
DA:37,0
DA:39,0
DA:43,0
DA:44,0
DA:45,0
DA:46,0
DA:47,0
DA:50,0
DA:51,0
DA:53,0
DA:54,0
DA:74,0
DA:75,0
DA:76,0
DA:86,0
DA:87,0
DA:88,0
DA:100,0
DA:105,0
DA:107,0
DA:108,0
DA:117,0
DA:118,0
DA:119,0
DA:130,0
DA:138,0
DA:139,0
DA:141,0
DA:142,0
DA:143,0
DA:153,0
DA:154,0
DA:155,0
DA:156,0
DA:161,0
DA:162,0
DA:165,0
LF:48
LH:0
BRDA:20,0,0,0
BRDA:20,0,1,0
BRDA:20,1,0,0
BRDA:20,1,1,0
BRDA:31,2,0,0
BRDA:31,2,1,0
BRDA:35,3,0,0
BRDA:35,3,1,0
BRDA:43,4,0,0
BRDA:43,4,1,0
BRDA:45,5,0,0
BRDA:45,5,1,0
BRDA:50,6,0,0
BRDA:50,6,1,0
BRDA:53,7,0,0
BRDA:53,7,1,0
BRDA:74,8,0,0
BRDA:74,8,1,0
BRDA:79,9,0,0
BRDA:79,9,1,0
BRDA:80,10,0,0
BRDA:80,10,1,0
BRDA:81,11,0,0
BRDA:81,11,1,0
BRDA:82,12,0,0
BRDA:82,12,1,0
BRDA:86,13,0,0
BRDA:86,13,1,0
BRDA:91,14,0,0
BRDA:91,14,1,0
BRDA:92,15,0,0
BRDA:92,15,1,0
BRDA:93,16,0,0
BRDA:93,16,1,0
BRDA:94,17,0,0
BRDA:94,17,1,0
BRDA:105,18,0,0
BRDA:105,18,1,0
BRDA:107,19,0,0
BRDA:107,19,1,0
BRDA:117,20,0,0
BRDA:117,20,1,0
BRDA:122,21,0,0
BRDA:122,21,1,0
BRDA:123,22,0,0
BRDA:123,22,1,0
BRDA:124,23,0,0
BRDA:124,23,1,0
BRDA:125,24,0,0
BRDA:125,24,1,0
BRDA:138,25,0,0
BRDA:138,25,1,0
BRDA:141,26,0,0
BRDA:141,26,1,0
BRDA:146,27,0,0
BRDA:146,27,1,0
BRDA:147,28,0,0
BRDA:147,28,1,0
BRDA:148,29,0,0
BRDA:148,29,1,0
BRDA:155,30,0,0
BRDA:155,30,1,0
BRDA:165,31,0,0
BRF:63
BRH:0
end_of_record
TN:
SF:lib/hooks/useAutocomplete.ts
FN:13,useAutocomplete
FN:16,(anonymous_1)
FN:19,(anonymous_2)
FN:27,(anonymous_3)
FNF:4
FNH:0
FNDA:0,useAutocomplete
FNDA:0,(anonymous_1)
FNDA:0,(anonymous_2)
FNDA:0,(anonymous_3)
DA:14,0
DA:16,0
DA:17,0
DA:18,0
DA:19,0
DA:20,0
DA:25,0
DA:27,0
DA:30,0
LF:9
LH:0
BRDA:17,0,0,0
BRDA:17,0,1,0
BRDA:18,1,0,0
BRDA:18,1,1,0
BRDA:18,2,0,0
BRDA:18,2,1,0
BRDA:22,3,0,0
BRDA:22,3,1,0
BRDA:25,4,0,0
BRDA:25,4,1,0
BRF:10
BRH:0
end_of_record
TN:
SF:lib/hooks/useCollections.ts
FN:9,useCollections
FN:16,(anonymous_1)
FN:30,(anonymous_2)
FNF:3
FNH:0
FNDA:0,useCollections
FNDA:0,(anonymous_1)
FNDA:0,(anonymous_2)
DA:10,0
DA:11,0
DA:12,0
DA:14,0
DA:16,0
DA:17,0
DA:18,0
DA:19,0
DA:20,0
DA:22,0
DA:23,0
DA:24,0
DA:25,0
DA:26,0
DA:27,0
DA:30,0
DA:31,0
DA:34,0
LF:18
LH:0
BRDA:17,0,0,0
BRDA:17,0,1,0
BRF:2
BRH:0
end_of_record
TN:
SF:lib/hooks/useDiscover.ts
FN:13,cityFromLocation
FN:17,computeDiscoverScore
FN:38,(anonymous_2)
FN:46,applyCuisineDiversity
FN:65,(anonymous_4)
FN:75,useDiscover
FN:89,(anonymous_6)
FN:90,(anonymous_7)
FN:92,(anonymous_8)
FN:103,(anonymous_9)
FN:104,(anonymous_10)
FNF:11
FNH:0
FNDA:0,cityFromLocation
FNDA:0,computeDiscoverScore
FNDA:0,(anonymous_2)
FNDA:0,applyCuisineDiversity
FNDA:0,(anonymous_4)
FNDA:0,useDiscover
FNDA:0,(anonymous_6)
FNDA:0,(anonymous_7)
FNDA:0,(anonymous_8)
FNDA:0,(anonymous_9)
FNDA:0,(anonymous_10)
DA:14,0
DA:25,0
DA:26,0
DA:27,0
DA:29,0
DA:34,0
DA:35,0
DA:36,0
DA:37,0
DA:38,0
DA:41,0
DA:42,0
DA:43,0
DA:47,0
DA:48,0
DA:50,0
DA:51,0
DA:52,0
DA:53,0
DA:55,0
DA:60,0
DA:61,0
DA:63,0
DA:65,0
DA:66,0
DA:67,0
DA:71,0
DA:72,0
DA:76,0
DA:77,0
DA:78,0
DA:79,0
DA:80,0
DA:81,0
DA:85,0
DA:89,0
DA:90,0
DA:91,0
DA:92,0
DA:103,0
DA:104,0
DA:105,0
LF:42
LH:0
BRDA:14,0,0,0
BRDA:14,0,1,0
BRDA:26,1,0,0
BRDA:26,1,1,0
BRDA:27,2,0,0
BRDA:27,2,1,0
BRDA:29,3,0,0
BRDA:29,3,1,0
BRDA:29,4,0,0
BRDA:29,4,1,0
BRDA:29,4,2,0
BRDA:31,5,0,0
BRDA:31,5,1,0
BRDA:34,6,0,0
BRDA:34,6,1,0
BRDA:36,7,0,0
BRDA:36,7,1,0
BRDA:37,8,0,0
BRDA:37,8,1,0
BRDA:38,9,0,0
BRDA:38,9,1,0
BRDA:38,10,0,0
BRDA:38,10,1,0
BRDA:41,11,0,0
BRDA:41,11,1,0
BRDA:41,12,0,0
BRDA:41,12,1,0
BRDA:42,13,0,0
BRDA:42,13,1,0
BRDA:42,14,0,0
BRDA:42,14,1,0
BRDA:42,15,0,0
BRDA:42,15,1,0
BRDA:55,16,0,0
BRDA:55,16,1,0
BRDA:55,16,2,0
BRDA:55,16,3,0
BRDA:60,17,0,0
BRDA:60,17,1,0
BRDA:66,18,0,0
BRDA:66,18,1,0
BRDA:67,19,0,0
BRDA:67,19,1,0
BRDA:75,20,0,0
BRDA:85,21,0,0
BRDA:85,21,1,0
BRDA:85,22,0,0
BRDA:85,22,1,0
BRF:48
BRH:0
end_of_record
TN:
SF:lib/hooks/useFollowingFeed.ts
FN:8,computeFollowingScore
FN:19,useFollowingFeed
FN:24,(anonymous_2)
FN:32,(anonymous_3)
FN:35,(anonymous_4)
FN:36,(anonymous_5)
FNF:6
FNH:0
FNDA:0,computeFollowingScore
FNDA:0,useFollowingFeed
FNDA:0,(anonymous_2)
FNDA:0,(anonymous_3)
FNDA:0,(anonymous_4)
FNDA:0,(anonymous_5)
DA:9,0
DA:10,0
DA:13,0
DA:14,0
DA:15,0
DA:16,0
DA:20,0
DA:21,0
DA:22,0
DA:24,0
DA:25,0
DA:26,0
DA:27,0
DA:29,0
DA:32,0
DA:33,0
DA:34,0
DA:35,0
DA:36,0
DA:40,0
LF:20
LH:0
BRDA:10,0,0,0
BRDA:10,0,1,0
BRDA:14,1,0,0
BRDA:14,1,1,0
BRDA:14,2,0,0
BRDA:14,2,1,0
BRDA:15,3,0,0
BRDA:15,3,1,0
BRDA:15,4,0,0
BRDA:15,4,1,0
BRDA:15,5,0,0
BRDA:15,5,1,0
BRDA:25,6,0,0
BRDA:25,6,1,0
BRDA:33,7,0,0
BRDA:33,7,1,0
BRDA:34,8,0,0
BRDA:34,8,1,0
BRF:18
BRH:0
end_of_record
TN:
SF:lib/hooks/useLikedPosts.ts
FN:6,useLikedPosts
FN:14,(anonymous_1)
FN:23,(anonymous_2)
FN:31,(anonymous_3)
FN:36,(anonymous_4)
FN:37,(anonymous_5)
FN:46,(anonymous_6)
FN:52,(anonymous_7)
FN:60,(anonymous_8)
FNF:9
FNH:0
FNDA:0,useLikedPosts
FNDA:0,(anonymous_1)
FNDA:0,(anonymous_2)
FNDA:0,(anonymous_3)
FNDA:0,(anonymous_4)
FNDA:0,(anonymous_5)
FNDA:0,(anonymous_6)
FNDA:0,(anonymous_7)
FNDA:0,(anonymous_8)
DA:7,0
DA:8,0
DA:9,0
DA:10,0
DA:11,0
DA:12,0
DA:14,0
DA:15,0
DA:16,0
DA:17,0
DA:18,0
DA:20,0
DA:21,0
DA:22,0
DA:23,0
DA:24,0
DA:25,0
DA:27,0
DA:31,0
DA:32,0
DA:33,0
DA:34,0
DA:35,0
DA:36,0
DA:37,0
DA:38,0
DA:40,0
DA:41,0
DA:43,0
DA:46,0
DA:47,0
DA:48,0
DA:49,0
DA:50,0
DA:51,0
DA:52,0
DA:53,0
DA:54,0
DA:56,0
DA:59,0
DA:61,0
DA:65,0
LF:42
LH:0
BRDA:15,0,0,0
BRDA:15,0,1,0
BRDA:27,1,0,0
BRDA:27,1,1,0
BRDA:32,2,0,0
BRDA:32,2,1,0
BRDA:32,3,0,0
BRDA:32,3,1,0
BRDA:32,3,2,0
BRDA:47,4,0,0
BRDA:47,4,1,0
BRF:11
BRH:0
end_of_record
TN:
SF:lib/hooks/usePagedList.ts
FN:3,usePagedList
FN:5,(anonymous_1)
FN:7,(anonymous_2)
FN:7,(anonymous_3)
FNF:4
FNH:0
FNDA:0,usePagedList
FNDA:0,(anonymous_1)
FNDA:0,(anonymous_2)
FNDA:0,(anonymous_3)
DA:4,0
DA:5,0
DA:6,0
DA:7,0
DA:8,0
LF:5
LH:0
BRDA:3,0,0,0
BRF:1
BRH:0
end_of_record
TN:
SF:lib/hooks/usePopularityCache.ts
FN:8,usePopularityCache
FN:12,(anonymous_1)
FN:16,(anonymous_2)
FNF:3
FNH:0
FNDA:0,usePopularityCache
FNDA:0,(anonymous_1)
FNDA:0,(anonymous_2)
DA:9,0
DA:10,0
DA:12,0
DA:13,0
DA:14,0
DA:15,0
DA:16,0
DA:17,0
DA:18,0
DA:19,0
DA:20,0
DA:24,0
LF:12
LH:0
BRDA:13,0,0,0
BRDA:13,0,1,0
BRDA:15,1,0,0
BRDA:15,1,1,0
BRDA:15,2,0,0
BRDA:15,2,1,0
BRF:6
BRH:0
end_of_record
TN:
SF:lib/hooks/usePostVisitPrompt.ts
FN:9,usePostVisitPrompt
FN:13,(anonymous_1)
FNF:2
FNH:0
FNDA:0,usePostVisitPrompt
FNDA:0,(anonymous_1)
DA:6,0
DA:13,0
DA:14,0
DA:16,0
DA:17,0
DA:19,0
DA:20,0
DA:21,0
DA:22,0
DA:23,0
DA:24,0
DA:25,0
DA:29,0
LF:13
LH:0
BRDA:14,0,0,0
BRDA:14,0,1,0
BRDA:14,1,0,0
BRDA:14,1,1,0
BRDA:21,2,0,0
BRDA:21,2,1,0
BRDA:21,3,0,0
BRDA:21,3,1,0
BRDA:23,4,0,0
BRDA:23,4,1,0
BRDA:23,5,0,0
BRDA:23,5,1,0
BRF:12
BRH:0
end_of_record
TN:
SF:lib/hooks/usePressScale.ts
FN:10,usePressScale
FN:13,(anonymous_1)
FN:17,(anonymous_2)
FN:22,(anonymous_3)
FNF:4
FNH:0
FNDA:0,usePressScale
FNDA:0,(anonymous_1)
FNDA:0,(anonymous_2)
FNDA:0,(anonymous_3)
DA:11,0
DA:12,0
DA:13,0
DA:17,0
DA:18,0
DA:19,0
DA:22,0
DA:23,0
DA:24,0
DA:27,0
LF:10
LH:0
BRDA:10,0,0,0
BRDA:18,1,0,0
BRDA:18,1,1,0
BRDA:23,2,0,0
BRDA:23,2,1,0
BRF:5
BRH:0
end_of_record
TN:
SF:lib/hooks/useReducedMotion.ts
FN:3,useReducedMotion
FNF:1
FNH:1
FNDA:2,useReducedMotion
DA:4,2
LF:1
LH:1
BRF:0
BRH:0
end_of_record
TN:
SF:lib/hooks/useSavedLocations.ts
FN:26,withDefaultSaveStatus
FN:29,(anonymous_1)
FN:32,(anonymous_2)
FN:38,useSavedLocations
FN:43,(anonymous_4)
FN:49,(anonymous_5)
FN:74,(anonymous_6)
FN:81,(anonymous_7)
FNF:8
FNH:0
FNDA:0,withDefaultSaveStatus
FNDA:0,(anonymous_1)
FNDA:0,(anonymous_2)
FNDA:0,useSavedLocations
FNDA:0,(anonymous_4)
FNDA:0,(anonymous_5)
FNDA:0,(anonymous_6)
FNDA:0,(anonymous_7)
DA:21,0
DA:24,0
DA:27,0
DA:28,0
DA:30,0
DA:32,0
DA:39,0
DA:40,0
DA:41,0
DA:43,0
DA:44,0
DA:45,0
DA:46,0
DA:47,0
DA:48,0
DA:49,0
DA:50,0
DA:55,0
DA:56,0
DA:57,0
DA:58,0
DA:59,0
DA:60,0
DA:61,0
DA:63,0
DA:64,0
DA:65,0
DA:67,0
DA:68,0
DA:69,0
DA:70,0
DA:74,0
DA:75,0
DA:76,0
DA:77,0
DA:80,0
DA:82,0
DA:86,0
LF:38
LH:0
BRDA:27,0,0,0
BRDA:27,0,1,0
BRDA:30,1,0,0
BRDA:30,1,1,0
BRDA:34,2,0,0
BRDA:34,2,1,0
BRDA:44,3,0,0
BRDA:44,3,1,0
BRDA:48,4,0,0
BRDA:48,4,1,0
BRDA:58,5,0,0
BRDA:58,5,1,0
BRDA:63,6,0,0
BRDA:63,6,1,0
BRDA:67,7,0,0
BRDA:67,7,1,0
BRF:16
BRH:0
end_of_record
TN:
SF:lib/hooks/useSavedPosts.ts
FN:7,(anonymous_0)
FN:9,useSavedPosts
FN:18,(anonymous_2)
FN:30,(anonymous_3)
FN:41,(anonymous_4)
FN:46,(anonymous_5)
FN:47,(anonymous_6)
FN:56,(anonymous_7)
FN:62,(anonymous_8)
FN:72,(anonymous_9)
FNF:10
FNH:0
FNDA:0,(anonymous_0)
FNDA:0,useSavedPosts
FNDA:0,(anonymous_2)
FNDA:0,(anonymous_3)
FNDA:0,(anonymous_4)
FNDA:0,(anonymous_5)
FNDA:0,(anonymous_6)
FNDA:0,(anonymous_7)
FNDA:0,(anonymous_8)
FNDA:0,(anonymous_9)
DA:7,0
DA:10,0
DA:11,0
DA:12,0
DA:13,0
DA:14,0
DA:15,0
DA:16,0
DA:18,0
DA:19,0
DA:20,0
DA:21,0
DA:22,0
DA:24,0
DA:25,0
DA:26,0
DA:27,0
DA:28,0
DA:29,0
DA:30,0
DA:31,0
DA:32,0
DA:33,0
DA:34,0
DA:36,0
DA:38,0
DA:41,0
DA:42,0
DA:43,0
DA:44,0
DA:45,0
DA:46,0
DA:47,0
DA:48,0
DA:50,0
DA:51,0
DA:53,0
DA:56,0
DA:57,0
DA:58,0
DA:59,0
DA:60,0
DA:61,0
DA:62,0
DA:63,0
DA:64,0
DA:65,0
DA:66,0
DA:68,0
DA:71,0
DA:73,0
DA:77,0
LF:52
LH:0
BRDA:19,0,0,0
BRDA:19,0,1,0
BRDA:27,1,0,0
BRDA:27,1,1,0
BRDA:36,2,0,0
BRDA:36,2,1,0
BRDA:42,3,0,0
BRDA:42,3,1,0
BRDA:42,4,0,0
BRDA:42,4,1,0
BRDA:42,4,2,0
BRDA:57,5,0,0
BRDA:57,5,1,0
BRF:13
BRH:0
end_of_record
TN:
SF:lib/hooks/useSavedRestaurants.ts
FN:4,useSavedRestaurants
FN:7,(anonymous_1)
FN:16,(anonymous_2)
FN:17,(anonymous_3)
FNF:4
FNH:0
FNDA:0,useSavedRestaurants
FNDA:0,(anonymous_1)
FNDA:0,(anonymous_2)
FNDA:0,(anonymous_3)
DA:5,0
DA:7,0
DA:8,0
DA:9,0
DA:10,0
DA:12,0
DA:17,0
DA:21,0
LF:8
LH:0
BRDA:8,0,0,0
BRDA:8,0,1,0
BRDA:17,1,0,0
BRDA:17,1,1,0
BRF:4
BRH:0
end_of_record
TN:
SF:lib/hooks/useSearch.ts
FN:85,isAutocompletePrediction
FN:98,useSearch
FN:122,(anonymous_2)
FN:130,(anonymous_3)
FN:154,(anonymous_4)
FN:168,(anonymous_5)
FN:202,(anonymous_6)
FN:243,(anonymous_7)
FN:246,(anonymous_8)
FN:254,(anonymous_9)
FN:255,(anonymous_10)
FN:268,(anonymous_11)
FN:275,(anonymous_12)
FN:289,(anonymous_13)
FN:321,(anonymous_14)
FN:322,(anonymous_15)
FN:322,(anonymous_16)
FN:325,(anonymous_17)
FN:333,(anonymous_18)
FNF:19
FNH:0
FNDA:0,isAutocompletePrediction
FNDA:0,useSearch
FNDA:0,(anonymous_2)
FNDA:0,(anonymous_3)
FNDA:0,(anonymous_4)
FNDA:0,(anonymous_5)
FNDA:0,(anonymous_6)
FNDA:0,(anonymous_7)
FNDA:0,(anonymous_8)
FNDA:0,(anonymous_9)
FNDA:0,(anonymous_10)
FNDA:0,(anonymous_11)
FNDA:0,(anonymous_12)
FNDA:0,(anonymous_13)
FNDA:0,(anonymous_14)
FNDA:0,(anonymous_15)
FNDA:0,(anonymous_16)
FNDA:0,(anonymous_17)
FNDA:0,(anonymous_18)
DA:86,0
DA:87,0
DA:88,0
DA:89,0
DA:104,0
DA:105,0
DA:108,0
DA:109,0
DA:110,0
DA:111,0
DA:112,0
DA:113,0
DA:114,0
DA:115,0
DA:116,0
DA:118,0
DA:119,0
DA:120,0
DA:122,0
DA:123,0
DA:124,0
DA:125,0
DA:126,0
DA:127,0
DA:128,0
DA:130,0
DA:131,0
DA:132,0
DA:133,0
DA:134,0
DA:135,0
DA:136,0
DA:137,0
DA:138,0
DA:139,0
DA:141,0
DA:142,0
DA:143,0
DA:144,0
DA:145,0
DA:146,0
DA:147,0
DA:148,0
DA:149,0
DA:151,0
DA:152,0
DA:154,0
DA:156,0
DA:157,0
DA:158,0
DA:163,0
DA:164,0
DA:165,0
DA:166,0
DA:168,0
DA:169,0
DA:175,0
DA:189,0
DA:200,0
DA:202,0
DA:207,0
DA:236,0
DA:238,0
DA:239,0
DA:240,0
DA:243,0
DA:244,0
DA:246,0
DA:248,0
DA:249,0
DA:250,0
DA:251,0
DA:253,0
DA:254,0
DA:255,0
DA:256,0
DA:257,0
DA:259,0
DA:263,0
DA:266,0
DA:267,0
DA:268,0
DA:271,0
DA:273,0
DA:274,0
DA:275,0
DA:277,0
DA:284,0
DA:287,0
DA:289,0
DA:290,0
DA:293,0
DA:294,0
DA:295,0
DA:296,0
DA:297,0
DA:298,0
DA:301,0
DA:302,0
DA:303,0
DA:304,0
DA:306,0
DA:310,0
DA:311,0
DA:312,0
DA:313,0
DA:315,0
DA:318,0
DA:319,0
DA:320,0
DA:321,0
DA:322,0
DA:323,0
DA:324,0
DA:325,0
DA:327,0
DA:330,0
DA:333,0
DA:336,0
DA:360,0
LF:120
LH:0
BRDA:86,0,0,0
BRDA:86,0,1,0
BRDA:86,1,0,0
BRDA:86,1,1,0
BRDA:90,2,0,0
BRDA:90,2,1,0
BRDA:90,2,2,0
BRDA:90,2,3,0
BRDA:90,2,4,0
BRDA:100,3,0,0
BRDA:101,4,0,0
BRDA:102,5,0,0
BRDA:124,6,0,0
BRDA:124,6,1,0
BRDA:125,7,0,0
BRDA:125,7,1,0
BRDA:128,8,0,0
BRDA:128,8,1,0
BRDA:131,9,0,0
BRDA:131,9,1,0
BRDA:131,10,0,0
BRDA:131,10,1,0
BRDA:141,11,0,0
BRDA:141,11,1,0
BRDA:141,12,0,0
BRDA:141,12,1,0
BRDA:157,13,0,0
BRDA:157,13,1,0
BRDA:163,14,0,0
BRDA:163,14,1,0
BRDA:163,15,0,0
BRDA:163,15,1,0
BRDA:165,16,0,0
BRDA:165,16,1,0
BRDA:166,17,0,0
BRDA:166,17,1,0
BRDA:169,18,0,0
BRDA:169,18,1,0
BRDA:175,19,0,0
BRDA:175,19,1,0
BRDA:175,20,0,0
BRDA:175,20,1,0
BRDA:181,21,0,0
BRDA:181,21,1,0
BRDA:183,22,0,0
BRDA:183,22,1,0
BRDA:184,23,0,0
BRDA:184,23,1,0
BRDA:189,24,0,0
BRDA:189,24,1,0
BRDA:189,25,0,0
BRDA:189,25,1,0
BRDA:189,25,2,0
BRDA:189,25,3,0
BRDA:189,25,4,0
BRDA:193,26,0,0
BRDA:193,26,1,0
BRDA:200,27,0,0
BRDA:200,27,1,0
BRDA:200,28,0,0
BRDA:200,28,1,0
BRDA:200,28,2,0
BRDA:200,28,3,0
BRDA:203,29,0,0
BRDA:203,29,1,0
BRDA:215,30,0,0
BRDA:215,30,1,0
BRDA:224,31,0,0
BRDA:224,31,1,0
BRDA:227,32,0,0
BRDA:227,32,1,0
BRDA:229,33,0,0
BRDA:229,33,1,0
BRDA:236,34,0,0
BRDA:236,34,1,0
BRDA:236,35,0,0
BRDA:236,35,1,0
BRDA:236,35,2,0
BRDA:239,36,0,0
BRDA:239,36,1,0
BRDA:243,37,0,0
BRDA:243,37,1,0
BRDA:244,38,0,0
BRDA:244,38,1,0
BRDA:245,39,0,0
BRDA:245,39,1,0
BRDA:246,40,0,0
BRDA:246,40,1,0
BRDA:251,41,0,0
BRDA:251,41,1,0
BRDA:251,42,0,0
BRDA:251,42,1,0
BRDA:251,42,2,0
BRDA:254,43,0,0
BRDA:254,43,1,0
BRDA:256,44,0,0
BRDA:256,44,1,0
BRDA:263,45,0,0
BRDA:263,45,1,0
BRDA:266,46,0,0
BRDA:266,46,1,0
BRDA:266,47,0,0
BRDA:266,47,1,0
BRDA:273,48,0,0
BRDA:273,48,1,0
BRDA:273,49,0,0
BRDA:273,49,1,0
BRDA:284,50,0,0
BRDA:284,50,1,0
BRDA:287,51,0,0
BRDA:287,51,1,0
BRDA:287,51,2,0
BRDA:290,52,0,0
BRDA:290,52,1,0
BRDA:293,53,0,0
BRDA:293,53,1,0
BRDA:294,54,0,0
BRDA:294,54,1,0
BRDA:298,55,0,0
BRDA:298,55,1,0
BRDA:301,56,0,0
BRDA:301,56,1,0
BRDA:301,57,0,0
BRDA:301,57,1,0
BRDA:301,57,2,0
BRDA:310,58,0,0
BRDA:310,58,1,0
BRDA:312,59,0,0
BRDA:312,59,1,0
BRDA:313,60,0,0
BRDA:313,60,1,0
BRDA:313,61,0,0
BRDA:313,61,1,0
BRDA:318,62,0,0
BRDA:318,62,1,0
BRDA:320,63,0,0
BRDA:320,63,1,0
BRDA:323,64,0,0
BRDA:323,64,1,0
BRDA:366,65,0,0
BRDA:366,65,1,0
BRDA:368,66,0,0
BRDA:368,66,1,0
BRDA:368,67,0,0
BRDA:368,67,1,0
BRDA:368,67,2,0
BRF:146
BRH:0
end_of_record
TN:
SF:lib/hooks/useSearchHistory.ts
FN:14,buildAffinities
FN:20,(anonymous_1)
FN:38,useSearchHistory
FN:48,(anonymous_3)
FN:49,(anonymous_4)
FN:58,(anonymous_5)
FN:62,loadSearchHistory
FN:72,(anonymous_7)
FN:73,(anonymous_8)
FN:85,(anonymous_9)
FN:86,(anonymous_10)
FN:104,(anonymous_11)
FN:110,(anonymous_12)
FN:111,(anonymous_13)
FN:112,(anonymous_14)
FNF:15
FNH:0
FNDA:0,buildAffinities
FNDA:0,(anonymous_1)
FNDA:0,useSearchHistory
FNDA:0,(anonymous_3)
FNDA:0,(anonymous_4)
FNDA:0,(anonymous_5)
FNDA:0,loadSearchHistory
FNDA:0,(anonymous_7)
FNDA:0,(anonymous_8)
FNDA:0,(anonymous_9)
FNDA:0,(anonymous_10)
FNDA:0,(anonymous_11)
FNDA:0,(anonymous_12)
FNDA:0,(anonymous_13)
FNDA:0,(anonymous_14)
DA:15,0
DA:16,0
DA:17,0
DA:20,0
DA:21,0
DA:22,0
DA:23,0
DA:24,0
DA:28,0
DA:29,0
DA:30,0
DA:31,0
DA:33,0
DA:36,0
DA:43,0
DA:44,0
DA:45,0
DA:48,0
DA:49,0
DA:50,0
DA:51,0
DA:52,0
DA:58,0
DA:59,0
DA:60,0
DA:63,0
DA:64,0
DA:65,0
DA:66,0
DA:68,0
DA:71,0
DA:72,0
DA:73,0
DA:75,0
DA:76,0
DA:77,0
DA:84,0
DA:85,0
DA:86,0
DA:89,0
DA:90,0
DA:91,0
DA:92,0
DA:93,0
DA:94,0
DA:95,0
DA:96,0
DA:98,0
DA:99,0
DA:103,0
DA:104,0
DA:105,0
DA:110,0
DA:111,0
DA:112,0
DA:113,0
DA:114,0
DA:116,0
DA:117,0
DA:121,0
LF:60
LH:0
BRDA:22,0,0,0
BRDA:22,0,1,0
BRDA:24,1,0,0
BRDA:24,1,1,0
BRDA:50,2,0,0
BRDA:50,2,1,0
BRDA:52,3,0,0
BRDA:52,3,1,0
BRDA:59,4,0,0
BRDA:59,4,1,0
BRDA:73,5,0,0
BRDA:73,5,1,0
BRDA:75,6,0,0
BRDA:75,6,1,0
BRDA:84,7,0,0
BRDA:84,7,1,0
BRDA:86,8,0,0
BRDA:86,8,1,0
BRDA:89,9,0,0
BRDA:89,9,1,0
BRDA:95,10,0,0
BRDA:95,10,1,0
BRDA:96,11,0,0
BRDA:96,11,1,0
BRDA:116,12,0,0
BRDA:116,12,1,0
BRF:26
BRH:0
end_of_record
TN:
SF:lib/hooks/useSearchResults.ts
FN:70,useSearchResults
FN:96,(anonymous_1)
FN:100,(anonymous_2)
FN:104,(anonymous_3)
FN:104,(anonymous_4)
FN:107,(anonymous_5)
FN:108,(anonymous_6)
FN:123,(anonymous_7)
FN:125,(anonymous_8)
FN:130,(anonymous_9)
FN:131,(anonymous_10)
FN:143,(anonymous_11)
FN:146,(anonymous_12)
FN:149,(anonymous_13)
FN:152,(anonymous_14)
FN:153,(anonymous_15)
FN:155,(anonymous_16)
FN:156,(anonymous_17)
FN:167,(anonymous_18)
FN:169,(anonymous_19)
FN:174,(anonymous_20)
FN:177,(anonymous_21)
FN:188,(anonymous_22)
FN:189,(anonymous_23)
FN:190,(anonymous_24)
FN:191,(anonymous_25)
FN:193,(anonymous_26)
FN:194,(anonymous_27)
FN:197,(anonymous_28)
FN:217,(anonymous_29)
FN:246,(anonymous_30)
FN:249,(anonymous_31)
FN:257,(anonymous_32)
FN:258,(anonymous_33)
FN:259,(anonymous_34)
FN:294,(anonymous_35)
FN:297,(anonymous_36)
FN:300,(anonymous_37)
FN:304,(anonymous_38)
FN:305,(anonymous_39)
FN:306,(anonymous_40)
FN:340,(anonymous_41)
FN:345,(anonymous_42)
FN:346,(anonymous_43)
FN:350,(anonymous_44)
FN:354,(anonymous_45)
FN:371,(anonymous_46)
FN:376,(anonymous_47)
FN:389,(anonymous_48)
FN:420,(anonymous_49)
FN:428,(anonymous_50)
FNF:51
FNH:0
FNDA:0,useSearchResults
FNDA:0,(anonymous_1)
FNDA:0,(anonymous_2)
FNDA:0,(anonymous_3)
FNDA:0,(anonymous_4)
FNDA:0,(anonymous_5)
FNDA:0,(anonymous_6)
FNDA:0,(anonymous_7)
FNDA:0,(anonymous_8)
FNDA:0,(anonymous_9)
FNDA:0,(anonymous_10)
FNDA:0,(anonymous_11)
FNDA:0,(anonymous_12)
FNDA:0,(anonymous_13)
FNDA:0,(anonymous_14)
FNDA:0,(anonymous_15)
FNDA:0,(anonymous_16)
FNDA:0,(anonymous_17)
FNDA:0,(anonymous_18)
FNDA:0,(anonymous_19)
FNDA:0,(anonymous_20)
FNDA:0,(anonymous_21)
FNDA:0,(anonymous_22)
FNDA:0,(anonymous_23)
FNDA:0,(anonymous_24)
FNDA:0,(anonymous_25)
FNDA:0,(anonymous_26)
FNDA:0,(anonymous_27)
FNDA:0,(anonymous_28)
FNDA:0,(anonymous_29)
FNDA:0,(anonymous_30)
FNDA:0,(anonymous_31)
FNDA:0,(anonymous_32)
FNDA:0,(anonymous_33)
FNDA:0,(anonymous_34)
FNDA:0,(anonymous_35)
FNDA:0,(anonymous_36)
FNDA:0,(anonymous_37)
FNDA:0,(anonymous_38)
FNDA:0,(anonymous_39)
FNDA:0,(anonymous_40)
FNDA:0,(anonymous_41)
FNDA:0,(anonymous_42)
FNDA:0,(anonymous_43)
FNDA:0,(anonymous_44)
FNDA:0,(anonymous_45)
FNDA:0,(anonymous_46)
FNDA:0,(anonymous_47)
FNDA:0,(anonymous_48)
FNDA:0,(anonymous_49)
FNDA:0,(anonymous_50)
DA:93,0
DA:97,0
DA:100,0
DA:101,0
DA:102,0
DA:104,0
DA:106,0
DA:107,0
DA:109,0
DA:110,0
DA:111,0
DA:113,0
DA:114,0
DA:116,0
DA:117,0
DA:118,0
DA:119,0
DA:121,0
DA:123,0
DA:124,0
DA:125,0
DA:129,0
DA:130,0
DA:132,0
DA:133,0
DA:134,0
DA:135,0
DA:136,0
DA:137,0
DA:138,0
DA:141,0
DA:143,0
DA:144,0
DA:145,0
DA:146,0
DA:149,0
DA:150,0
DA:152,0
DA:153,0
DA:154,0
DA:155,0
DA:157,0
DA:158,0
DA:159,0
DA:160,0
DA:161,0
DA:162,0
DA:165,0
DA:167,0
DA:168,0
DA:169,0
DA:171,0
DA:174,0
DA:175,0
DA:176,0
DA:178,0
DA:186,0
DA:188,0
DA:189,0
DA:190,0
DA:191,0
DA:192,0
DA:193,0
DA:195,0
DA:197,0
DA:201,0
DA:210,0
DA:213,0
DA:218,0
DA:219,0
DA:220,0
DA:221,0
DA:224,0
DA:226,0
DA:227,0
DA:228,0
DA:229,0
DA:230,0
DA:231,0
DA:235,0
DA:236,0
DA:240,0
DA:245,0
DA:246,0
DA:248,0
DA:249,0
DA:250,0
DA:251,0
DA:252,0
DA:255,0
DA:256,0
DA:257,0
DA:258,0
DA:260,0
DA:261,0
DA:262,0
DA:264,0
DA:266,0
DA:267,0
DA:268,0
DA:270,0
DA:271,0
DA:272,0
DA:273,0
DA:275,0
DA:276,0
DA:277,0
DA:278,0
DA:280,0
DA:281,0
DA:284,0
DA:286,0
DA:288,0
DA:289,0
DA:292,0
DA:294,0
DA:296,0
DA:297,0
DA:298,0
DA:300,0
DA:303,0
DA:304,0
DA:305,0
DA:307,0
DA:308,0
DA:309,0
DA:311,0
DA:312,0
DA:313,0
DA:314,0
DA:316,0
DA:317,0
DA:318,0
DA:319,0
DA:321,0
DA:322,0
DA:323,0
DA:324,0
DA:325,0
DA:326,0
DA:329,0
DA:331,0
DA:333,0
DA:334,0
DA:335,0
DA:338,0
DA:340,0
DA:341,0
DA:345,0
DA:346,0
DA:348,0
DA:351,0
DA:355,0
DA:369,0
DA:371,0
DA:374,0
DA:375,0
DA:377,0
DA:378,0
DA:379,0
DA:380,0
DA:382,0
DA:383,0
DA:384,0
DA:385,0
DA:387,0
DA:390,0
DA:391,0
DA:402,0
DA:420,0
DA:421,0
DA:427,0
DA:428,0
DA:429,0
DA:430,0
DA:433,0
LF:176
LH:0
BRDA:97,0,0,0
BRDA:97,0,1,0
BRDA:97,1,0,0
BRDA:97,1,1,0
BRDA:101,2,0,0
BRDA:101,2,1,0
BRDA:109,3,0,0
BRDA:109,3,1,0
BRDA:110,4,0,0
BRDA:110,4,1,0
BRDA:113,5,0,0
BRDA:113,5,1,0
BRDA:113,6,0,0
BRDA:113,6,1,0
BRDA:118,7,0,0
BRDA:118,7,1,0
BRDA:118,8,0,0
BRDA:118,8,1,0
BRDA:118,8,2,0
BRDA:123,9,0,0
BRDA:123,9,1,0
BRDA:133,10,0,0
BRDA:133,10,1,0
BRDA:134,11,0,0
BRDA:134,11,1,0
BRDA:134,12,0,0
BRDA:134,12,1,0
BRDA:137,13,0,0
BRDA:137,13,1,0
BRDA:137,14,0,0
BRDA:137,14,1,0
BRDA:137,14,2,0
BRDA:145,15,0,0
BRDA:145,15,1,0
BRDA:150,16,0,0
BRDA:150,16,1,0
BRDA:158,17,0,0
BRDA:158,17,1,0
BRDA:161,18,0,0
BRDA:161,18,1,0
BRDA:161,19,0,0
BRDA:161,19,1,0
BRDA:161,19,2,0
BRDA:175,20,0,0
BRDA:175,20,1,0
BRDA:175,21,0,0
BRDA:175,21,1,0
BRDA:195,22,0,0
BRDA:195,22,1,0
BRDA:203,23,0,0
BRDA:203,23,1,0
BRDA:218,24,0,0
BRDA:218,24,1,0
BRDA:218,25,0,0
BRDA:218,25,1,0
BRDA:220,26,0,0
BRDA:220,26,1,0
BRDA:220,27,0,0
BRDA:220,27,1,0
BRDA:230,28,0,0
BRDA:230,28,1,0
BRDA:233,29,0,0
BRDA:233,29,1,0
BRDA:235,30,0,0
BRDA:235,30,1,0
BRDA:238,31,0,0
BRDA:238,31,1,0
BRDA:240,32,0,0
BRDA:240,32,1,0
BRDA:252,33,0,0
BRDA:252,33,1,0
BRDA:252,34,0,0
BRDA:252,34,1,0
BRDA:260,35,0,0
BRDA:260,35,1,0
BRDA:261,36,0,0
BRDA:261,36,1,0
BRDA:264,37,0,0
BRDA:264,37,1,0
BRDA:264,37,2,0
BRDA:267,38,0,0
BRDA:267,38,1,0
BRDA:267,38,2,0
BRDA:270,39,0,0
BRDA:270,39,1,0
BRDA:270,39,2,0
BRDA:271,40,0,0
BRDA:271,40,1,0
BRDA:272,41,0,0
BRDA:272,41,1,0
BRDA:272,42,0,0
BRDA:272,42,1,0
BRDA:273,43,0,0
BRDA:273,43,1,0
BRDA:276,44,0,0
BRDA:276,44,1,0
BRDA:278,45,0,0
BRDA:278,45,1,0
BRDA:278,46,0,0
BRDA:278,46,1,0
BRDA:280,47,0,0
BRDA:280,47,1,0
BRDA:280,48,0,0
BRDA:280,48,1,0
BRDA:281,49,0,0
BRDA:281,49,1,0
BRDA:284,50,0,0
BRDA:284,50,1,0
BRDA:284,51,0,0
BRDA:284,51,1,0
BRDA:284,51,2,0
BRDA:286,52,0,0
BRDA:286,52,1,0
BRDA:289,53,0,0
BRDA:289,53,1,0
BRDA:289,54,0,0
BRDA:289,54,1,0
BRDA:289,54,2,0
BRDA:289,54,3,0
BRDA:296,55,0,0
BRDA:296,55,1,0
BRDA:296,56,0,0
BRDA:296,56,1,0
BRDA:308,57,0,0
BRDA:308,57,1,0
BRDA:311,58,0,0
BRDA:311,58,1,0
BRDA:311,58,2,0
BRDA:313,59,0,0
BRDA:313,59,1,0
BRDA:313,59,2,0
BRDA:316,60,0,0
BRDA:316,60,1,0
BRDA:316,60,2,0
BRDA:317,61,0,0
BRDA:317,61,1,0
BRDA:318,62,0,0
BRDA:318,62,1,0
BRDA:318,63,0,0
BRDA:318,63,1,0
BRDA:319,64,0,0
BRDA:319,64,1,0
BRDA:322,65,0,0
BRDA:322,65,1,0
BRDA:324,66,0,0
BRDA:324,66,1,0
BRDA:324,67,0,0
BRDA:324,67,1,0
BRDA:325,68,0,0
BRDA:325,68,1,0
BRDA:325,69,0,0
BRDA:325,69,1,0
BRDA:326,70,0,0
BRDA:326,70,1,0
BRDA:329,71,0,0
BRDA:329,71,1,0
BRDA:329,72,0,0
BRDA:329,72,1,0
BRDA:329,72,2,0
BRDA:331,73,0,0
BRDA:331,73,1,0
BRDA:334,74,0,0
BRDA:334,74,1,0
BRDA:334,75,0,0
BRDA:334,75,1,0
BRDA:334,75,2,0
BRDA:334,75,3,0
BRDA:351,76,0,0
BRDA:351,76,1,0
BRDA:369,77,0,0
BRDA:369,77,1,0
BRDA:377,78,0,0
BRDA:377,78,1,0
BRDA:378,79,0,0
BRDA:378,79,1,0
BRDA:379,80,0,0
BRDA:379,80,1,0
BRDA:382,81,0,0
BRDA:382,81,1,0
BRDA:383,82,0,0
BRDA:383,82,1,0
BRDA:384,83,0,0
BRDA:384,83,1,0
BRDA:385,84,0,0
BRDA:385,84,1,0
BRDA:395,85,0,0
BRDA:395,85,1,0
BRDA:395,86,0,0
BRDA:395,86,1,0
BRDA:396,87,0,0
BRDA:396,87,1,0
BRDA:397,88,0,0
BRDA:397,88,1,0
BRDA:397,89,0,0
BRDA:397,89,1,0
BRDA:421,90,0,0
BRDA:421,90,1,0
BRDA:422,91,0,0
BRDA:422,91,1,0
BRDA:422,91,2,0
BRDA:422,91,3,0
BRDA:422,91,4,0
BRDA:429,92,0,0
BRDA:429,92,1,0
BRF:204
BRH:0
end_of_record
TN:
SF:lib/hooks/useTopicFollows.ts
FN:4,useTopicFollows
FN:7,(anonymous_1)
FN:13,(anonymous_2)
FN:16,(anonymous_3)
FNF:4
FNH:0
FNDA:0,useTopicFollows
FNDA:0,(anonymous_1)
FNDA:0,(anonymous_2)
FNDA:0,(anonymous_3)
DA:5,0
DA:7,0
DA:8,0
DA:9,0
DA:10,0
DA:11,0
DA:13,0
DA:14,0
DA:16,0
DA:17,0
DA:21,0
LF:11
LH:0
BRDA:9,0,0,0
BRDA:9,0,1,0
BRDA:14,1,0,0
BRDA:14,1,1,0
BRF:4
BRH:0
end_of_record
TN:
SF:lib/hooks/useTrendingData.ts
FN:11,useTrendingData
FN:16,(anonymous_1)
FN:32,(anonymous_2)
FN:53,(anonymous_3)
FN:55,(anonymous_4)
FN:72,(anonymous_5)
FN:74,(anonymous_6)
FNF:7
FNH:0
FNDA:0,useTrendingData
FNDA:0,(anonymous_1)
FNDA:0,(anonymous_2)
FNDA:0,(anonymous_3)
FNDA:0,(anonymous_4)
FNDA:0,(anonymous_5)
FNDA:0,(anonymous_6)
DA:12,0
DA:13,0
DA:14,0
DA:16,0
DA:17,0
DA:19,0
DA:33,0
DA:34,0
DA:35,0
DA:36,0
DA:37,0
DA:38,0
DA:39,0
DA:40,0
DA:43,0
DA:45,0
DA:46,0
DA:47,0
DA:48,0
DA:51,0
DA:53,0
DA:55,0
DA:58,0
DA:59,0
DA:65,0
DA:66,0
DA:67,0
DA:70,0
DA:72,0
DA:74,0
DA:79,0
LF:31
LH:0
BRDA:36,0,0,0
BRDA:36,0,1,0
BRDA:38,1,0,0
BRDA:38,1,1,0
BRDA:38,2,0,0
BRDA:38,2,1,0
BRDA:46,3,0,0
BRDA:46,3,1,0
BRDA:47,4,0,0
BRDA:47,4,1,0
BRDA:48,5,0,0
BRDA:48,5,1,0
BRDA:65,6,0,0
BRDA:65,6,1,0
BRDA:66,7,0,0
BRDA:66,7,1,0
BRDA:67,8,0,0
BRDA:67,8,1,0
BRDA:67,9,0,0
BRDA:67,9,1,0
BRF:20
BRH:0
end_of_record
TN:
SF:lib/hooks/useUnreadMessageCount.ts
FN:5,useUnreadMessageCount
FN:9,isMissingRequestStateColumn
FN:14,fetchUnreadCount
FN:41,(anonymous_3)
FN:53,(anonymous_4)
FN:69,(anonymous_5)
FN:72,(anonymous_6)
FN:90,(anonymous_7)
FN:95,(anonymous_8)
FN:103,(anonymous_9)
FNF:10
FNH:0
FNDA:0,useUnreadMessageCount
FNDA:0,isMissingRequestStateColumn
FNDA:0,fetchUnreadCount
FNDA:0,(anonymous_3)
FNDA:0,(anonymous_4)
FNDA:0,(anonymous_5)
FNDA:0,(anonymous_6)
FNDA:0,(anonymous_7)
FNDA:0,(anonymous_8)
FNDA:0,(anonymous_9)
DA:6,0
DA:7,0
DA:10,0
DA:11,0
DA:15,0
DA:16,0
DA:20,0
DA:21,0
DA:22,0
DA:25,0
DA:26,0
DA:29,0
DA:30,0
DA:31,0
DA:41,0
DA:42,0
DA:43,0
DA:44,0
DA:47,0
DA:48,0
DA:49,0
DA:52,0
DA:54,0
DA:60,0
DA:61,0
DA:64,0
DA:65,0
DA:69,0
DA:72,0
DA:73,0
DA:74,0
DA:75,0
DA:78,0
DA:83,0
DA:84,0
DA:85,0
DA:90,0
DA:95,0
DA:98,0
DA:103,0
DA:104,0
DA:108,0
LF:42
LH:0
BRDA:10,0,0,0
BRDA:10,0,1,0
BRDA:11,1,0,0
BRDA:11,1,1,0
BRDA:20,2,0,0
BRDA:20,2,1,0
BRDA:20,3,0,0
BRDA:20,3,1,0
BRDA:29,4,0,0
BRDA:29,4,1,0
BRDA:41,5,0,0
BRDA:41,5,1,0
BRDA:42,6,0,0
BRDA:42,6,1,0
BRDA:43,7,0,0
BRDA:43,7,1,0
BRDA:44,8,0,0
BRDA:44,8,1,0
BRDA:44,9,0,0
BRDA:44,9,1,0
BRDA:47,10,0,0
BRDA:47,10,1,0
BRDA:60,11,0,0
BRDA:60,11,1,0
BRDA:65,12,0,0
BRDA:65,12,1,0
BRDA:73,13,0,0
BRDA:73,13,1,0
BRDA:104,14,0,0
BRDA:104,14,1,0
BRF:30
BRH:0
end_of_record
TN:
SF:lib/hooks/useUserLocation.ts
FN:10,useUserLocation
FN:16,(anonymous_1)
FN:42,(anonymous_2)
FN:74,(anonymous_3)
FN:83,(anonymous_4)
FNF:5
FNH:0
FNDA:0,useUserLocation
FNDA:0,(anonymous_1)
FNDA:0,(anonymous_2)
FNDA:0,(anonymous_3)
FNDA:0,(anonymous_4)
DA:7,0
DA:8,0
DA:11,0
DA:12,0
DA:13,0
DA:14,0
DA:16,0
DA:17,0
DA:18,0
DA:19,0
DA:20,0
DA:21,0
DA:22,0
DA:23,0
DA:24,0
DA:27,0
DA:28,0
DA:29,0
DA:30,0
DA:31,0
DA:32,0
DA:33,0
DA:34,0
DA:36,0
DA:37,0
DA:38,0
DA:42,0
DA:43,0
DA:44,0
DA:45,0
DA:46,0
DA:49,0
DA:50,0
DA:51,0
DA:52,0
DA:53,0
DA:54,0
DA:55,0
DA:56,0
DA:57,0
DA:60,0
DA:61,0
DA:62,0
DA:63,0
DA:64,0
DA:65,0
DA:66,0
DA:68,0
DA:69,0
DA:70,0
DA:74,0
DA:75,0
DA:76,0
DA:77,0
DA:78,0
DA:79,0
DA:80,0
DA:83,0
DA:84,0
DA:85,0
DA:89,0
LF:61
LH:0
BRDA:10,0,0,0
BRDA:13,1,0,0
BRDA:13,1,1,0
BRDA:21,2,0,0
BRDA:21,2,1,0
BRDA:44,3,0,0
BRDA:44,3,1,0
BRDA:54,4,0,0
BRDA:54,4,1,0
BRDA:84,5,0,0
BRDA:84,5,1,0
BRDA:84,6,0,0
BRDA:84,6,1,0
BRF:13
BRH:0
end_of_record
TN:
SF:lib/services/auth.ts
FN:3,getCurrentUser
FN:9,reauthenticate
FN:14,updatePassword
FN:19,updateEmail
FN:24,restoreSession
FN:29,signOut
FN:34,getSession
FNF:7
FNH:0
FNDA:0,getCurrentUser
FNDA:0,reauthenticate
FNDA:0,updatePassword
FNDA:0,updateEmail
FNDA:0,restoreSession
FNDA:0,signOut
FNDA:0,getSession
DA:4,0
DA:5,0
DA:6,0
DA:10,0
DA:11,0
DA:15,0
DA:16,0
DA:20,0
DA:21,0
DA:25,0
DA:26,0
DA:30,0
DA:31,0
DA:35,0
DA:36,0
LF:15
LH:0
BRDA:5,0,0,0
BRDA:5,0,1,0
BRDA:11,1,0,0
BRDA:11,1,1,0
BRDA:16,2,0,0
BRDA:16,2,1,0
BRDA:21,3,0,0
BRDA:21,3,1,0
BRDA:26,4,0,0
BRDA:26,4,1,0
BRDA:31,5,0,0
BRDA:31,5,1,0
BRF:12
BRH:0
end_of_record
TN:
SF:lib/services/collections.ts
FN:22,fetchCollections
FN:29,(anonymous_1)
FN:32,fetchStaffPickCollections
FN:41,(anonymous_3)
FN:44,fetchRestaurantCollectionItems
FN:50,(anonymous_5)
FN:60,(anonymous_6)
FN:63,makeCollectionShareable
FN:76,updateSavedLocationStatus
FNF:9
FNH:0
FNDA:0,fetchCollections
FNDA:0,(anonymous_1)
FNDA:0,fetchStaffPickCollections
FNDA:0,(anonymous_3)
FNDA:0,fetchRestaurantCollectionItems
FNDA:0,(anonymous_5)
FNDA:0,(anonymous_6)
FNDA:0,makeCollectionShareable
FNDA:0,updateSavedLocationStatus
DA:23,0
DA:29,0
DA:33,0
DA:41,0
DA:48,0
DA:49,0
DA:50,0
DA:51,0
DA:53,0
DA:60,0
DA:64,0
DA:65,0
DA:73,0
DA:80,0
DA:84,0
LF:15
LH:0
BRDA:29,0,0,0
BRDA:29,0,1,0
BRDA:41,1,0,0
BRDA:41,1,1,0
BRDA:48,2,0,0
BRDA:48,2,1,0
BRDA:51,3,0,0
BRDA:51,3,1,0
BRDA:60,4,0,0
BRDA:60,4,1,0
BRDA:73,5,0,0
BRDA:73,5,1,0
BRDA:84,6,0,0
BRDA:84,6,1,0
BRF:14
BRH:0
end_of_record
TN:
SF:lib/services/comments.ts
FN:14,fetchComments
FN:22,(anonymous_1)
FN:23,(anonymous_2)
FN:26,fetchPostComments
FN:30,deleteComment
FN:35,deleteOwnComment
FN:39,addComment
FN:46,addPostComment
FN:59,addReply
FN:76,reportComment
FNF:10
FNH:0
FNDA:0,fetchComments
FNDA:0,(anonymous_1)
FNDA:0,(anonymous_2)
FNDA:0,fetchPostComments
FNDA:0,deleteComment
FNDA:0,deleteOwnComment
FNDA:0,addComment
FNDA:0,addPostComment
FNDA:0,addReply
FNDA:0,reportComment
DA:15,0
DA:21,0
DA:22,0
DA:23,0
DA:27,0
DA:31,0
DA:32,0
DA:36,0
DA:40,0
DA:41,0
DA:42,0
DA:43,0
DA:52,0
DA:53,0
DA:54,0
DA:56,0
DA:65,0
DA:71,0
DA:72,0
DA:73,0
DA:81,0
LF:21
LH:0
BRDA:21,0,0,0
BRDA:21,0,1,0
BRDA:23,1,0,0
BRDA:23,1,1,0
BRDA:32,2,0,0
BRDA:32,2,1,0
BRDA:41,3,0,0
BRDA:41,3,1,0
BRDA:52,4,0,0
BRDA:52,4,1,0
BRDA:71,5,0,0
BRDA:71,5,1,0
BRDA:79,6,0,0
BRF:13
BRH:0
end_of_record
TN:
SF:lib/services/crashReporting.ts
FN:7,initializeCrashReporting
FN:22,captureCrash
FN:27,withCrashReporting
FNF:3
FNH:0
FNDA:0,initializeCrashReporting
FNDA:0,captureCrash
FNDA:0,withCrashReporting
DA:5,0
DA:8,0
DA:10,0
DA:19,0
DA:23,0
DA:24,0
DA:28,0
LF:7
LH:0
BRDA:8,0,0,0
BRDA:8,0,1,0
BRDA:8,1,0,0
BRDA:8,1,1,0
BRDA:8,1,2,0
BRDA:23,2,0,0
BRDA:23,2,1,0
BRF:7
BRH:0
end_of_record
TN:
SF:lib/services/gifs.ts
FN:14,getGiphyApiKey
FN:31,hasGifProvider
FN:49,mapGiphyResult
FN:67,fetchGifs
FN:91,(anonymous_4)
FN:92,(anonymous_5)
FNF:6
FNH:3
FNDA:3,getGiphyApiKey
FNDA:3,hasGifProvider
FNDA:0,mapGiphyResult
FNDA:2,fetchGifs
FNDA:0,(anonymous_4)
FNDA:0,(anonymous_5)
DA:12,1
DA:15,3
DA:16,3
DA:20,0
DA:21,0
DA:25,0
DA:32,3
DA:50,0
DA:51,0
DA:52,0
DA:53,0
DA:54,0
DA:55,0
DA:57,0
DA:68,2
DA:69,2
DA:71,0
DA:73,0
DA:79,0
DA:80,0
DA:81,0
DA:83,0
DA:84,0
DA:85,0
DA:86,0
DA:88,0
DA:89,0
DA:90,0
DA:91,0
DA:92,0
DA:93,0
DA:95,0
LF:32
LH:6
BRDA:15,0,0,3
BRDA:15,0,1,0
BRDA:16,1,0,3
BRDA:16,1,1,3
BRDA:16,1,2,3
BRDA:20,2,0,0
BRDA:20,2,1,0
BRDA:21,3,0,0
BRDA:21,3,1,0
BRDA:21,3,2,0
BRDA:25,4,0,0
BRDA:25,4,1,0
BRDA:25,4,2,0
BRDA:25,4,3,0
BRDA:50,5,0,0
BRDA:50,5,1,0
BRDA:51,6,0,0
BRDA:51,6,1,0
BRDA:51,6,2,0
BRDA:52,7,0,0
BRDA:52,7,1,0
BRDA:52,7,2,0
BRDA:52,7,3,0
BRDA:55,8,0,0
BRDA:55,8,1,0
BRDA:55,9,0,0
BRDA:55,9,1,0
BRDA:55,9,2,0
BRDA:59,10,0,0
BRDA:59,10,1,0
BRDA:62,11,0,0
BRDA:62,11,1,0
BRDA:63,12,0,0
BRDA:63,12,1,0
BRDA:68,13,0,2
BRDA:68,13,1,0
BRDA:80,14,0,0
BRDA:80,14,1,0
BRDA:81,15,0,0
BRDA:81,15,1,0
BRDA:85,16,0,0
BRDA:85,16,1,0
BRDA:89,17,0,0
BRDA:89,17,1,0
BRDA:89,18,0,0
BRDA:89,18,1,0
BRDA:89,18,2,0
BRDA:90,19,0,0
BRDA:90,19,1,0
BRF:49
BRH:5
end_of_record
TN:
SF:lib/services/googlePlaces.ts
FN:26,logProviderUsage
FN:29,(anonymous_1)
FN:40,(anonymous_2)
FN:43,cachedJson
FN:65,(anonymous_4)
FN:71,(anonymous_5)
FN:76,(anonymous_6)
FN:87,fetchPlaceAutocompleteJson
FN:120,fetchPlaceDetailsJson
FN:141,fetchPlaceTextSearchJson
FN:159,fetchAreaSuggestionsJson
FN:184,buildGooglePlacePhotoUrl
FNF:12
FNH:0
FNDA:0,logProviderUsage
FNDA:0,(anonymous_1)
FNDA:0,(anonymous_2)
FNDA:0,cachedJson
FNDA:0,(anonymous_4)
FNDA:0,(anonymous_5)
FNDA:0,(anonymous_6)
FNDA:0,fetchPlaceAutocompleteJson
FNDA:0,fetchPlaceDetailsJson
FNDA:0,fetchPlaceTextSearchJson
FNDA:0,fetchAreaSuggestionsJson
FNDA:0,buildGooglePlacePhotoUrl
DA:12,0
DA:13,0
DA:14,0
DA:15,0
DA:27,0
DA:30,0
DA:31,0
DA:32,0
DA:40,0
DA:49,0
DA:50,0
DA:51,0
DA:52,0
DA:53,0
DA:56,0
DA:57,0
DA:58,0
DA:59,0
DA:60,0
DA:63,0
DA:64,0
DA:66,0
DA:67,0
DA:68,0
DA:69,0
DA:72,0
DA:73,0
DA:74,0
DA:77,0
DA:78,0
DA:79,0
DA:82,0
DA:83,0
DA:84,0
DA:92,0
DA:93,0
DA:100,0
DA:101,0
DA:102,0
DA:105,0
DA:106,0
DA:107,0
DA:108,0
DA:124,0
DA:125,0
DA:126,0
DA:127,0
DA:142,0
DA:143,0
DA:144,0
DA:145,0
DA:163,0
DA:164,0
DA:171,0
DA:172,0
DA:173,0
DA:175,0
DA:178,0
DA:179,0
DA:180,0
DA:181,0
DA:185,0
DA:186,0
LF:63
LH:0
BRDA:31,0,0,0
BRDA:31,0,1,0
BRDA:34,1,0,0
BRDA:34,1,1,0
BRDA:51,2,0,0
BRDA:51,2,1,0
BRDA:51,3,0,0
BRDA:51,3,1,0
BRDA:57,4,0,0
BRDA:57,4,1,0
BRDA:66,5,0,0
BRDA:66,5,1,0
BRDA:68,6,0,0
BRDA:68,6,1,0
BRDA:100,7,0,0
BRDA:100,7,1,0
BRDA:100,8,0,0
BRDA:100,8,1,0
BRDA:105,9,0,0
BRDA:105,9,1,0
BRDA:106,10,0,0
BRDA:106,10,1,0
BRDA:109,11,0,0
BRDA:109,11,1,0
BRDA:110,12,0,0
BRDA:110,12,1,0
BRDA:124,13,0,0
BRDA:124,13,1,0
BRDA:124,14,0,0
BRDA:124,14,1,0
BRDA:125,15,0,0
BRDA:125,15,1,0
BRDA:143,16,0,0
BRDA:143,16,1,0
BRDA:143,17,0,0
BRDA:143,17,1,0
BRDA:171,18,0,0
BRDA:171,18,1,0
BRDA:171,19,0,0
BRDA:171,19,1,0
BRDA:175,20,0,0
BRDA:175,20,1,0
BRDA:181,21,0,0
BRDA:181,21,1,0
BRDA:184,22,0,0
BRDA:185,23,0,0
BRDA:185,23,1,0
BRDA:185,24,0,0
BRDA:185,24,1,0
BRF:49
BRH:0
end_of_record
TN:
SF:lib/services/googlePlacesGuards.ts
FN:7,isRecord
FN:11,hasAllowedGoogleStatus
FN:17,googlePredictionsEnvelope
FN:23,googleResultEnvelope
FN:28,googleResultsEnvelope
FN:34,isGoogleAreaSuggestion
FNF:6
FNH:0
FNDA:0,isRecord
FNDA:0,hasAllowedGoogleStatus
FNDA:0,googlePredictionsEnvelope
FNDA:0,googleResultEnvelope
FNDA:0,googleResultsEnvelope
FNDA:0,isGoogleAreaSuggestion
DA:8,0
DA:12,0
DA:13,0
DA:14,0
DA:18,0
DA:19,0
DA:20,0
DA:24,0
DA:25,0
DA:29,0
DA:30,0
DA:31,0
DA:35,0
DA:36,0
LF:14
LH:0
BRDA:8,0,0,0
BRDA:8,0,1,0
BRDA:8,0,2,0
BRDA:12,1,0,0
BRDA:12,1,1,0
BRDA:14,2,0,0
BRDA:14,2,1,0
BRDA:14,2,2,0
BRDA:18,3,0,0
BRDA:18,3,1,0
BRDA:20,4,0,0
BRDA:20,4,1,0
BRDA:24,5,0,0
BRDA:24,5,1,0
BRDA:25,6,0,0
BRDA:25,6,1,0
BRDA:29,7,0,0
BRDA:29,7,1,0
BRDA:31,8,0,0
BRDA:31,8,1,0
BRDA:35,9,0,0
BRDA:35,9,1,0
BRDA:35,10,0,0
BRDA:35,10,1,0
BRDA:37,11,0,0
BRDA:37,11,1,0
BRDA:37,11,2,0
BRDA:37,11,3,0
BRF:28
BRH:0
end_of_record
TN:
SF:lib/services/media.ts
FN:42,isAllowedExtension
FN:46,isAllowedMimeType
FN:50,isAllowedVideoExtension
FN:54,isAllowedVideoMimeType
FN:58,validatePickedPostImages
FN:84,validatePickedPostMedia
FN:101,(anonymous_6)
FN:139,validatePickedMessageAttachment
FN:162,validatePickedAvatarImage
FN:173,uploadAvatarImage
FNF:10
FNH:0
FNDA:0,isAllowedExtension
FNDA:0,isAllowedMimeType
FNDA:0,isAllowedVideoExtension
FNDA:0,isAllowedVideoMimeType
FNDA:0,validatePickedPostImages
FNDA:0,validatePickedPostMedia
FNDA:0,(anonymous_6)
FNDA:0,validatePickedMessageAttachment
FNDA:0,validatePickedAvatarImage
FNDA:0,uploadAvatarImage
DA:3,0
DA:43,0
DA:47,0
DA:51,0
DA:55,0
DA:62,0
DA:63,0
DA:65,0
DA:66,0
DA:67,0
DA:68,0
DA:70,0
DA:71,0
DA:72,0
DA:74,0
DA:75,0
DA:78,0
DA:88,0
DA:89,0
DA:90,0
DA:92,0
DA:93,0
DA:94,0
DA:95,0
DA:96,0
DA:97,0
DA:98,0
DA:100,0
DA:101,0
DA:102,0
DA:103,0
DA:104,0
DA:106,0
DA:107,0
DA:109,0
DA:110,0
DA:111,0
DA:114,0
DA:115,0
DA:116,0
DA:119,0
DA:126,0
DA:133,0
DA:144,0
DA:145,0
DA:146,0
DA:147,0
DA:148,0
DA:150,0
DA:151,0
DA:152,0
DA:153,0
DA:154,0
DA:156,0
DA:157,0
DA:159,0
DA:163,0
DA:164,0
DA:166,0
DA:167,0
DA:168,0
DA:170,0
DA:174,0
DA:175,0
DA:176,0
DA:177,0
DA:178,0
DA:179,0
DA:180,0
DA:181,0
DA:184,0
DA:185,0
DA:186,0
LF:73
LH:0
BRDA:43,0,0,0
BRDA:43,0,1,0
BRDA:47,1,0,0
BRDA:47,1,1,0
BRDA:51,2,0,0
BRDA:51,2,1,0
BRDA:55,3,0,0
BRDA:55,3,1,0
BRDA:60,4,0,0
BRDA:66,5,0,0
BRDA:66,5,1,0
BRDA:67,6,0,0
BRDA:67,6,1,0
BRDA:68,7,0,0
BRDA:68,7,1,0
BRDA:68,8,0,0
BRDA:68,8,1,0
BRDA:74,9,0,0
BRDA:74,9,1,0
BRDA:74,10,0,0
BRDA:74,10,1,0
BRDA:86,11,0,0
BRDA:93,12,0,0
BRDA:93,12,1,0
BRDA:94,13,0,0
BRDA:94,13,1,0
BRDA:96,14,0,0
BRDA:96,14,1,0
BRDA:96,15,0,0
BRDA:96,15,1,0
BRDA:97,16,0,0
BRDA:97,16,1,0
BRDA:98,17,0,0
BRDA:98,17,1,0
BRDA:98,17,2,0
BRDA:100,18,0,0
BRDA:100,18,1,0
BRDA:102,19,0,0
BRDA:102,19,1,0
BRDA:103,20,0,0
BRDA:103,20,1,0
BRDA:103,21,0,0
BRDA:103,21,1,0
BRDA:106,22,0,0
BRDA:106,22,1,0
BRDA:106,23,0,0
BRDA:106,23,1,0
BRDA:109,24,0,0
BRDA:109,24,1,0
BRDA:109,25,0,0
BRDA:109,25,1,0
BRDA:114,26,0,0
BRDA:114,26,1,0
BRDA:114,27,0,0
BRDA:114,27,1,0
BRDA:115,28,0,0
BRDA:115,28,1,0
BRDA:115,29,0,0
BRDA:115,29,1,0
BRDA:144,30,0,0
BRDA:144,30,1,0
BRDA:145,31,0,0
BRDA:145,31,1,0
BRDA:146,32,0,0
BRDA:146,32,1,0
BRDA:147,33,0,0
BRDA:147,33,1,0
BRDA:148,34,0,0
BRDA:148,34,1,0
BRDA:150,35,0,0
BRDA:150,35,1,0
BRDA:151,36,0,0
BRDA:151,36,1,0
BRDA:152,37,0,0
BRDA:152,37,1,0
BRDA:152,38,0,0
BRDA:152,38,1,0
BRDA:153,39,0,0
BRDA:153,39,1,0
BRDA:153,40,0,0
BRDA:153,40,1,0
BRDA:153,40,2,0
BRDA:156,41,0,0
BRDA:156,41,1,0
BRDA:156,42,0,0
BRDA:156,42,1,0
BRDA:156,42,2,0
BRDA:163,43,0,0
BRDA:163,43,1,0
BRDA:164,44,0,0
BRDA:164,44,1,0
BRDA:164,45,0,0
BRDA:164,45,1,0
BRDA:170,46,0,0
BRDA:170,46,1,0
BRDA:170,47,0,0
BRDA:170,47,1,0
BRDA:174,48,0,0
BRDA:174,48,1,0
BRDA:175,49,0,0
BRDA:175,49,1,0
BRDA:176,50,0,0
BRDA:176,50,1,0
BRDA:184,51,0,0
BRDA:184,51,1,0
BRF:105
BRH:0
end_of_record
TN:
SF:lib/services/messageAttachments.ts
FN:24,computeFileHash
FN:33,uploadAttachment
FN:78,deleteAttachment
FN:92,decode
FNF:4
FNH:0
FNDA:0,computeFileHash
FNDA:0,uploadAttachment
FNDA:0,deleteAttachment
FNDA:0,decode
DA:5,0
DA:7,0
DA:21,0
DA:25,0
DA:30,0
DA:39,0
DA:40,0
DA:43,0
DA:44,0
DA:45,0
DA:48,0
DA:49,0
DA:50,0
DA:51,0
DA:54,0
DA:56,0
DA:57,0
DA:58,0
DA:60,0
DA:62,0
DA:69,0
DA:70,0
DA:73,0
DA:75,0
DA:79,0
DA:81,0
DA:82,0
DA:83,0
DA:84,0
DA:85,0
DA:93,0
DA:94,0
DA:95,0
DA:96,0
DA:98,0
LF:35
LH:0
BRDA:39,0,0,0
BRDA:39,0,1,0
BRDA:44,1,0,0
BRDA:44,1,1,0
BRDA:48,2,0,0
BRDA:48,2,1,0
BRDA:49,3,0,0
BRDA:49,3,1,0
BRDA:49,4,0,0
BRDA:49,4,1,0
BRDA:49,4,2,0
BRDA:56,5,0,0
BRDA:56,5,1,0
BRDA:69,6,0,0
BRDA:69,6,1,0
BRDA:83,7,0,0
BRDA:83,7,1,0
BRF:17
BRH:0
end_of_record
TN:
SF:lib/services/messaging.ts
FN:79,mapMessagingError
FN:102,isMissingRequestStateColumn
FN:135,fetchParticipantConversationRows
FN:168,getOrCreateDirectConversation
FN:187,createGroupConversation
FN:205,fetchDirectConversations
FN:211,(anonymous_6)
FN:221,(anonymous_7)
FN:264,(anonymous_8)
FN:282,(anonymous_9)
FN:313,(anonymous_10)
FN:323,fetchArchivedConversations
FN:327,(anonymous_12)
FN:330,fetchMessageRequests
FN:333,(anonymous_14)
FN:343,(anonymous_15)
FN:383,(anonymous_16)
FN:409,acceptMessageRequest
FN:413,declineMessageRequest
FN:419,fetchConversationParticipant
FN:443,fetchConversationAllParticipants
FN:452,(anonymous_21)
FN:464,fetchConversationMessages
FN:477,sendDirectMessage
FN:485,sendRichMessage
FN:514,deleteMessage
FN:520,forwardMessage
FN:543,searchConversationMessages
FN:560,fetchSharedMedia
FN:575,addReaction
FN:584,removeReaction
FN:597,fetchMessageReactions
FN:603,(anonymous_32)
FN:612,subscribeToReactions
FN:621,(anonymous_34)
FN:627,(anonymous_35)
FN:635,pinMessage
FN:641,unpinMessage
FN:647,fetchPinnedMessages
FN:655,(anonymous_39)
FN:660,(anonymous_40)
FN:662,(anonymous_41)
FN:674,muteConversation
FN:693,unmuteConversation
FN:700,archiveConversation
FN:707,unarchiveConversation
FN:714,pinConversation
FN:721,unpinConversation
FN:730,addGroupMember
FN:740,removeGroupMember
FN:752,promoteToAdmin
FN:764,updateGroupInfo
FN:780,leaveGroup
FN:788,deleteDirectConversation
FN:799,markConversationRead
FN:813,markConversationUnread
FN:826,subscribeToConversationMessages
FN:840,(anonymous_57)
FN:845,subscribeToTypingIndicators
FN:855,(anonymous_59)
FN:858,(anonymous_60)
FN:858,(anonymous_61)
FN:859,(anonymous_62)
FN:867,broadcastTyping
FN:870,(anonymous_64)
FN:873,removeChannel
FN:877,subscribeToInboxMessages
FN:895,fetchConversationMeta
FN:908,fetchMyParticipantPrefs
FNF:69
FNH:0
FNDA:0,mapMessagingError
FNDA:0,isMissingRequestStateColumn
FNDA:0,fetchParticipantConversationRows
FNDA:0,getOrCreateDirectConversation
FNDA:0,createGroupConversation
FNDA:0,fetchDirectConversations
FNDA:0,(anonymous_6)
FNDA:0,(anonymous_7)
FNDA:0,(anonymous_8)
FNDA:0,(anonymous_9)
FNDA:0,(anonymous_10)
FNDA:0,fetchArchivedConversations
FNDA:0,(anonymous_12)
FNDA:0,fetchMessageRequests
FNDA:0,(anonymous_14)
FNDA:0,(anonymous_15)
FNDA:0,(anonymous_16)
FNDA:0,acceptMessageRequest
FNDA:0,declineMessageRequest
FNDA:0,fetchConversationParticipant
FNDA:0,fetchConversationAllParticipants
FNDA:0,(anonymous_21)
FNDA:0,fetchConversationMessages
FNDA:0,sendDirectMessage
FNDA:0,sendRichMessage
FNDA:0,deleteMessage
FNDA:0,forwardMessage
FNDA:0,searchConversationMessages
FNDA:0,fetchSharedMedia
FNDA:0,addReaction
FNDA:0,removeReaction
FNDA:0,fetchMessageReactions
FNDA:0,(anonymous_32)
FNDA:0,subscribeToReactions
FNDA:0,(anonymous_34)
FNDA:0,(anonymous_35)
FNDA:0,pinMessage
FNDA:0,unpinMessage
FNDA:0,fetchPinnedMessages
FNDA:0,(anonymous_39)
FNDA:0,(anonymous_40)
FNDA:0,(anonymous_41)
FNDA:0,muteConversation
FNDA:0,unmuteConversation
FNDA:0,archiveConversation
FNDA:0,unarchiveConversation
FNDA:0,pinConversation
FNDA:0,unpinConversation
FNDA:0,addGroupMember
FNDA:0,removeGroupMember
FNDA:0,promoteToAdmin
FNDA:0,updateGroupInfo
FNDA:0,leaveGroup
FNDA:0,deleteDirectConversation
FNDA:0,markConversationRead
FNDA:0,markConversationUnread
FNDA:0,subscribeToConversationMessages
FNDA:0,(anonymous_57)
FNDA:0,subscribeToTypingIndicators
FNDA:0,(anonymous_59)
FNDA:0,(anonymous_60)
FNDA:0,(anonymous_61)
FNDA:0,(anonymous_62)
FNDA:0,broadcastTyping
FNDA:0,(anonymous_64)
FNDA:0,removeChannel
FNDA:0,subscribeToInboxMessages
FNDA:0,fetchConversationMeta
FNDA:0,fetchMyParticipantPrefs
DA:80,0
DA:81,0
DA:82,0
DA:84,0
DA:85,0
DA:87,0
DA:88,0
DA:90,0
DA:91,0
DA:93,0
DA:94,0
DA:96,0
DA:97,0
DA:99,0
DA:103,0
DA:104,0
DA:139,0
DA:141,0
DA:145,0
DA:146,0
DA:149,0
DA:150,0
DA:153,0
DA:159,0
DA:160,0
DA:163,0
DA:172,0
DA:173,0
DA:176,0
DA:180,0
DA:181,0
DA:184,0
DA:192,0
DA:198,0
DA:199,0
DA:202,0
DA:209,0
DA:211,0
DA:212,0
DA:213,0
DA:214,0
DA:215,0
DA:216,0
DA:217,0
DA:218,0
DA:221,0
DA:222,0
DA:224,0
DA:241,0
DA:242,0
DA:243,0
DA:251,0
DA:252,0
DA:253,0
DA:256,0
DA:257,0
DA:258,0
DA:259,0
DA:263,0
DA:265,0
DA:271,0
DA:272,0
DA:275,0
DA:276,0
DA:279,0
DA:281,0
DA:283,0
DA:284,0
DA:285,0
DA:292,0
DA:315,0
DA:316,0
DA:317,0
DA:320,0
DA:326,0
DA:327,0
DA:331,0
DA:333,0
DA:334,0
DA:335,0
DA:336,0
DA:337,0
DA:338,0
DA:341,0
DA:343,0
DA:345,0
DA:362,0
DA:363,0
DA:364,0
DA:371,0
DA:372,0
DA:373,0
DA:376,0
DA:377,0
DA:378,0
DA:379,0
DA:383,0
DA:384,0
DA:385,0
DA:386,0
DA:410,0
DA:414,0
DA:423,0
DA:432,0
DA:433,0
DA:446,0
DA:452,0
DA:465,0
DA:474,0
DA:482,0
DA:494,0
DA:503,0
DA:505,0
DA:507,0
DA:508,0
DA:511,0
DA:515,0
DA:516,0
DA:517,0
DA:525,0
DA:531,0
DA:533,0
DA:547,0
DA:557,0
DA:561,0
DA:570,0
DA:576,0
DA:580,0
DA:581,0
DA:585,0
DA:586,0
DA:588,0
DA:593,0
DA:594,0
DA:599,0
DA:603,0
DA:616,0
DA:622,0
DA:628,0
DA:636,0
DA:637,0
DA:638,0
DA:642,0
DA:643,0
DA:644,0
DA:648,0
DA:653,0
DA:655,0
DA:656,0
DA:660,0
DA:662,0
DA:679,0
DA:686,0
DA:687,0
DA:694,0
DA:701,0
DA:708,0
DA:715,0
DA:722,0
DA:734,0
DA:736,0
DA:737,0
DA:744,0
DA:748,0
DA:749,0
DA:756,0
DA:760,0
DA:761,0
DA:769,0
DA:770,0
DA:771,0
DA:773,0
DA:776,0
DA:777,0
DA:781,0
DA:784,0
DA:785,0
DA:793,0
DA:794,0
DA:804,0
DA:818,0
DA:830,0
DA:840,0
DA:850,0
DA:854,0
DA:856,0
DA:857,0
DA:858,0
DA:859,0
DA:860,0
DA:864,0
DA:868,0
DA:870,0
DA:874,0
DA:878,0
DA:896,0
DA:900,0
DA:912,0
DA:917,0
LF:199
LH:0
BRDA:80,0,0,0
BRDA:80,0,1,0
BRDA:81,1,0,0
BRDA:81,1,1,0
BRDA:84,2,0,0
BRDA:84,2,1,0
BRDA:87,3,0,0
BRDA:87,3,1,0
BRDA:90,4,0,0
BRDA:90,4,1,0
BRDA:93,5,0,0
BRDA:93,5,1,0
BRDA:96,6,0,0
BRDA:96,6,1,0
BRDA:103,7,0,0
BRDA:103,7,1,0
BRDA:105,8,0,0
BRDA:105,8,1,0
BRDA:105,8,2,0
BRDA:105,8,3,0
BRDA:145,9,0,0
BRDA:145,9,1,0
BRDA:146,10,0,0
BRDA:146,10,1,0
BRDA:149,11,0,0
BRDA:149,11,1,0
BRDA:159,12,0,0
BRDA:159,12,1,0
BRDA:163,13,0,0
BRDA:163,13,1,0
BRDA:172,14,0,0
BRDA:172,14,1,0
BRDA:180,15,0,0
BRDA:180,15,1,0
BRDA:180,16,0,0
BRDA:180,16,1,0
BRDA:195,17,0,0
BRDA:195,17,1,0
BRDA:198,18,0,0
BRDA:198,18,1,0
BRDA:198,19,0,0
BRDA:198,19,1,0
BRDA:207,20,0,0
BRDA:211,21,0,0
BRDA:211,21,1,0
BRDA:212,22,0,0
BRDA:212,22,1,0
BRDA:213,23,0,0
BRDA:213,23,1,0
BRDA:214,24,0,0
BRDA:214,24,1,0
BRDA:214,25,0,0
BRDA:214,25,1,0
BRDA:215,26,0,0
BRDA:215,26,1,0
BRDA:215,27,0,0
BRDA:215,27,1,0
BRDA:216,28,0,0
BRDA:216,28,1,0
BRDA:217,29,0,0
BRDA:217,29,1,0
BRDA:222,30,0,0
BRDA:222,30,1,0
BRDA:242,31,0,0
BRDA:242,31,1,0
BRDA:245,32,0,0
BRDA:245,32,1,0
BRDA:246,33,0,0
BRDA:246,33,1,0
BRDA:247,34,0,0
BRDA:247,34,1,0
BRDA:248,35,0,0
BRDA:248,35,1,0
BRDA:249,36,0,0
BRDA:249,36,1,0
BRDA:251,37,0,0
BRDA:251,37,1,0
BRDA:257,38,0,0
BRDA:257,38,1,0
BRDA:258,39,0,0
BRDA:258,39,1,0
BRDA:271,40,0,0
BRDA:271,40,1,0
BRDA:276,41,0,0
BRDA:276,41,1,0
BRDA:283,42,0,0
BRDA:283,42,1,0
BRDA:284,43,0,0
BRDA:284,43,1,0
BRDA:285,44,0,0
BRDA:285,44,1,0
BRDA:294,45,0,0
BRDA:294,45,1,0
BRDA:295,46,0,0
BRDA:295,46,1,0
BRDA:296,47,0,0
BRDA:296,47,1,0
BRDA:297,48,0,0
BRDA:297,48,1,0
BRDA:298,49,0,0
BRDA:298,49,1,0
BRDA:299,50,0,0
BRDA:299,50,1,0
BRDA:300,51,0,0
BRDA:300,51,1,0
BRDA:301,52,0,0
BRDA:301,52,1,0
BRDA:302,53,0,0
BRDA:302,53,1,0
BRDA:302,53,2,0
BRDA:304,54,0,0
BRDA:304,54,1,0
BRDA:305,55,0,0
BRDA:305,55,1,0
BRDA:306,56,0,0
BRDA:306,56,1,0
BRDA:307,57,0,0
BRDA:307,57,1,0
BRDA:310,58,0,0
BRDA:310,58,1,0
BRDA:315,59,0,0
BRDA:315,59,1,0
BRDA:315,60,0,0
BRDA:315,60,1,0
BRDA:316,61,0,0
BRDA:316,61,1,0
BRDA:316,62,0,0
BRDA:316,62,1,0
BRDA:333,63,0,0
BRDA:333,63,1,0
BRDA:334,64,0,0
BRDA:334,64,1,0
BRDA:335,65,0,0
BRDA:335,65,1,0
BRDA:335,66,0,0
BRDA:335,66,1,0
BRDA:336,67,0,0
BRDA:336,67,1,0
BRDA:336,68,0,0
BRDA:336,68,1,0
BRDA:337,69,0,0
BRDA:337,69,1,0
BRDA:338,70,0,0
BRDA:338,70,1,0
BRDA:338,71,0,0
BRDA:338,71,1,0
BRDA:341,72,0,0
BRDA:341,72,1,0
BRDA:363,73,0,0
BRDA:363,73,1,0
BRDA:366,74,0,0
BRDA:366,74,1,0
BRDA:367,75,0,0
BRDA:367,75,1,0
BRDA:368,76,0,0
BRDA:368,76,1,0
BRDA:369,77,0,0
BRDA:369,77,1,0
BRDA:371,78,0,0
BRDA:371,78,1,0
BRDA:377,79,0,0
BRDA:377,79,1,0
BRDA:378,80,0,0
BRDA:378,80,1,0
BRDA:384,81,0,0
BRDA:384,81,1,0
BRDA:385,82,0,0
BRDA:385,82,1,0
BRDA:388,83,0,0
BRDA:388,83,1,0
BRDA:389,84,0,0
BRDA:389,84,1,0
BRDA:391,85,0,0
BRDA:391,85,1,0
BRDA:392,86,0,0
BRDA:392,86,1,0
BRDA:393,87,0,0
BRDA:393,87,1,0
BRDA:394,88,0,0
BRDA:394,88,1,0
BRDA:396,89,0,0
BRDA:396,89,1,0
BRDA:402,90,0,0
BRDA:402,90,1,0
BRDA:404,91,0,0
BRDA:404,91,1,0
BRDA:432,92,0,0
BRDA:432,92,1,0
BRDA:435,93,0,0
BRDA:435,93,1,0
BRDA:436,94,0,0
BRDA:436,94,1,0
BRDA:437,95,0,0
BRDA:437,95,1,0
BRDA:438,96,0,0
BRDA:438,96,1,0
BRDA:439,97,0,0
BRDA:439,97,1,0
BRDA:452,98,0,0
BRDA:452,98,1,0
BRDA:454,99,0,0
BRDA:454,99,1,0
BRDA:455,100,0,0
BRDA:455,100,1,0
BRDA:456,101,0,0
BRDA:456,101,1,0
BRDA:457,102,0,0
BRDA:457,102,1,0
BRDA:458,103,0,0
BRDA:458,103,1,0
BRDA:474,104,0,0
BRDA:474,104,1,0
BRDA:496,105,0,0
BRDA:496,105,1,0
BRDA:498,106,0,0
BRDA:498,106,1,0
BRDA:499,107,0,0
BRDA:499,107,1,0
BRDA:500,108,0,0
BRDA:500,108,1,0
BRDA:503,109,0,0
BRDA:503,109,1,0
BRDA:503,110,0,0
BRDA:503,110,1,0
BRDA:507,111,0,0
BRDA:507,111,1,0
BRDA:516,112,0,0
BRDA:516,112,1,0
BRDA:531,113,0,0
BRDA:531,113,1,0
BRDA:537,114,0,0
BRDA:537,114,1,0
BRDA:538,115,0,0
BRDA:538,115,1,0
BRDA:539,116,0,0
BRDA:539,116,1,0
BRDA:557,117,0,0
BRDA:557,117,1,0
BRDA:570,118,0,0
BRDA:570,118,1,0
BRDA:580,119,0,0
BRDA:580,119,1,0
BRDA:586,120,0,0
BRDA:586,120,1,0
BRDA:593,121,0,0
BRDA:593,121,1,0
BRDA:603,122,0,0
BRDA:603,122,1,0
BRDA:637,123,0,0
BRDA:637,123,1,0
BRDA:643,124,0,0
BRDA:643,124,1,0
BRDA:653,125,0,0
BRDA:653,125,1,0
BRDA:653,126,0,0
BRDA:653,126,1,0
BRDA:660,127,0,0
BRDA:660,127,1,0
BRDA:677,128,0,0
BRDA:736,129,0,0
BRDA:736,129,1,0
BRDA:748,130,0,0
BRDA:748,130,1,0
BRDA:760,131,0,0
BRDA:760,131,1,0
BRDA:770,132,0,0
BRDA:770,132,1,0
BRDA:771,133,0,0
BRDA:771,133,1,0
BRDA:776,134,0,0
BRDA:776,134,1,0
BRDA:784,135,0,0
BRDA:784,135,1,0
BRDA:807,136,0,0
BRDA:807,136,1,0
BRDA:858,137,0,0
BRDA:858,137,1,0
BRF:277
BRH:0
end_of_record
TN:
SF:lib/services/moderation.ts
FN:23,submitContentReport
FN:38,blockUser
FN:56,unblockUser
FN:66,fetchBlockedUserIds
FN:71,(anonymous_4)
FN:74,moderateMessageMedia
FNF:6
FNH:0
FNDA:0,submitContentReport
FNDA:0,blockUser
FNDA:0,unblockUser
FNDA:0,fetchBlockedUserIds
FNDA:0,(anonymous_4)
FNDA:0,moderateMessageMedia
DA:24,0
DA:34,0
DA:35,0
DA:43,0
DA:52,0
DA:53,0
DA:57,0
DA:62,0
DA:63,0
DA:67,0
DA:71,0
DA:79,0
DA:80,0
DA:81,0
DA:82,0
DA:83,0
DA:88,0
DA:89,0
DA:90,0
DA:91,0
DA:93,0
LF:21
LH:0
BRDA:28,0,0,0
BRDA:28,0,1,0
BRDA:30,1,0,0
BRDA:30,1,1,0
BRDA:31,2,0,0
BRDA:31,2,1,0
BRDA:34,3,0,0
BRDA:34,3,1,0
BRDA:35,4,0,0
BRDA:35,4,1,0
BRDA:41,5,0,0
BRDA:53,6,0,0
BRDA:53,6,1,0
BRDA:63,7,0,0
BRDA:63,7,1,0
BRDA:71,8,0,0
BRDA:71,8,1,0
BRDA:81,9,0,0
BRDA:81,9,1,0
BRDA:81,10,0,0
BRDA:81,10,1,0
BRDA:88,11,0,0
BRDA:88,11,1,0
BRDA:90,12,0,0
BRDA:90,12,1,0
BRF:25
BRH:0
end_of_record
TN:
SF:lib/services/moderationGuards.ts
FN:6,isModerationResponse
FNF:1
FNH:0
FNDA:0,isModerationResponse
DA:7,0
DA:8,0
DA:9,0
LF:3
LH:0
BRDA:7,0,0,0
BRDA:7,0,1,0
BRDA:7,1,0,0
BRDA:7,1,1,0
BRDA:7,1,2,0
BRF:5
BRH:0
end_of_record
TN:
SF:lib/services/notifications.ts
FN:8,(anonymous_0)
FN:17,registerPushToken
FN:53,notify
FN:56,(anonymous_3)
FN:66,(anonymous_4)
FNF:5
FNH:0
FNDA:0,(anonymous_0)
FNDA:0,registerPushToken
FNDA:0,notify
FNDA:0,(anonymous_3)
FNDA:0,(anonymous_4)
DA:7,0
DA:8,0
DA:18,0
DA:20,0
DA:21,0
DA:22,0
DA:23,0
DA:24,0
DA:26,0
DA:28,0
DA:29,0
DA:31,0
DA:33,0
DA:36,0
DA:37,0
DA:54,0
DA:55,0
DA:56,0
DA:57,0
DA:58,0
DA:59,0
LF:21
LH:0
BRDA:18,0,0,0
BRDA:18,0,1,0
BRDA:22,1,0,0
BRDA:22,1,1,0
BRDA:26,2,0,0
BRDA:26,2,1,0
BRDA:31,3,0,0
BRDA:31,3,1,0
BRDA:34,4,0,0
BRDA:34,4,1,0
BRDA:36,5,0,0
BRDA:36,5,1,0
BRDA:55,6,0,0
BRDA:55,6,1,0
BRDA:58,7,0,0
BRDA:58,7,1,0
BRF:16
BRH:0
end_of_record
TN:
SF:lib/services/offlineCache.ts
FN:11,isCacheEnvelope
FN:15,readOfflineCache
FN:31,writeOfflineCache
FN:42,clearOfflineCache
FNF:4
FNH:0
FNDA:0,isCacheEnvelope
FNDA:0,readOfflineCache
FNDA:0,writeOfflineCache
FNDA:0,clearOfflineCache
DA:4,0
DA:12,0
DA:19,0
DA:20,0
DA:21,0
DA:22,0
DA:23,0
DA:24,0
DA:25,0
DA:27,0
DA:32,0
DA:33,0
DA:43,0
DA:44,0
LF:14
LH:0
BRDA:12,0,0,0
BRDA:12,0,1,0
BRDA:12,0,2,0
BRDA:21,1,0,0
BRDA:21,1,1,0
BRDA:23,2,0,0
BRDA:23,2,1,0
BRDA:24,3,0,0
BRDA:24,3,1,0
BRDA:25,4,0,0
BRDA:25,4,1,0
BRF:11
BRH:0
end_of_record
TN:
SF:lib/services/postDrafts.ts
FN:125,localDraftId
FN:129,isUuid
FN:133,isLocalDraft
FN:151,isLocalDraftList
FN:155,readLocalDraftsRaw
FN:185,writeLocalDrafts
FN:188,(anonymous_6)
FN:192,upsertLocalDraft
FN:203,(anonymous_8)
FN:204,(anonymous_9)
FN:209,currentUserId
FN:215,draftTitle
FN:219,getNextDuplicateDraftTitle
FN:221,(anonymous_13)
FN:231,extForMedia
FN:241,mimeForMedia
FN:252,isRemoteUri
FN:256,signedUrl
FN:263,uploadOneDraftMedia
FN:286,uploadDraftMedia
FN:297,draftPayload
FN:322,syncDraftMediaRows
FN:326,(anonymous_22)
FN:327,(anonymous_23)
FN:348,saveRemoteDraft
FN:409,saveCreatePostDraftRemote
FN:416,saveCreatePostDraft
FN:420,mapRemoteDraft
FN:421,(anonymous_28)
FN:422,(anonymous_29)
FN:468,listSavedCreatePostDrafts
FN:473,(anonymous_31)
FN:474,(anonymous_32)
FN:495,(anonymous_33)
FN:496,(anonymous_34)
FN:511,listCreatePostDraftSummaries
FN:515,listCreatePostDrafts
FN:526,(anonymous_37)
FN:529,listSavedDraftTitles
FN:533,(anonymous_39)
FN:533,(anonymous_40)
FN:543,(anonymous_41)
FN:543,(anonymous_42)
FN:545,(anonymous_43)
FN:548,saveCreatePostDraftAsNew
FN:567,loadCreatePostDraft
FN:581,(anonymous_46)
FN:584,deleteCreatePostDraft
FN:593,(anonymous_48)
FN:596,duplicateCreatePostDraft
FN:602,markCreatePostDraftPublished
FN:612,(anonymous_51)
FN:615,clearCreatePostDraft
FN:624,migrateLocalDraftsToRemote
FN:629,(anonymous_54)
FN:640,decode
FNF:56
FNH:0
FNDA:0,localDraftId
FNDA:0,isUuid
FNDA:0,isLocalDraft
FNDA:0,isLocalDraftList
FNDA:0,readLocalDraftsRaw
FNDA:0,writeLocalDrafts
FNDA:0,(anonymous_6)
FNDA:0,upsertLocalDraft
FNDA:0,(anonymous_8)
FNDA:0,(anonymous_9)
FNDA:0,currentUserId
FNDA:0,draftTitle
FNDA:0,getNextDuplicateDraftTitle
FNDA:0,(anonymous_13)
FNDA:0,extForMedia
FNDA:0,mimeForMedia
FNDA:0,isRemoteUri
FNDA:0,signedUrl
FNDA:0,uploadOneDraftMedia
FNDA:0,uploadDraftMedia
FNDA:0,draftPayload
FNDA:0,syncDraftMediaRows
FNDA:0,(anonymous_22)
FNDA:0,(anonymous_23)
FNDA:0,saveRemoteDraft
FNDA:0,saveCreatePostDraftRemote
FNDA:0,saveCreatePostDraft
FNDA:0,mapRemoteDraft
FNDA:0,(anonymous_28)
FNDA:0,(anonymous_29)
FNDA:0,listSavedCreatePostDrafts
FNDA:0,(anonymous_31)
FNDA:0,(anonymous_32)
FNDA:0,(anonymous_33)
FNDA:0,(anonymous_34)
FNDA:0,listCreatePostDraftSummaries
FNDA:0,listCreatePostDrafts
FNDA:0,(anonymous_37)
FNDA:0,listSavedDraftTitles
FNDA:0,(anonymous_39)
FNDA:0,(anonymous_40)
FNDA:0,(anonymous_41)
FNDA:0,(anonymous_42)
FNDA:0,(anonymous_43)
FNDA:0,saveCreatePostDraftAsNew
FNDA:0,loadCreatePostDraft
FNDA:0,(anonymous_46)
FNDA:0,deleteCreatePostDraft
FNDA:0,(anonymous_48)
FNDA:0,duplicateCreatePostDraft
FNDA:0,markCreatePostDraftPublished
FNDA:0,(anonymous_51)
FNDA:0,clearCreatePostDraft
FNDA:0,migrateLocalDraftsToRemote
FNDA:0,(anonymous_54)
FNDA:0,decode
DA:15,0
DA:16,0
DA:17,0
DA:18,0
DA:126,0
DA:130,0
DA:134,0
DA:152,0
DA:156,0
DA:157,0
DA:158,0
DA:159,0
DA:161,0
DA:165,0
DA:166,0
DA:167,0
DA:168,0
DA:169,0
DA:177,0
DA:178,0
DA:179,0
DA:181,0
DA:182,0
DA:186,0
DA:188,0
DA:193,0
DA:194,0
DA:202,0
DA:203,0
DA:204,0
DA:205,0
DA:206,0
DA:210,0
DA:211,0
DA:212,0
DA:216,0
DA:220,0
DA:221,0
DA:222,0
DA:223,0
DA:224,0
DA:225,0
DA:226,0
DA:228,0
DA:232,0
DA:233,0
DA:234,0
DA:235,0
DA:236,0
DA:237,0
DA:238,0
DA:242,0
DA:243,0
DA:244,0
DA:245,0
DA:246,0
DA:247,0
DA:248,0
DA:249,0
DA:253,0
DA:257,0
DA:258,0
DA:259,0
DA:260,0
DA:269,0
DA:270,0
DA:272,0
DA:273,0
DA:275,0
DA:276,0
DA:277,0
DA:278,0
DA:282,0
DA:283,0
DA:287,0
DA:288,0
DA:289,0
DA:290,0
DA:291,0
DA:292,0
DA:294,0
DA:298,0
DA:299,0
DA:323,0
DA:324,0
DA:325,0
DA:326,0
DA:327,0
DA:345,0
DA:349,0
DA:350,0
DA:352,0
DA:353,0
DA:354,0
DA:356,0
DA:368,0
DA:369,0
DA:376,0
DA:377,0
DA:378,0
DA:379,0
DA:380,0
DA:392,0
DA:393,0
DA:395,0
DA:404,0
DA:405,0
DA:413,0
DA:417,0
DA:421,0
DA:422,0
DA:423,0
DA:424,0
DA:441,0
DA:469,0
DA:470,0
DA:471,0
DA:472,0
DA:473,0
DA:474,0
DA:486,0
DA:487,0
DA:493,0
DA:495,0
DA:496,0
DA:497,0
DA:498,0
DA:512,0
DA:516,0
DA:517,0
DA:518,0
DA:519,0
DA:525,0
DA:526,0
DA:530,0
DA:531,0
DA:532,0
DA:533,0
DA:536,0
DA:541,0
DA:542,0
DA:543,0
DA:545,0
DA:552,0
DA:553,0
DA:564,0
DA:568,0
DA:569,0
DA:570,0
DA:571,0
DA:578,0
DA:580,0
DA:581,0
DA:585,0
DA:586,0
DA:587,0
DA:592,0
DA:593,0
DA:597,0
DA:598,0
DA:599,0
DA:603,0
DA:604,0
DA:605,0
DA:606,0
DA:611,0
DA:612,0
DA:616,0
DA:617,0
DA:618,0
DA:619,0
DA:621,0
DA:625,0
DA:626,0
DA:627,0
DA:628,0
DA:630,0
DA:634,0
DA:635,0
DA:637,0
DA:641,0
DA:642,0
DA:643,0
DA:644,0
DA:646,0
LF:185
LH:0
BRDA:130,0,0,0
BRDA:130,0,1,0
BRDA:135,1,0,0
BRDA:135,1,1,0
BRDA:135,1,2,0
BRDA:135,1,3,0
BRDA:135,1,4,0
BRDA:135,1,5,0
BRDA:135,1,6,0
BRDA:135,1,7,0
BRDA:135,1,8,0
BRDA:135,1,9,0
BRDA:135,1,10,0
BRDA:135,1,11,0
BRDA:135,1,12,0
BRDA:152,2,0,0
BRDA:152,2,1,0
BRDA:157,3,0,0
BRDA:157,3,1,0
BRDA:159,4,0,0
BRDA:159,4,1,0
BRDA:166,5,0,0
BRDA:166,5,1,0
BRDA:168,6,0,0
BRDA:168,6,1,0
BRDA:171,7,0,0
BRDA:171,7,1,0
BRDA:172,8,0,0
BRDA:172,8,1,0
BRDA:174,9,0,0
BRDA:174,9,1,0
BRDA:175,10,0,0
BRDA:175,10,1,0
BRDA:196,11,0,0
BRDA:196,11,1,0
BRDA:196,11,2,0
BRDA:197,12,0,0
BRDA:197,12,1,0
BRDA:198,13,0,0
BRDA:198,13,1,0
BRDA:199,14,0,0
BRDA:199,14,1,0
BRDA:203,15,0,0
BRDA:203,15,1,0
BRDA:204,16,0,0
BRDA:204,16,1,0
BRDA:204,17,0,0
BRDA:204,17,1,0
BRDA:210,18,0,0
BRDA:210,18,1,0
BRDA:212,19,0,0
BRDA:212,19,1,0
BRDA:216,20,0,0
BRDA:216,20,1,0
BRDA:216,20,2,0
BRDA:220,21,0,0
BRDA:220,21,1,0
BRDA:233,22,0,0
BRDA:233,22,1,0
BRDA:233,23,0,0
BRDA:233,23,1,0
BRDA:233,23,2,0
BRDA:234,24,0,0
BRDA:234,24,1,0
BRDA:235,25,0,0
BRDA:235,25,1,0
BRDA:236,26,0,0
BRDA:236,26,1,0
BRDA:237,27,0,0
BRDA:237,27,1,0
BRDA:242,28,0,0
BRDA:242,28,1,0
BRDA:243,29,0,0
BRDA:243,29,1,0
BRDA:245,30,0,0
BRDA:245,30,1,0
BRDA:246,31,0,0
BRDA:246,31,1,0
BRDA:247,32,0,0
BRDA:247,32,1,0
BRDA:248,33,0,0
BRDA:248,33,1,0
BRDA:257,34,0,0
BRDA:257,34,1,0
BRDA:259,35,0,0
BRDA:259,35,1,0
BRDA:269,36,0,0
BRDA:269,36,1,0
BRDA:270,37,0,0
BRDA:270,37,1,0
BRDA:273,38,0,0
BRDA:273,38,1,0
BRDA:276,39,0,0
BRDA:276,39,1,0
BRDA:282,40,0,0
BRDA:282,40,1,0
BRDA:283,41,0,0
BRDA:283,41,1,0
BRDA:288,42,0,0
BRDA:288,42,1,0
BRDA:292,43,0,0
BRDA:292,43,1,0
BRDA:301,44,0,0
BRDA:301,44,1,0
BRDA:302,45,0,0
BRDA:302,45,1,0
BRDA:303,46,0,0
BRDA:303,46,1,0
BRDA:304,47,0,0
BRDA:304,47,1,0
BRDA:305,48,0,0
BRDA:305,48,1,0
BRDA:306,49,0,0
BRDA:306,49,1,0
BRDA:307,50,0,0
BRDA:307,50,1,0
BRDA:308,51,0,0
BRDA:308,51,1,0
BRDA:309,52,0,0
BRDA:309,52,1,0
BRDA:310,53,0,0
BRDA:310,53,1,0
BRDA:311,54,0,0
BRDA:311,54,1,0
BRDA:312,55,0,0
BRDA:312,55,1,0
BRDA:313,56,0,0
BRDA:313,56,1,0
BRDA:314,57,0,0
BRDA:314,57,1,0
BRDA:315,58,0,0
BRDA:315,58,1,0
BRDA:317,59,0,0
BRDA:317,59,1,0
BRDA:317,60,0,0
BRDA:317,60,1,0
BRDA:324,61,0,0
BRDA:324,61,1,0
BRDA:334,62,0,0
BRDA:334,62,1,0
BRDA:335,63,0,0
BRDA:335,63,1,0
BRDA:336,64,0,0
BRDA:336,64,1,0
BRDA:337,65,0,0
BRDA:337,65,1,0
BRDA:338,66,0,0
BRDA:338,66,1,0
BRDA:339,67,0,0
BRDA:339,67,1,0
BRDA:340,68,0,0
BRDA:340,68,1,0
BRDA:341,69,0,0
BRDA:341,69,1,0
BRDA:343,70,0,0
BRDA:343,70,1,0
BRDA:345,71,0,0
BRDA:345,71,1,0
BRDA:350,72,0,0
BRDA:350,72,1,0
BRDA:350,73,0,0
BRDA:350,73,1,0
BRDA:352,74,0,0
BRDA:352,74,1,0
BRDA:353,75,0,0
BRDA:353,75,1,0
BRDA:353,76,0,0
BRDA:353,76,1,0
BRDA:356,77,0,0
BRDA:356,77,1,0
BRDA:368,78,0,0
BRDA:368,78,1,0
BRDA:368,79,0,0
BRDA:368,79,1,0
BRDA:421,80,0,0
BRDA:421,80,1,0
BRDA:421,81,0,0
BRDA:421,81,1,0
BRDA:421,82,0,0
BRDA:421,82,1,0
BRDA:427,83,0,0
BRDA:427,83,1,0
BRDA:427,83,2,0
BRDA:427,83,3,0
BRDA:430,84,0,0
BRDA:430,84,1,0
BRDA:430,84,2,0
BRDA:431,85,0,0
BRDA:431,85,1,0
BRDA:432,86,0,0
BRDA:432,86,1,0
BRDA:433,87,0,0
BRDA:433,87,1,0
BRDA:434,88,0,0
BRDA:434,88,1,0
BRDA:435,89,0,0
BRDA:435,89,1,0
BRDA:436,90,0,0
BRDA:436,90,1,0
BRDA:437,91,0,0
BRDA:437,91,1,0
BRDA:438,92,0,0
BRDA:438,92,1,0
BRDA:448,93,0,0
BRDA:448,93,1,0
BRDA:449,94,0,0
BRDA:449,94,1,0
BRDA:450,95,0,0
BRDA:450,95,1,0
BRDA:451,96,0,0
BRDA:451,96,1,0
BRDA:452,97,0,0
BRDA:452,97,1,0
BRDA:453,98,0,0
BRDA:453,98,1,0
BRDA:454,99,0,0
BRDA:454,99,1,0
BRDA:455,100,0,0
BRDA:455,100,1,0
BRDA:456,101,0,0
BRDA:456,101,1,0
BRDA:457,102,0,0
BRDA:457,102,1,0
BRDA:458,103,0,0
BRDA:458,103,1,0
BRDA:459,104,0,0
BRDA:459,104,1,0
BRDA:460,105,0,0
BRDA:460,105,1,0
BRDA:461,106,0,0
BRDA:461,106,1,0
BRDA:470,107,0,0
BRDA:470,107,1,0
BRDA:475,108,0,0
BRDA:475,108,1,0
BRDA:475,108,2,0
BRDA:478,109,0,0
BRDA:478,109,1,0
BRDA:493,110,0,0
BRDA:493,110,1,0
BRDA:493,111,0,0
BRDA:493,111,1,0
BRDA:496,112,0,0
BRDA:496,112,1,0
BRDA:496,113,0,0
BRDA:496,113,1,0
BRDA:496,114,0,0
BRDA:496,114,1,0
BRDA:500,115,0,0
BRDA:500,115,1,0
BRDA:500,115,2,0
BRDA:502,116,0,0
BRDA:502,116,1,0
BRDA:502,116,2,0
BRDA:517,117,0,0
BRDA:517,117,1,0
BRDA:525,118,0,0
BRDA:525,118,1,0
BRDA:525,119,0,0
BRDA:525,119,1,0
BRDA:531,120,0,0
BRDA:531,120,1,0
BRDA:541,121,0,0
BRDA:541,121,1,0
BRDA:541,122,0,0
BRDA:541,122,1,0
BRDA:545,123,0,0
BRDA:545,123,1,0
BRDA:545,123,2,0
BRDA:552,124,0,0
BRDA:552,124,1,0
BRDA:564,125,0,0
BRDA:564,125,1,0
BRDA:569,126,0,0
BRDA:569,126,1,0
BRDA:570,127,0,0
BRDA:570,127,1,0
BRDA:570,128,0,0
BRDA:570,128,1,0
BRDA:570,128,2,0
BRDA:578,129,0,0
BRDA:578,129,1,0
BRDA:578,130,0,0
BRDA:578,130,1,0
BRDA:581,131,0,0
BRDA:581,131,1,0
BRDA:581,132,0,0
BRDA:581,132,1,0
BRDA:581,133,0,0
BRDA:581,133,1,0
BRDA:586,134,0,0
BRDA:586,134,1,0
BRDA:586,135,0,0
BRDA:586,135,1,0
BRDA:593,136,0,0
BRDA:593,136,1,0
BRDA:598,137,0,0
BRDA:598,137,1,0
BRDA:603,138,0,0
BRDA:603,138,1,0
BRDA:605,139,0,0
BRDA:605,139,1,0
BRDA:605,140,0,0
BRDA:605,140,1,0
BRDA:612,141,0,0
BRDA:612,141,1,0
BRDA:616,142,0,0
BRDA:616,142,1,0
BRDA:618,143,0,0
BRDA:618,143,1,0
BRDA:618,144,0,0
BRDA:618,144,1,0
BRDA:626,145,0,0
BRDA:626,145,1,0
BRDA:630,146,0,0
BRDA:630,146,1,0
BRDA:630,146,2,0
BRF:317
BRH:0
end_of_record
TN:
SF:lib/services/postMediaProcessing.ts
FN:28,isCompressorModule
FN:67,localId
FN:71,shouldCompressImage
FN:75,shouldCompressVideo
FN:79,prepareImage
FN:110,prepareVideo
FN:124,(anonymous_6)
FN:160,preparePostMedia
FN:165,(anonymous_8)
FN:177,(anonymous_9)
FN:180,(anonymous_10)
FN:195,enqueueServerMediaProcessing
FNF:12
FNH:0
FNDA:0,isCompressorModule
FNDA:0,localId
FNDA:0,shouldCompressImage
FNDA:0,shouldCompressVideo
FNDA:0,prepareImage
FNDA:0,prepareVideo
FNDA:0,(anonymous_6)
FNDA:0,preparePostMedia
FNDA:0,(anonymous_8)
FNDA:0,(anonymous_9)
FNDA:0,(anonymous_10)
FNDA:0,enqueueServerMediaProcessing
DA:29,0
DA:32,0
DA:33,0
DA:34,0
DA:35,0
DA:36,0
DA:37,0
DA:38,0
DA:68,0
DA:72,0
DA:76,0
DA:80,0
DA:81,0
DA:82,0
DA:83,0
DA:84,0
DA:85,0
DA:93,0
DA:95,0
DA:96,0
DA:111,0
DA:112,0
DA:113,0
DA:114,0
DA:115,0
DA:116,0
DA:124,0
DA:128,0
DA:129,0
DA:142,0
DA:144,0
DA:145,0
DA:165,0
DA:166,0
DA:167,0
DA:168,0
DA:175,0
DA:176,0
DA:177,0
DA:178,0
DA:180,0
DA:181,0
DA:187,0
DA:188,0
DA:198,0
LF:45
LH:0
BRDA:29,0,0,0
BRDA:29,0,1,0
BRDA:36,1,0,0
BRDA:36,1,1,0
BRDA:37,2,0,0
BRDA:37,2,1,0
BRDA:38,3,0,0
BRDA:38,3,1,0
BRDA:72,4,0,0
BRDA:72,4,1,0
BRDA:76,5,0,0
BRDA:76,5,1,0
BRDA:84,6,0,0
BRDA:84,6,1,0
BRDA:84,7,0,0
BRDA:84,7,1,0
BRDA:100,8,0,0
BRDA:100,8,1,0
BRDA:103,9,0,0
BRDA:103,9,1,0
BRDA:104,10,0,0
BRDA:104,10,1,0
BRDA:105,11,0,0
BRDA:105,11,1,0
BRDA:115,12,0,0
BRDA:115,12,1,0
BRDA:115,13,0,0
BRDA:115,13,1,0
BRDA:128,14,0,0
BRDA:128,14,1,0
BRDA:128,15,0,0
BRDA:128,15,1,0
BRDA:133,16,0,0
BRDA:133,16,1,0
BRDA:134,17,0,0
BRDA:134,17,1,0
BRDA:135,18,0,0
BRDA:135,18,1,0
BRDA:136,19,0,0
BRDA:136,19,1,0
BRDA:137,20,0,0
BRDA:137,20,1,0
BRDA:139,21,0,0
BRDA:139,21,1,0
BRDA:149,22,0,0
BRDA:149,22,1,0
BRDA:152,23,0,0
BRDA:152,23,1,0
BRDA:153,24,0,0
BRDA:153,24,1,0
BRDA:154,25,0,0
BRDA:154,25,1,0
BRDA:155,26,0,0
BRDA:155,26,1,0
BRDA:162,27,0,0
BRDA:167,28,0,0
BRDA:167,28,1,0
BRDA:167,29,0,0
BRDA:167,29,1,0
BRDA:171,30,0,0
BRDA:171,30,1,0
BRDA:177,31,0,0
BRDA:177,31,1,0
BRDA:177,32,0,0
BRDA:177,32,1,0
BRDA:180,33,0,0
BRDA:180,33,1,0
BRDA:182,34,0,0
BRDA:182,34,1,0
BRDA:190,35,0,0
BRDA:190,35,1,0
BRF:71
BRH:0
end_of_record
TN:
SF:lib/services/posts.ts
FN:136,mapRowToPost
FN:151,(anonymous_1)
FN:152,(anonymous_2)
FN:152,(anonymous_3)
FN:154,(anonymous_4)
FN:192,likePost
FN:200,unlikePost
FN:204,togglePostLike
FN:219,savePost
FN:226,unsavePost
FN:230,togglePostSave
FN:245,addPostReaction
FN:258,removePostReaction
FN:271,fetchPostLikes
FN:278,fetchPostSocialState
FN:333,fetchUserLikes
FN:338,(anonymous_16)
FN:341,fetchUserSaves
FN:346,(anonymous_18)
FN:349,extractPostRow
FN:354,(anonymous_20)
FN:355,(anonymous_21)
FN:356,(anonymous_22)
FN:370,(anonymous_23)
FN:412,fetchPostsByIds
FN:419,(anonymous_25)
FN:422,fetchSavedPosts
FN:429,(anonymous_27)
FN:434,fetchJunctionPage
FN:454,(anonymous_29)
FN:460,fetchSavedPostsPage
FN:468,fetchLikedPostsPage
FN:476,fetchLikedPosts
FN:483,(anonymous_33)
FN:486,fetchFeedPostsPage
FN:503,(anonymous_35)
FN:508,fetchPostById
FN:517,loadPostForEditing
FN:522,recordPostEditEvent
FN:539,updatePost
FN:627,(anonymous_40)
FN:651,createPost
FN:693,(anonymous_42)
FN:716,deletePost
FN:720,fetchPostsByCuisines
FN:726,(anonymous_45)
FN:736,(anonymous_46)
FNF:47
FNH:6
FNDA:7,mapRowToPost
FNDA:1,(anonymous_1)
FNDA:1,(anonymous_2)
FNDA:1,(anonymous_3)
FNDA:1,(anonymous_4)
FNDA:0,likePost
FNDA:0,unlikePost
FNDA:0,togglePostLike
FNDA:0,savePost
FNDA:0,unsavePost
FNDA:0,togglePostSave
FNDA:0,addPostReaction
FNDA:0,removePostReaction
FNDA:2,fetchPostLikes
FNDA:0,fetchPostSocialState
FNDA:0,fetchUserLikes
FNDA:0,(anonymous_16)
FNDA:0,fetchUserSaves
FNDA:0,(anonymous_18)
FNDA:0,extractPostRow
FNDA:0,(anonymous_20)
FNDA:0,(anonymous_21)
FNDA:0,(anonymous_22)
FNDA:0,(anonymous_23)
FNDA:0,fetchPostsByIds
FNDA:0,(anonymous_25)
FNDA:0,fetchSavedPosts
FNDA:0,(anonymous_27)
FNDA:0,fetchJunctionPage
FNDA:0,(anonymous_29)
FNDA:0,fetchSavedPostsPage
FNDA:0,fetchLikedPostsPage
FNDA:0,fetchLikedPosts
FNDA:0,(anonymous_33)
FNDA:0,fetchFeedPostsPage
FNDA:0,(anonymous_35)
FNDA:0,fetchPostById
FNDA:0,loadPostForEditing
FNDA:0,recordPostEditEvent
FNDA:0,updatePost
FNDA:0,(anonymous_40)
FNDA:0,createPost
FNDA:0,(anonymous_42)
FNDA:0,deletePost
FNDA:0,fetchPostsByCuisines
FNDA:0,(anonymous_45)
FNDA:0,(anonymous_46)
DA:137,7
DA:138,7
DA:139,7
DA:151,1
DA:152,1
DA:154,1
DA:193,0
DA:197,0
DA:201,0
DA:209,0
DA:210,0
DA:211,0
DA:212,0
DA:214,0
DA:216,0
DA:220,0
DA:227,0
DA:235,0
DA:236,0
DA:237,0
DA:238,0
DA:240,0
DA:242,0
DA:250,0
DA:255,0
DA:263,0
DA:268,0
DA:272,2
DA:275,2
DA:283,0
DA:297,0
DA:298,0
DA:299,0
DA:300,0
DA:301,0
DA:302,0
DA:306,0
DA:307,0
DA:308,0
DA:309,0
DA:310,0
DA:314,0
DA:315,0
DA:316,0
DA:317,0
DA:318,0
DA:322,0
DA:334,0
DA:338,0
DA:342,0
DA:346,0
DA:350,0
DA:351,0
DA:352,0
DA:353,0
DA:354,0
DA:355,0
DA:356,0
DA:357,0
DA:358,0
DA:370,0
DA:403,1
DA:410,1
DA:413,0
DA:414,0
DA:418,0
DA:419,0
DA:423,0
DA:428,0
DA:429,0
DA:440,0
DA:446,0
DA:448,0
DA:449,0
DA:451,0
DA:452,0
DA:453,0
DA:454,0
DA:457,0
DA:465,0
DA:473,0
DA:477,0
DA:482,0
DA:483,0
DA:490,0
DA:496,0
DA:498,0
DA:499,0
DA:501,0
DA:502,0
DA:503,0
DA:505,0
DA:509,0
DA:514,0
DA:518,0
DA:519,0
DA:528,0
DA:529,0
DA:536,0
DA:540,0
DA:541,0
DA:546,0
DA:547,0
DA:548,0
DA:550,0
DA:551,0
DA:552,0
DA:554,0
DA:555,0
DA:556,0
DA:558,0
DA:559,0
DA:560,0
DA:562,0
DA:563,0
DA:564,0
DA:566,0
DA:567,0
DA:568,0
DA:570,0
DA:571,0
DA:572,0
DA:574,0
DA:575,0
DA:576,0
DA:578,0
DA:579,0
DA:580,0
DA:582,0
DA:583,0
DA:584,0
DA:586,0
DA:587,0
DA:588,0
DA:592,0
DA:597,0
DA:598,0
DA:599,0
DA:601,0
DA:605,0
DA:607,0
DA:609,0
DA:613,0
DA:615,0
DA:616,0
DA:617,0
DA:618,0
DA:621,0
DA:623,0
DA:624,0
DA:627,0
DA:643,0
DA:644,0
DA:648,0
DA:666,0
DA:684,0
DA:686,0
DA:688,0
DA:690,0
DA:693,0
DA:709,0
DA:710,0
DA:713,0
DA:717,0
DA:724,0
DA:725,0
DA:726,0
DA:728,0
DA:735,0
DA:736,0
LF:170
LH:10
BRDA:138,0,0,7
BRDA:138,0,1,0
BRDA:143,1,0,7
BRDA:143,1,1,1
BRDA:144,2,0,7
BRDA:144,2,1,1
BRDA:151,3,0,7
BRDA:151,3,1,6
BRDA:151,3,2,5
BRDA:151,4,0,1
BRDA:151,4,1,0
BRDA:152,5,0,7
BRDA:152,5,1,7
BRDA:152,5,2,7
BRDA:153,6,0,7
BRDA:153,6,1,6
BRDA:153,7,0,1
BRDA:153,7,1,5
BRDA:156,8,0,1
BRDA:156,8,1,1
BRDA:157,9,0,1
BRDA:157,9,1,0
BRDA:158,10,0,1
BRDA:158,10,1,0
BRDA:159,11,0,1
BRDA:159,11,1,1
BRDA:160,12,0,1
BRDA:160,12,1,0
BRDA:161,13,0,1
BRDA:161,13,1,1
BRDA:162,14,0,1
BRDA:162,14,1,1
BRDA:163,15,0,1
BRDA:163,15,1,1
BRDA:164,16,0,1
BRDA:164,16,1,1
BRDA:165,17,0,1
BRDA:165,17,1,1
BRDA:166,18,0,1
BRDA:166,18,1,1
BRDA:167,19,0,1
BRDA:167,19,1,1
BRDA:169,20,0,7
BRDA:169,20,1,0
BRDA:170,21,0,7
BRDA:170,21,1,7
BRDA:171,22,0,7
BRDA:171,22,1,7
BRDA:174,23,0,7
BRDA:174,23,1,0
BRDA:175,24,0,7
BRDA:175,24,1,1
BRDA:176,25,0,7
BRDA:176,25,1,1
BRDA:177,26,0,7
BRDA:177,26,1,1
BRDA:178,27,0,7
BRDA:178,27,1,7
BRDA:179,28,0,7
BRDA:179,28,1,7
BRDA:180,29,0,7
BRDA:180,29,1,0
BRDA:181,30,0,7
BRDA:181,30,1,0
BRDA:182,31,0,7
BRDA:182,31,1,0
BRDA:183,32,0,7
BRDA:183,32,1,7
BRDA:184,33,0,7
BRDA:184,33,1,7
BRDA:185,34,0,7
BRDA:185,34,1,7
BRDA:186,35,0,7
BRDA:186,35,1,7
BRDA:187,36,0,7
BRDA:187,36,1,7
BRDA:188,37,0,7
BRDA:188,37,1,7
BRDA:209,38,0,0
BRDA:209,38,1,0
BRDA:210,39,0,0
BRDA:210,39,1,0
BRDA:235,40,0,0
BRDA:235,40,1,0
BRDA:236,41,0,0
BRDA:236,41,1,0
BRDA:255,42,0,0
BRDA:255,42,1,0
BRDA:268,43,0,0
BRDA:268,43,1,0
BRDA:275,44,0,2
BRDA:275,44,1,1
BRDA:299,45,0,0
BRDA:299,45,1,0
BRDA:300,46,0,0
BRDA:300,46,1,0
BRDA:301,47,0,0
BRDA:301,47,1,0
BRDA:301,48,0,0
BRDA:301,48,1,0
BRDA:309,49,0,0
BRDA:309,49,1,0
BRDA:316,50,0,0
BRDA:316,50,1,0
BRDA:323,51,0,0
BRDA:323,51,1,0
BRDA:324,52,0,0
BRDA:324,52,1,0
BRDA:338,53,0,0
BRDA:338,53,1,0
BRDA:346,54,0,0
BRDA:346,54,1,0
BRDA:350,55,0,0
BRDA:350,55,1,0
BRDA:351,56,0,0
BRDA:351,56,1,0
BRDA:352,57,0,0
BRDA:352,57,1,0
BRDA:355,58,0,0
BRDA:355,58,1,0
BRDA:355,59,0,0
BRDA:355,59,1,0
BRDA:356,60,0,0
BRDA:356,60,1,0
BRDA:356,61,0,0
BRDA:356,61,1,0
BRDA:367,62,0,0
BRDA:367,62,1,0
BRDA:369,63,0,0
BRDA:369,63,1,0
BRDA:373,64,0,0
BRDA:373,64,1,0
BRDA:374,65,0,0
BRDA:374,65,1,0
BRDA:375,66,0,0
BRDA:375,66,1,0
BRDA:376,67,0,0
BRDA:376,67,1,0
BRDA:377,68,0,0
BRDA:377,68,1,0
BRDA:378,69,0,0
BRDA:378,69,1,0
BRDA:379,70,0,0
BRDA:379,70,1,0
BRDA:380,71,0,0
BRDA:380,71,1,0
BRDA:381,72,0,0
BRDA:381,72,1,0
BRDA:382,73,0,0
BRDA:382,73,1,0
BRDA:383,74,0,0
BRDA:383,74,1,0
BRDA:384,75,0,0
BRDA:384,75,1,0
BRDA:386,76,0,0
BRDA:386,76,1,0
BRDA:387,77,0,0
BRDA:387,77,1,0
BRDA:388,78,0,0
BRDA:388,78,1,0
BRDA:389,79,0,0
BRDA:389,79,1,0
BRDA:390,80,0,0
BRDA:390,80,1,0
BRDA:391,81,0,0
BRDA:391,81,1,0
BRDA:392,82,0,0
BRDA:392,82,1,0
BRDA:393,83,0,0
BRDA:393,83,1,0
BRDA:394,84,0,0
BRDA:394,84,1,0
BRDA:395,85,0,0
BRDA:395,85,1,0
BRDA:396,86,0,0
BRDA:396,86,1,0
BRDA:397,87,0,0
BRDA:397,87,1,0
BRDA:398,88,0,0
BRDA:398,88,1,0
BRDA:399,89,0,0
BRDA:399,89,1,0
BRDA:413,90,0,0
BRDA:413,90,1,0
BRDA:418,91,0,0
BRDA:418,91,1,0
BRDA:428,92,0,0
BRDA:428,92,1,0
BRDA:446,93,0,0
BRDA:446,93,1,0
BRDA:449,94,0,0
BRDA:449,94,1,0
BRDA:452,95,0,0
BRDA:452,95,1,0
BRDA:457,96,0,0
BRDA:457,96,1,0
BRDA:457,97,0,0
BRDA:457,97,1,0
BRDA:463,98,0,0
BRDA:471,99,0,0
BRDA:482,100,0,0
BRDA:482,100,1,0
BRDA:488,101,0,0
BRDA:496,102,0,0
BRDA:496,102,1,0
BRDA:499,103,0,0
BRDA:499,103,1,0
BRDA:502,104,0,0
BRDA:502,104,1,0
BRDA:505,105,0,0
BRDA:505,105,1,0
BRDA:519,106,0,0
BRDA:519,106,1,0
BRDA:526,107,0,0
BRDA:536,108,0,0
BRDA:536,108,1,0
BRDA:546,109,0,0
BRDA:546,109,1,0
BRDA:550,110,0,0
BRDA:550,110,1,0
BRDA:554,111,0,0
BRDA:554,111,1,0
BRDA:558,112,0,0
BRDA:558,112,1,0
BRDA:562,113,0,0
BRDA:562,113,1,0
BRDA:566,114,0,0
BRDA:566,114,1,0
BRDA:570,115,0,0
BRDA:570,115,1,0
BRDA:574,116,0,0
BRDA:574,116,1,0
BRDA:575,117,0,0
BRDA:575,117,1,0
BRDA:578,118,0,0
BRDA:578,118,1,0
BRDA:582,119,0,0
BRDA:582,119,1,0
BRDA:586,120,0,0
BRDA:586,120,1,0
BRDA:587,121,0,0
BRDA:587,121,1,0
BRDA:597,122,0,0
BRDA:597,122,1,0
BRDA:598,123,0,0
BRDA:598,123,1,0
BRDA:598,124,0,0
BRDA:598,124,1,0
BRDA:601,125,0,0
BRDA:601,125,1,0
BRDA:602,126,0,0
BRDA:602,126,1,0
BRDA:603,127,0,0
BRDA:603,127,1,0
BRDA:607,128,0,0
BRDA:607,128,1,0
BRDA:613,129,0,0
BRDA:613,129,1,0
BRDA:615,130,0,0
BRDA:615,130,1,0
BRDA:621,131,0,0
BRDA:621,131,1,0
BRDA:623,132,0,0
BRDA:623,132,1,0
BRDA:629,133,0,0
BRDA:629,133,1,0
BRDA:629,133,2,0
BRDA:630,134,0,0
BRDA:630,134,1,0
BRDA:631,135,0,0
BRDA:631,135,1,0
BRDA:632,136,0,0
BRDA:632,136,1,0
BRDA:634,137,0,0
BRDA:634,137,1,0
BRDA:635,138,0,0
BRDA:635,138,1,0
BRDA:636,139,0,0
BRDA:636,139,1,0
BRDA:637,140,0,0
BRDA:637,140,1,0
BRDA:638,141,0,0
BRDA:638,141,1,0
BRDA:639,142,0,0
BRDA:639,142,1,0
BRDA:639,143,0,0
BRDA:639,143,1,0
BRDA:640,144,0,0
BRDA:640,144,1,0
BRDA:644,145,0,0
BRDA:644,145,1,0
BRDA:684,146,0,0
BRDA:684,146,1,0
BRDA:688,147,0,0
BRDA:688,147,1,0
BRDA:695,148,0,0
BRDA:695,148,1,0
BRDA:695,148,2,0
BRDA:696,149,0,0
BRDA:696,149,1,0
BRDA:697,150,0,0
BRDA:697,150,1,0
BRDA:698,151,0,0
BRDA:698,151,1,0
BRDA:700,152,0,0
BRDA:700,152,1,0
BRDA:701,153,0,0
BRDA:701,153,1,0
BRDA:702,154,0,0
BRDA:702,154,1,0
BRDA:703,155,0,0
BRDA:703,155,1,0
BRDA:704,156,0,0
BRDA:704,156,1,0
BRDA:705,157,0,0
BRDA:705,157,1,0
BRDA:705,158,0,0
BRDA:705,158,1,0
BRDA:706,159,0,0
BRDA:706,159,1,0
BRDA:710,160,0,0
BRDA:710,160,1,0
BRDA:722,161,0,0
BRDA:724,162,0,0
BRDA:724,162,1,0
BRDA:735,163,0,0
BRDA:735,163,1,0
BRF:327
BRH:70
end_of_record
TN:
SF:lib/services/restaurants.ts
FN:81,fetchPredictions
FN:86,(anonymous_1)
FN:106,searchRestaurantsByText
FN:114,(anonymous_3)
FN:136,fetchNearbyRestaurants
FN:149,(anonymous_5)
FN:171,fetchPlaceDetails
FN:179,fetchRestaurantProviderDetail
FN:191,fetchPlaceIdByTextSearch
FN:200,getRestaurantProviderPhotoUrl
FN:204,findRestaurantByGooglePlaceId
FN:213,searchLocalRestaurants
FN:223,upsertRestaurant
FN:260,(anonymous_13)
FN:260,(anonymous_14)
FN:273,(anonymous_15)
FN:278,upsertResolvedRestaurant
FN:297,saveLocation
FN:305,unsaveLocation
FN:326,fetchSavedLocationsForUser
FN:337,createUserRestaurant
FN:351,getRestaurantDisplayPhotos
FN:358,(anonymous_22)
FN:372,(anonymous_23)
FN:373,(anonymous_24)
FN:374,(anonymous_25)
FN:375,(anonymous_26)
FN:381,getRestaurantDisplayPhoto
FN:389,recordRestaurantSource
FN:418,recordRestaurantProviderCache
FN:472,recordRestaurantObservation
FN:495,submitRestaurantEditSuggestion
FN:521,submitDuplicateRestaurantSuggestion
FN:553,submitCommunityVerification
FN:581,recordRestaurantAuditEvent
FN:606,submitRestaurantClaim
FN:627,recordRestaurantAlias
FN:652,recordRestaurantMergeEvidence
FN:674,reportDataRepair
FN:703,fetchRestaurantRow
FN:711,fetchRestaurantRowByPlaceId
FN:719,cacheRestaurantGoogleData
FN:728,(anonymous_42)
FN:739,fetchRestaurantPostRatings
FN:747,fetchIsLocationSaved
FN:764,fetchPopularityCache
FN:773,insertGoogleRestaurant
FNF:47
FNH:0
FNDA:0,fetchPredictions
FNDA:0,(anonymous_1)
FNDA:0,searchRestaurantsByText
FNDA:0,(anonymous_3)
FNDA:0,fetchNearbyRestaurants
FNDA:0,(anonymous_5)
FNDA:0,fetchPlaceDetails
FNDA:0,fetchRestaurantProviderDetail
FNDA:0,fetchPlaceIdByTextSearch
FNDA:0,getRestaurantProviderPhotoUrl
FNDA:0,findRestaurantByGooglePlaceId
FNDA:0,searchLocalRestaurants
FNDA:0,upsertRestaurant
FNDA:0,(anonymous_13)
FNDA:0,(anonymous_14)
FNDA:0,(anonymous_15)
FNDA:0,upsertResolvedRestaurant
FNDA:0,saveLocation
FNDA:0,unsaveLocation
FNDA:0,fetchSavedLocationsForUser
FNDA:0,createUserRestaurant
FNDA:0,getRestaurantDisplayPhotos
FNDA:0,(anonymous_22)
FNDA:0,(anonymous_23)
FNDA:0,(anonymous_24)
FNDA:0,(anonymous_25)
FNDA:0,(anonymous_26)
FNDA:0,getRestaurantDisplayPhoto
FNDA:0,recordRestaurantSource
FNDA:0,recordRestaurantProviderCache
FNDA:0,recordRestaurantObservation
FNDA:0,submitRestaurantEditSuggestion
FNDA:0,submitDuplicateRestaurantSuggestion
FNDA:0,submitCommunityVerification
FNDA:0,recordRestaurantAuditEvent
FNDA:0,submitRestaurantClaim
FNDA:0,recordRestaurantAlias
FNDA:0,recordRestaurantMergeEvidence
FNDA:0,reportDataRepair
FNDA:0,fetchRestaurantRow
FNDA:0,fetchRestaurantRowByPlaceId
FNDA:0,cacheRestaurantGoogleData
FNDA:0,(anonymous_42)
FNDA:0,fetchRestaurantPostRatings
FNDA:0,fetchIsLocationSaved
FNDA:0,fetchPopularityCache
FNDA:0,insertGoogleRestaurant
DA:85,0
DA:86,0
DA:110,0
DA:114,0
DA:140,0
DA:141,0
DA:142,0
DA:149,0
DA:172,0
DA:176,0
DA:183,0
DA:184,0
DA:185,0
DA:187,0
DA:192,0
DA:193,0
DA:194,0
DA:196,0
DA:201,0
DA:205,0
DA:206,0
DA:210,0
DA:214,0
DA:215,0
DA:216,0
DA:220,0
DA:228,0
DA:229,0
DA:260,0
DA:270,0
DA:271,0
DA:273,0
DA:275,0
DA:279,0
DA:293,0
DA:294,0
DA:298,0
DA:302,0
DA:306,0
DA:310,0
DA:327,0
DA:333,0
DA:334,0
DA:338,0
DA:347,0
DA:348,0
DA:356,0
DA:358,0
DA:361,0
DA:363,0
DA:371,0
DA:372,0
DA:373,0
DA:374,0
DA:375,0
DA:378,0
DA:385,0
DA:386,0
DA:401,0
DA:402,0
DA:424,0
DA:425,0
DA:426,0
DA:427,0
DA:480,0
DA:481,0
DA:482,0
DA:483,0
DA:496,0
DA:510,0
DA:529,0
DA:530,0
DA:539,0
DA:558,0
DA:569,0
DA:592,0
DA:611,0
DA:612,0
DA:613,0
DA:615,0
DA:636,0
DA:637,0
DA:638,0
DA:640,0
DA:661,0
DA:662,0
DA:683,0
DA:684,0
DA:685,0
DA:687,0
DA:704,0
DA:708,0
DA:712,0
DA:716,0
DA:728,0
DA:740,0
DA:744,0
DA:748,0
DA:753,0
DA:765,0
DA:769,0
DA:770,0
DA:780,0
DA:791,0
LF:104
LH:0
BRDA:86,0,0,0
BRDA:86,0,1,0
BRDA:108,1,0,0
BRDA:114,2,0,0
BRDA:114,2,1,0
BRDA:115,3,0,0
BRDA:115,3,1,0
BRDA:119,4,0,0
BRDA:119,4,1,0
BRDA:123,5,0,0
BRDA:123,5,1,0
BRDA:126,6,0,0
BRDA:126,6,1,0
BRDA:127,7,0,0
BRDA:127,7,1,0
BRDA:128,8,0,0
BRDA:128,8,1,0
BRDA:129,9,0,0
BRDA:129,9,1,0
BRDA:130,10,0,0
BRDA:130,10,1,0
BRDA:131,11,0,0
BRDA:131,11,1,0
BRDA:138,12,0,0
BRDA:149,13,0,0
BRDA:149,13,1,0
BRDA:150,14,0,0
BRDA:150,14,1,0
BRDA:154,15,0,0
BRDA:154,15,1,0
BRDA:161,16,0,0
BRDA:161,16,1,0
BRDA:162,17,0,0
BRDA:162,17,1,0
BRDA:163,18,0,0
BRDA:163,18,1,0
BRDA:164,19,0,0
BRDA:164,19,1,0
BRDA:165,20,0,0
BRDA:165,20,1,0
BRDA:166,21,0,0
BRDA:166,21,1,0
BRDA:176,22,0,0
BRDA:176,22,1,0
BRDA:185,23,0,0
BRDA:185,23,1,0
BRDA:194,24,0,0
BRDA:194,24,1,0
BRDA:200,25,0,0
BRDA:205,26,0,0
BRDA:205,26,1,0
BRDA:210,27,0,0
BRDA:210,27,1,0
BRDA:213,28,0,0
BRDA:215,29,0,0
BRDA:215,29,1,0
BRDA:220,30,0,0
BRDA:220,30,1,0
BRDA:237,31,0,0
BRDA:237,31,1,0
BRDA:254,32,0,0
BRDA:254,32,1,0
BRDA:255,33,0,0
BRDA:255,33,1,0
BRDA:256,34,0,0
BRDA:256,34,1,0
BRDA:257,35,0,0
BRDA:257,35,1,0
BRDA:258,36,0,0
BRDA:258,36,1,0
BRDA:259,37,0,0
BRDA:259,37,1,0
BRDA:260,38,0,0
BRDA:260,38,1,0
BRDA:261,39,0,0
BRDA:261,39,1,0
BRDA:262,40,0,0
BRDA:262,40,1,0
BRDA:271,41,0,0
BRDA:271,41,1,0
BRDA:293,42,0,0
BRDA:293,42,1,0
BRDA:294,43,0,0
BRDA:294,43,1,0
BRDA:302,44,0,0
BRDA:302,44,1,0
BRDA:310,45,0,0
BRDA:310,45,1,0
BRDA:333,46,0,0
BRDA:333,46,1,0
BRDA:334,47,0,0
BRDA:334,47,1,0
BRDA:340,48,0,0
BRDA:340,48,1,0
BRDA:341,49,0,0
BRDA:341,49,1,0
BRDA:342,50,0,0
BRDA:342,50,1,0
BRDA:343,51,0,0
BRDA:343,51,1,0
BRDA:344,52,0,0
BRDA:344,52,1,0
BRDA:345,53,0,0
BRDA:345,53,1,0
BRDA:347,54,0,0
BRDA:347,54,1,0
BRDA:348,55,0,0
BRDA:348,55,1,0
BRDA:353,56,0,0
BRDA:354,57,0,0
BRDA:361,58,0,0
BRDA:361,58,1,0
BRDA:371,59,0,0
BRDA:371,59,1,0
BRDA:372,60,0,0
BRDA:372,60,1,0
BRDA:373,61,0,0
BRDA:373,61,1,0
BRDA:373,62,0,0
BRDA:373,62,1,0
BRDA:375,63,0,0
BRDA:375,63,1,0
BRDA:375,63,2,0
BRDA:378,64,0,0
BRDA:378,64,1,0
BRDA:383,65,0,0
BRDA:386,66,0,0
BRDA:386,66,1,0
BRDA:393,67,0,0
BRDA:401,68,0,0
BRDA:401,68,1,0
BRDA:401,69,0,0
BRDA:401,69,1,0
BRDA:407,70,0,0
BRDA:407,70,1,0
BRDA:408,71,0,0
BRDA:408,71,1,0
BRDA:409,72,0,0
BRDA:409,72,1,0
BRDA:410,73,0,0
BRDA:410,73,1,0
BRDA:411,74,0,0
BRDA:411,74,1,0
BRDA:424,75,0,0
BRDA:424,75,1,0
BRDA:424,76,0,0
BRDA:424,76,1,0
BRDA:450,77,0,0
BRDA:450,77,1,0
BRDA:451,78,0,0
BRDA:451,78,1,0
BRDA:452,79,0,0
BRDA:452,79,1,0
BRDA:453,80,0,0
BRDA:453,80,1,0
BRDA:454,81,0,0
BRDA:454,81,1,0
BRDA:455,82,0,0
BRDA:455,82,1,0
BRDA:456,83,0,0
BRDA:456,83,1,0
BRDA:459,84,0,0
BRDA:459,84,1,0
BRDA:461,85,0,0
BRDA:461,85,1,0
BRDA:465,86,0,0
BRDA:465,86,1,0
BRDA:482,87,0,0
BRDA:482,87,1,0
BRDA:484,88,0,0
BRDA:484,88,1,0
BRDA:489,89,0,0
BRDA:489,89,1,0
BRDA:490,90,0,0
BRDA:490,90,1,0
BRDA:491,91,0,0
BRDA:491,91,1,0
BRDA:501,92,0,0
BRDA:501,92,1,0
BRDA:502,93,0,0
BRDA:502,93,1,0
BRDA:516,94,0,0
BRDA:516,94,1,0
BRDA:517,95,0,0
BRDA:517,95,1,0
BRDA:529,96,0,0
BRDA:529,96,1,0
BRDA:545,97,0,0
BRDA:545,97,1,0
BRDA:546,98,0,0
BRDA:546,98,1,0
BRDA:560,99,0,0
BRDA:560,99,1,0
BRDA:562,100,0,0
BRDA:562,100,1,0
BRDA:563,101,0,0
BRDA:563,101,1,0
BRDA:575,102,0,0
BRDA:575,102,1,0
BRDA:596,103,0,0
BRDA:596,103,1,0
BRDA:597,104,0,0
BRDA:597,104,1,0
BRDA:598,105,0,0
BRDA:598,105,1,0
BRDA:599,106,0,0
BRDA:599,106,1,0
BRDA:600,107,0,0
BRDA:600,107,1,0
BRDA:601,108,0,0
BRDA:601,108,1,0
BRDA:602,109,0,0
BRDA:602,109,1,0
BRDA:613,110,0,0
BRDA:613,110,1,0
BRDA:621,111,0,0
BRDA:621,111,1,0
BRDA:622,112,0,0
BRDA:622,112,1,0
BRDA:638,113,0,0
BRDA:638,113,1,0
BRDA:642,114,0,0
BRDA:642,114,1,0
BRDA:643,115,0,0
BRDA:643,115,1,0
BRDA:644,116,0,0
BRDA:644,116,1,0
BRDA:645,117,0,0
BRDA:645,117,1,0
BRDA:647,118,0,0
BRDA:647,118,1,0
BRDA:664,119,0,0
BRDA:664,119,1,0
BRDA:665,120,0,0
BRDA:665,120,1,0
BRDA:667,121,0,0
BRDA:667,121,1,0
BRDA:668,122,0,0
BRDA:668,122,1,0
BRDA:669,123,0,0
BRDA:669,123,1,0
BRDA:670,124,0,0
BRDA:670,124,1,0
BRDA:685,125,0,0
BRDA:685,125,1,0
BRDA:689,126,0,0
BRDA:689,126,1,0
BRDA:690,127,0,0
BRDA:690,127,1,0
BRDA:695,128,0,0
BRDA:695,128,1,0
BRDA:696,129,0,0
BRDA:696,129,1,0
BRDA:744,130,0,0
BRDA:744,130,1,0
BRDA:764,131,0,0
BRDA:769,132,0,0
BRDA:769,132,1,0
BRDA:770,133,0,0
BRDA:770,133,1,0
BRDA:791,134,0,0
BRDA:791,134,1,0
BRF:262
BRH:0
end_of_record
TN:
SF:lib/services/search.ts
FN:11,fetchTrendingSearches
FN:22,fetchRecentSearchHistory
FNF:2
FNH:0
FNDA:0,fetchTrendingSearches
FNDA:0,fetchRecentSearchHistory
DA:12,0
DA:18,0
DA:19,0
DA:26,0
DA:30,0
DA:31,0
LF:6
LH:0
BRDA:18,0,0,0
BRDA:18,0,1,0
BRDA:19,1,0,0
BRDA:19,1,1,0
BRDA:30,2,0,0
BRDA:30,2,1,0
BRDA:31,3,0,0
BRDA:31,3,1,0
BRF:8
BRH:0
end_of_record
TN:
SF:lib/services/suburbs.ts
FN:5,fetchSuburbAliases
FN:14,cacheSuburbLookup
FN:24,resolveSuburbRpc
FNF:3
FNH:0
FNDA:0,fetchSuburbAliases
FNDA:0,cacheSuburbLookup
FNDA:0,resolveSuburbRpc
DA:6,0
DA:10,0
DA:11,0
DA:15,0
DA:21,0
DA:25,0
DA:26,0
DA:27,0
LF:8
LH:0
BRDA:10,0,0,0
BRDA:10,0,1,0
BRDA:11,1,0,0
BRDA:11,1,1,0
BRDA:18,2,0,0
BRDA:18,2,1,0
BRDA:18,3,0,0
BRDA:18,3,1,0
BRDA:18,4,0,0
BRDA:18,4,1,0
BRDA:21,5,0,0
BRDA:21,5,1,0
BRDA:26,6,0,0
BRDA:26,6,1,0
BRDA:27,7,0,0
BRDA:27,7,1,0
BRF:16
BRH:0
end_of_record
TN:
SF:lib/services/topics.ts
FN:18,saveTopicFollows
FN:23,(anonymous_1)
FN:26,(anonymous_2)
FN:31,fetchTopicFollows
FN:36,(anonymous_4)
FNF:5
FNH:0
FNDA:0,saveTopicFollows
FNDA:0,(anonymous_1)
FNDA:0,(anonymous_2)
FNDA:0,fetchTopicFollows
FNDA:0,(anonymous_4)
DA:3,0
DA:23,0
DA:24,0
DA:25,0
DA:26,0
DA:32,0
DA:36,0
LF:7
LH:0
BRDA:21,0,0,0
BRDA:24,1,0,0
BRDA:24,1,1,0
BRDA:36,2,0,0
BRDA:36,2,1,0
BRF:5
BRH:0
end_of_record
TN:
SF:lib/services/users.ts
FN:15,fetchProfile
FN:23,updateProfile
FN:32,fetchUserIdByUsername
FN:40,fetchIsFollowing
FN:49,followUser
FN:59,unfollowUser
FN:67,fetchFollowedUsernames
FN:71,(anonymous_7)
FN:81,fetchFollowedUsersBasic
FN:86,(anonymous_9)
FN:94,searchUsersBasic
FN:104,(anonymous_11)
FN:112,fetchFollowCounts
FN:134,fetchFollowers
FN:140,(anonymous_14)
FN:143,fetchFollowing
FN:149,(anonymous_16)
FN:152,updateLastSeen
FN:153,(anonymous_18)
FNF:19
FNH:0
FNDA:0,fetchProfile
FNDA:0,updateProfile
FNDA:0,fetchUserIdByUsername
FNDA:0,fetchIsFollowing
FNDA:0,followUser
FNDA:0,unfollowUser
FNDA:0,fetchFollowedUsernames
FNDA:0,(anonymous_7)
FNDA:0,fetchFollowedUsersBasic
FNDA:0,(anonymous_9)
FNDA:0,searchUsersBasic
FNDA:0,(anonymous_11)
FNDA:0,fetchFollowCounts
FNDA:0,fetchFollowers
FNDA:0,(anonymous_14)
FNDA:0,fetchFollowing
FNDA:0,(anonymous_16)
FNDA:0,updateLastSeen
FNDA:0,(anonymous_18)
DA:16,0
DA:20,0
DA:24,0
DA:29,0
DA:33,0
DA:37,0
DA:41,0
DA:46,0
DA:50,0
DA:54,0
DA:55,0
DA:56,0
DA:60,0
DA:64,0
DA:68,0
DA:71,0
DA:82,0
DA:86,0
DA:98,0
DA:99,0
DA:104,0
DA:113,0
DA:121,0
DA:135,0
DA:140,0
DA:144,0
DA:149,0
DA:153,0
LF:28
LH:0
BRDA:20,0,0,0
BRDA:20,0,1,0
BRDA:29,1,0,0
BRDA:29,1,1,0
BRDA:37,2,0,0
BRDA:37,2,1,0
BRDA:54,3,0,0
BRDA:54,3,1,0
BRDA:64,4,0,0
BRDA:64,4,1,0
BRDA:71,5,0,0
BRDA:71,5,1,0
BRDA:86,6,0,0
BRDA:86,6,1,0
BRDA:88,7,0,0
BRDA:88,7,1,0
BRDA:89,8,0,0
BRDA:89,8,1,0
BRDA:90,9,0,0
BRDA:90,9,1,0
BRDA:104,10,0,0
BRDA:104,10,1,0
BRDA:106,11,0,0
BRDA:106,11,1,0
BRDA:107,12,0,0
BRDA:107,12,1,0
BRDA:108,13,0,0
BRDA:108,13,1,0
BRDA:122,14,0,0
BRDA:122,14,1,0
BRDA:123,15,0,0
BRDA:123,15,1,0
BRDA:134,16,0,0
BRDA:140,17,0,0
BRDA:140,17,1,0
BRDA:143,18,0,0
BRDA:149,19,0,0
BRDA:149,19,1,0
BRF:38
BRH:0
end_of_record
TN:
SF:lib/utils/cooldown.ts
FN:3,isCoolingDown
FN:12,checkCooldown
FN:18,setCooldown
FNF:3
FNH:0
FNDA:0,isCoolingDown
FNDA:0,checkCooldown
FNDA:0,setCooldown
DA:1,0
DA:4,0
DA:5,0
DA:6,0
DA:7,0
DA:8,0
DA:13,0
DA:14,0
DA:19,0
LF:9
LH:0
BRDA:6,0,0,0
BRDA:6,0,1,0
BRDA:6,1,0,0
BRDA:6,1,1,0
BRDA:14,2,0,0
BRDA:14,2,1,0
BRF:6
BRH:0
end_of_record
TN:
SF:lib/utils/cuisineSynonyms.ts
FN:113,cuisineMatchesAlias
FN:116,(anonymous_1)
FNF:2
FNH:0
FNDA:0,cuisineMatchesAlias
FNDA:0,(anonymous_1)
DA:1,1
DA:88,1
DA:114,0
DA:115,0
DA:116,0
DA:121,1
DA:131,1
DA:141,1
DA:147,1
LF:9
LH:6
BRDA:115,0,0,0
BRDA:115,0,1,0
BRDA:116,1,0,0
BRDA:116,1,1,0
BRF:4
BRH:0
end_of_record
TN:
SF:lib/utils/format.ts
FN:1,parseLikes
FN:6,todayHoursIndex
FN:19,avatarPalette
FNF:3
FNH:2
FNDA:6,parseLikes
FNDA:0,todayHoursIndex
FNDA:14,avatarPalette
DA:2,6
DA:3,6
DA:7,0
DA:10,2
DA:20,14
LF:5
LH:4
BRDA:3,0,0,4
BRDA:3,0,1,2
BRDA:20,1,0,14
BRDA:20,1,1,0
BRF:4
BRH:3
end_of_record
TN:
SF:lib/utils/geo.ts
FN:1,haversineKm
FN:11,distanceBoost
FN:19,formatKm
FNF:3
FNH:0
FNDA:0,haversineKm
FNDA:0,distanceBoost
FNDA:0,formatKm
DA:2,0
DA:3,0
DA:4,0
DA:6,0
DA:8,0
DA:12,0
DA:13,0
DA:14,0
DA:15,0
DA:16,0
DA:20,0
LF:11
LH:0
BRDA:12,0,0,0
BRDA:12,0,1,0
BRDA:13,1,0,0
BRDA:13,1,1,0
BRDA:14,2,0,0
BRDA:14,2,1,0
BRDA:15,3,0,0
BRDA:15,3,1,0
BRDA:20,4,0,0
BRDA:20,4,1,0
BRF:10
BRH:0
end_of_record
TN:
SF:lib/utils/locationResolver.ts
FN:6,loadSuburbAliasCache
FN:8,(anonymous_1)
FN:12,resolveFromAliasCache
FN:17,resolveSuburbQuery
FN:25,cacheResolvedSuburb
FNF:5
FNH:0
FNDA:0,loadSuburbAliasCache
FNDA:0,(anonymous_1)
FNDA:0,resolveFromAliasCache
FNDA:0,resolveSuburbQuery
FNDA:0,cacheResolvedSuburb
DA:3,0
DA:7,0
DA:8,0
DA:13,0
DA:18,0
DA:31,0
LF:6
LH:0
BRDA:13,0,0,0
BRDA:13,0,1,0
BRDA:33,1,0,0
BRDA:33,1,1,0
BRDA:34,2,0,0
BRDA:34,2,1,0
BRDA:35,3,0,0
BRDA:35,3,1,0
BRF:8
BRH:0
end_of_record
TN:
SF:lib/utils/queryParser.ts
FN:42,normalise
FN:51,_buildNgrams
FN:59,parseSearchQuery
FN:62,(anonymous_3)
FN:76,(anonymous_4)
FN:80,(anonymous_5)
FN:89,(anonymous_6)
FN:109,(anonymous_7)
FN:138,(anonymous_8)
FN:164,(anonymous_9)
FN:176,(anonymous_10)
FN:247,(anonymous_11)
FN:273,fallbackParsedQuery
FN:277,(anonymous_13)
FNF:14
FNH:0
FNDA:0,normalise
FNDA:0,_buildNgrams
FNDA:0,parseSearchQuery
FNDA:0,(anonymous_3)
FNDA:0,(anonymous_4)
FNDA:0,(anonymous_5)
FNDA:0,(anonymous_6)
FNDA:0,(anonymous_7)
FNDA:0,(anonymous_8)
FNDA:0,(anonymous_9)
FNDA:0,(anonymous_10)
FNDA:0,(anonymous_11)
FNDA:0,fallbackParsedQuery
FNDA:0,(anonymous_13)
DA:43,0
DA:52,0
DA:53,0
DA:54,0
DA:56,0
DA:60,0
DA:61,0
DA:62,0
DA:64,0
DA:65,0
DA:69,0
DA:70,0
DA:72,0
DA:76,0
DA:78,0
DA:79,0
DA:80,0
DA:81,0
DA:82,0
DA:83,0
DA:84,0
DA:89,0
DA:92,0
DA:93,0
DA:94,0
DA:95,0
DA:96,0
DA:97,0
DA:98,0
DA:99,0
DA:100,0
DA:101,0
DA:102,0
DA:103,0
DA:104,0
DA:106,0
DA:109,0
DA:112,0
DA:113,0
DA:115,0
DA:116,0
DA:117,0
DA:118,0
DA:119,0
DA:120,0
DA:121,0
DA:122,0
DA:123,0
DA:124,0
DA:128,0
DA:129,0
DA:130,0
DA:131,0
DA:132,0
DA:133,0
DA:134,0
DA:135,0
DA:138,0
DA:141,0
DA:142,0
DA:143,0
DA:144,0
DA:145,0
DA:146,0
DA:147,0
DA:148,0
DA:149,0
DA:150,0
DA:151,0
DA:154,0
DA:155,0
DA:156,0
DA:157,0
DA:158,0
DA:159,0
DA:160,0
DA:161,0
DA:164,0
DA:167,0
DA:168,0
DA:169,0
DA:170,0
DA:171,0
DA:172,0
DA:173,0
DA:176,0
DA:179,0
DA:180,0
DA:181,0
DA:183,0
DA:184,0
DA:185,0
DA:186,0
DA:187,0
DA:189,0
DA:194,0
DA:195,0
DA:196,0
DA:197,0
DA:199,0
DA:202,0
DA:207,0
DA:217,0
DA:218,0
DA:219,0
DA:220,0
DA:221,0
DA:222,0
DA:223,0
DA:224,0
DA:225,0
DA:226,0
DA:227,0
DA:228,0
DA:229,0
DA:230,0
DA:232,0
DA:237,0
DA:243,0
DA:247,0
DA:250,0
DA:251,0
DA:253,0
DA:269,0
DA:274,0
DA:275,0
DA:277,0
DA:278,0
LF:128
LH:0
BRDA:64,0,0,0
BRDA:64,0,1,0
BRDA:80,1,0,0
BRDA:80,1,1,0
BRDA:82,2,0,0
BRDA:82,2,1,0
BRDA:96,3,0,0
BRDA:96,3,1,0
BRDA:96,4,0,0
BRDA:96,4,1,0
BRDA:101,5,0,0
BRDA:101,5,1,0
BRDA:101,6,0,0
BRDA:101,6,1,0
BRDA:118,7,0,0
BRDA:118,7,1,0
BRDA:118,8,0,0
BRDA:118,8,1,0
BRDA:121,9,0,0
BRDA:121,9,1,0
BRDA:129,10,0,0
BRDA:129,10,1,0
BRDA:131,11,0,0
BRDA:131,11,1,0
BRDA:133,12,0,0
BRDA:133,12,1,0
BRDA:146,13,0,0
BRDA:146,13,1,0
BRDA:146,14,0,0
BRDA:146,14,1,0
BRDA:148,15,0,0
BRDA:148,15,1,0
BRDA:155,16,0,0
BRDA:155,16,1,0
BRDA:157,17,0,0
BRDA:157,17,1,0
BRDA:159,18,0,0
BRDA:159,18,1,0
BRDA:171,19,0,0
BRDA:171,19,1,0
BRDA:171,20,0,0
BRDA:171,20,1,0
BRDA:184,21,0,0
BRDA:184,21,1,0
BRDA:186,22,0,0
BRDA:186,22,1,0
BRDA:195,23,0,0
BRDA:195,23,1,0
BRDA:197,24,0,0
BRDA:197,24,1,0
BRDA:199,25,0,0
BRDA:199,25,1,0
BRDA:217,26,0,0
BRDA:217,26,1,0
BRDA:219,27,0,0
BRDA:219,27,1,0
BRDA:221,28,0,0
BRDA:221,28,1,0
BRDA:223,29,0,0
BRDA:223,29,1,0
BRDA:225,30,0,0
BRDA:225,30,1,0
BRDA:227,31,0,0
BRDA:227,31,1,0
BRDA:229,32,0,0
BRDA:229,32,1,0
BRDA:237,33,0,0
BRDA:237,33,1,0
BRDA:237,33,2,0
BRDA:237,33,3,0
BRDA:251,34,0,0
BRDA:251,34,1,0
BRDA:277,35,0,0
BRDA:277,35,1,0
BRF:74
BRH:0
end_of_record
TN:
SF:lib/utils/restaurantNavigation.ts
FN:16,buildRestaurantNavParams
FN:38,navigateToRestaurantFromPost
FN:45,navigateToRestaurant
FNF:3
FNH:0
FNDA:0,buildRestaurantNavParams
FNDA:0,navigateToRestaurantFromPost
FNDA:0,navigateToRestaurant
DA:17,0
DA:18,0
DA:19,0
DA:21,0
DA:22,0
DA:28,0
DA:39,0
DA:46,0
DA:47,0
DA:48,0
DA:49,0
DA:50,0
DA:52,0
DA:64,0
LF:14
LH:0
BRDA:17,0,0,0
BRDA:17,0,1,0
BRDA:18,1,0,0
BRDA:18,1,1,0
BRDA:18,2,0,0
BRDA:18,2,1,0
BRDA:21,3,0,0
BRDA:21,3,1,0
BRDA:21,4,0,0
BRDA:21,4,1,0
BRDA:29,5,0,0
BRDA:29,5,1,0
BRDA:30,6,0,0
BRDA:30,6,1,0
BRDA:32,7,0,0
BRDA:32,7,1,0
BRDA:33,8,0,0
BRDA:33,8,1,0
BRDA:34,9,0,0
BRDA:34,9,1,0
BRDA:47,10,0,0
BRDA:47,10,1,0
BRDA:48,11,0,0
BRDA:48,11,1,0
BRDA:49,12,0,0
BRDA:49,12,1,0
BRDA:56,13,0,0
BRDA:56,13,1,0
BRDA:57,14,0,0
BRDA:57,14,1,0
BRDA:58,15,0,0
BRDA:58,15,1,0
BRDA:59,16,0,0
BRDA:59,16,1,0
BRDA:59,17,0,0
BRDA:59,17,1,0
BRF:36
BRH:0
end_of_record
TN:
SF:lib/utils/routeParams.ts
FN:3,routeParamString
FN:5,(anonymous_1)
FN:9,routeParamNumber
FN:14,routeParamsObject
FNF:4
FNH:0
FNDA:0,routeParamString
FNDA:0,(anonymous_1)
FNDA:0,routeParamNumber
FNDA:0,routeParamsObject
DA:4,0
DA:5,0
DA:6,0
DA:10,0
DA:11,0
DA:18,0
DA:19,0
DA:20,0
DA:21,0
DA:23,0
LF:10
LH:0
BRDA:4,0,0,0
BRDA:4,0,1,0
BRDA:5,1,0,0
BRDA:5,1,1,0
BRDA:11,2,0,0
BRDA:11,2,1,0
BRDA:21,3,0,0
BRDA:21,3,1,0
BRF:8
BRH:0
end_of_record
TN:
SF:lib/utils/safeJson.ts
FN:1,parseJsonUnknown
FN:5,parseJsonWithGuard
FN:17,isStringArray
FN:18,(anonymous_3)
FN:21,isRecord
FNF:5
FNH:0
FNDA:0,parseJsonUnknown
FNDA:0,parseJsonWithGuard
FNDA:0,isStringArray
FNDA:0,(anonymous_3)
FNDA:0,isRecord
DA:2,0
DA:9,0
DA:10,0
DA:11,0
DA:13,0
DA:18,0
DA:22,0
LF:7
LH:0
BRDA:11,0,0,0
BRDA:11,0,1,0
BRDA:18,1,0,0
BRDA:18,1,1,0
BRDA:22,2,0,0
BRDA:22,2,1,0
BRDA:22,2,2,0
BRF:7
BRH:0
end_of_record
TN:
SF:lib/utils/searchScoring.ts
FN:49,parseWords
FN:54,(anonymous_1)
FN:57,scorePost
FN:67,(anonymous_3)
FN:89,scorePerson
FN:96,(anonymous_5)
FN:107,fieldScore
FN:118,scorePlace
FN:157,uniqueBadges
FN:161,placeDaypartHint
FN:165,(anonymous_10)
FN:165,(anonymous_11)
FN:171,isWithinRadius
FN:183,boundingBoxForRadius
FN:194,popularityBoost
FN:207,qualityBoost
FN:227,scoreExpandedPost
FN:230,(anonymous_17)
FN:235,rekkusPickBoost
FN:248,postMediaKinds
FN:250,(anonymous_20)
FN:251,(anonymous_21)
FN:258,matchesPostFilters
FN:267,(anonymous_23)
FN:274,(anonymous_24)
FN:279,matchesPlaceFilters
FN:290,sortPosts
FN:297,(anonymous_27)
FN:299,(anonymous_28)
FN:301,(anonymous_29)
FN:304,(anonymous_30)
FN:310,(anonymous_31)
FN:314,scoreExpandedPlace
FN:317,(anonymous_33)
FN:322,getContextualBoost
FN:340,scoreGooglePrediction
FN:342,(anonymous_36)
FNF:37
FNH:6
FNDA:4,parseWords
FNDA:7,(anonymous_1)
FNDA:0,scorePost
FNDA:0,(anonymous_3)
FNDA:0,scorePerson
FNDA:0,(anonymous_5)
FNDA:5,fieldScore
FNDA:0,scorePlace
FNDA:4,uniqueBadges
FNDA:0,placeDaypartHint
FNDA:0,(anonymous_10)
FNDA:0,(anonymous_11)
FNDA:0,isWithinRadius
FNDA:4,boundingBoxForRadius
FNDA:10,popularityBoost
FNDA:0,qualityBoost
FNDA:0,scoreExpandedPost
FNDA:0,(anonymous_17)
FNDA:0,rekkusPickBoost
FNDA:0,postMediaKinds
FNDA:0,(anonymous_20)
FNDA:0,(anonymous_21)
FNDA:0,matchesPostFilters
FNDA:0,(anonymous_23)
FNDA:0,(anonymous_24)
FNDA:0,matchesPlaceFilters
FNDA:0,sortPosts
FNDA:0,(anonymous_27)
FNDA:0,(anonymous_28)
FNDA:0,(anonymous_29)
FNDA:0,(anonymous_30)
FNDA:0,(anonymous_31)
FNDA:0,scoreExpandedPlace
FNDA:0,(anonymous_33)
FNDA:0,getContextualBoost
FNDA:0,scoreGooglePrediction
FNDA:0,(anonymous_36)
DA:8,1
DA:35,1
DA:39,1
DA:50,4
DA:54,7
DA:58,0
DA:59,0
DA:60,0
DA:61,0
DA:62,0
DA:63,0
DA:64,0
DA:65,0
DA:66,0
DA:67,0
DA:68,0
DA:69,0
DA:70,0
DA:72,0
DA:73,0
DA:74,0
DA:75,0
DA:76,0
DA:77,0
DA:81,0
DA:82,0
DA:84,0
DA:85,0
DA:86,0
DA:90,0
DA:91,0
DA:92,0
DA:93,0
DA:94,0
DA:95,0
DA:96,0
DA:97,0
DA:98,0
DA:100,0
DA:108,5
DA:109,5
DA:110,6
DA:111,2
DA:112,2
DA:113,1
DA:115,3
DA:119,0
DA:120,0
DA:121,0
DA:122,0
DA:123,0
DA:124,0
DA:125,0
DA:126,0
DA:127,0
DA:128,0
DA:129,0
DA:130,0
DA:131,0
DA:133,0
DA:134,0
DA:135,0
DA:138,0
DA:139,0
DA:141,0
DA:142,0
DA:143,0
DA:144,0
DA:145,0
DA:146,0
DA:150,0
DA:151,0
DA:153,0
DA:154,0
DA:158,4
DA:162,0
DA:163,0
DA:164,0
DA:165,0
DA:166,0
DA:167,0
DA:168,0
DA:177,0
DA:178,0
DA:179,0
DA:180,0
DA:184,4
DA:185,4
DA:186,4
DA:195,10
DA:196,10
DA:197,4
DA:198,2
DA:200,10
DA:201,9
DA:202,8
DA:203,7
DA:204,10
DA:208,0
DA:209,0
DA:210,0
DA:211,0
DA:212,0
DA:213,0
DA:215,0
DA:216,0
DA:217,0
DA:219,0
DA:220,0
DA:221,0
DA:222,0
DA:224,0
DA:228,0
DA:229,0
DA:230,0
DA:231,0
DA:232,0
DA:236,0
DA:237,0
DA:238,0
DA:239,0
DA:240,0
DA:241,0
DA:243,0
DA:244,0
DA:245,0
DA:249,0
DA:250,0
DA:251,0
DA:252,0
DA:253,0
DA:254,0
DA:255,0
DA:259,0
DA:260,0
DA:261,0
DA:262,0
DA:263,0
DA:265,0
DA:266,0
DA:267,0
DA:269,0
DA:270,0
DA:272,0
DA:273,0
DA:274,0
DA:276,0
DA:280,0
DA:281,0
DA:282,0
DA:283,0
DA:284,0
DA:285,0
DA:287,0
DA:295,0
DA:297,0
DA:299,0
DA:301,0
DA:303,0
DA:304,0
DA:305,0
DA:306,0
DA:307,0
DA:310,0
DA:315,0
DA:316,0
DA:317,0
DA:318,0
DA:319,0
DA:323,0
DA:324,0
DA:325,0
DA:326,0
DA:327,0
DA:328,0
DA:329,0
DA:331,0
DA:332,0
DA:333,0
DA:335,0
DA:342,0
DA:343,0
DA:344,0
DA:345,0
DA:346,0
LF:185
LH:25
BRDA:63,0,0,0
BRDA:63,0,1,0
BRDA:65,1,0,0
BRDA:65,1,1,0
BRDA:66,2,0,0
BRDA:66,2,1,0
BRDA:67,3,0,0
BRDA:67,3,1,0
BRDA:68,4,0,0
BRDA:68,4,1,0
BRDA:69,5,0,0
BRDA:69,5,1,0
BRDA:70,6,0,0
BRDA:70,6,1,0
BRDA:72,7,0,0
BRDA:72,7,1,0
BRDA:73,8,0,0
BRDA:73,8,1,0
BRDA:75,9,0,0
BRDA:75,9,1,0
BRDA:81,10,0,0
BRDA:81,10,1,0
BRDA:81,11,0,0
BRDA:81,11,1,0
BRDA:84,12,0,0
BRDA:84,12,1,0
BRDA:84,13,0,0
BRDA:84,13,1,0
BRDA:85,14,0,0
BRDA:85,14,1,0
BRDA:85,15,0,0
BRDA:85,15,1,0
BRDA:94,16,0,0
BRDA:94,16,1,0
BRDA:96,17,0,0
BRDA:96,17,1,0
BRDA:96,18,0,0
BRDA:96,18,1,0
BRDA:97,19,0,0
BRDA:97,19,1,0
BRDA:98,20,0,0
BRDA:98,20,1,0
BRDA:98,21,0,0
BRDA:98,21,1,0
BRDA:110,22,0,4
BRDA:110,22,1,2
BRDA:112,23,0,1
BRDA:112,23,1,1
BRDA:113,24,0,1
BRDA:113,24,1,0
BRDA:120,25,0,0
BRDA:120,25,1,0
BRDA:121,26,0,0
BRDA:121,26,1,0
BRDA:122,27,0,0
BRDA:122,27,1,0
BRDA:128,28,0,0
BRDA:128,28,1,0
BRDA:131,29,0,0
BRDA:131,29,1,0
BRDA:138,30,0,0
BRDA:138,30,1,0
BRDA:138,31,0,0
BRDA:138,31,1,0
BRDA:139,32,0,0
BRDA:139,32,1,0
BRDA:141,33,0,0
BRDA:141,33,1,0
BRDA:142,34,0,0
BRDA:142,34,1,0
BRDA:144,35,0,0
BRDA:144,35,1,0
BRDA:150,36,0,0
BRDA:150,36,1,0
BRDA:150,37,0,0
BRDA:150,37,1,0
BRDA:153,38,0,0
BRDA:153,38,1,0
BRDA:153,39,0,0
BRDA:153,39,1,0
BRDA:162,40,0,0
BRDA:162,40,1,0
BRDA:166,41,0,0
BRDA:166,41,1,0
BRDA:166,42,0,0
BRDA:166,42,1,0
BRDA:166,42,2,0
BRDA:166,42,3,0
BRDA:167,43,0,0
BRDA:167,43,1,0
BRDA:167,44,0,0
BRDA:167,44,1,0
BRDA:167,44,2,0
BRDA:167,44,3,0
BRDA:177,45,0,0
BRDA:177,45,1,0
BRDA:177,46,0,0
BRDA:177,46,1,0
BRDA:177,46,2,0
BRDA:196,47,0,6
BRDA:196,47,1,4
BRDA:197,48,0,2
BRDA:197,48,1,2
BRDA:198,49,0,1
BRDA:198,49,1,1
BRDA:200,50,0,1
BRDA:200,50,1,9
BRDA:201,51,0,1
BRDA:201,51,1,8
BRDA:202,52,0,1
BRDA:202,52,1,7
BRDA:203,53,0,1
BRDA:203,53,1,6
BRDA:209,54,0,0
BRDA:209,54,1,0
BRDA:210,55,0,0
BRDA:210,55,1,0
BRDA:211,56,0,0
BRDA:211,56,1,0
BRDA:212,57,0,0
BRDA:212,57,1,0
BRDA:215,58,0,0
BRDA:215,58,1,0
BRDA:216,59,0,0
BRDA:216,59,1,0
BRDA:217,60,0,0
BRDA:217,60,1,0
BRDA:219,61,0,0
BRDA:219,61,1,0
BRDA:220,62,0,0
BRDA:220,62,1,0
BRDA:221,63,0,0
BRDA:221,63,1,0
BRDA:222,64,0,0
BRDA:222,64,1,0
BRDA:229,65,0,0
BRDA:229,65,1,0
BRDA:231,66,0,0
BRDA:231,66,1,0
BRDA:237,67,0,0
BRDA:237,67,1,0
BRDA:238,68,0,0
BRDA:238,68,1,0
BRDA:239,69,0,0
BRDA:239,69,1,0
BRDA:240,70,0,0
BRDA:240,70,1,0
BRDA:241,71,0,0
BRDA:241,71,1,0
BRDA:243,72,0,0
BRDA:243,72,1,0
BRDA:244,73,0,0
BRDA:244,73,1,0
BRDA:250,74,0,0
BRDA:250,74,1,0
BRDA:251,75,0,0
BRDA:251,75,1,0
BRDA:252,76,0,0
BRDA:252,76,1,0
BRDA:253,77,0,0
BRDA:253,77,1,0
BRDA:254,78,0,0
BRDA:254,78,1,0
BRDA:254,79,0,0
BRDA:254,79,1,0
BRDA:259,80,0,0
BRDA:259,80,1,0
BRDA:260,81,0,0
BRDA:260,81,1,0
BRDA:263,82,0,0
BRDA:263,82,1,0
BRDA:263,83,0,0
BRDA:263,83,1,0
BRDA:265,84,0,0
BRDA:265,84,1,0
BRDA:266,85,0,0
BRDA:266,85,1,0
BRDA:267,86,0,0
BRDA:267,86,1,0
BRDA:269,87,0,0
BRDA:269,87,1,0
BRDA:269,88,0,0
BRDA:269,88,1,0
BRDA:269,88,2,0
BRDA:272,89,0,0
BRDA:272,89,1,0
BRDA:274,90,0,0
BRDA:274,90,1,0
BRDA:280,91,0,0
BRDA:280,91,1,0
BRDA:281,92,0,0
BRDA:281,92,1,0
BRDA:281,93,0,0
BRDA:281,93,1,0
BRDA:282,94,0,0
BRDA:282,94,1,0
BRDA:285,95,0,0
BRDA:285,95,1,0
BRDA:285,96,0,0
BRDA:285,96,1,0
BRDA:295,97,0,0
BRDA:295,97,1,0
BRDA:295,97,2,0
BRDA:295,97,3,0
BRDA:295,97,4,0
BRDA:297,98,0,0
BRDA:297,98,1,0
BRDA:297,99,0,0
BRDA:297,99,1,0
BRDA:299,100,0,0
BRDA:299,100,1,0
BRDA:299,101,0,0
BRDA:299,101,1,0
BRDA:301,102,0,0
BRDA:301,102,1,0
BRDA:303,103,0,0
BRDA:303,103,1,0
BRDA:305,104,0,0
BRDA:305,104,1,0
BRDA:305,105,0,0
BRDA:305,105,1,0
BRDA:306,106,0,0
BRDA:306,106,1,0
BRDA:306,107,0,0
BRDA:306,107,1,0
BRDA:316,108,0,0
BRDA:316,108,1,0
BRDA:318,109,0,0
BRDA:318,109,1,0
BRDA:323,110,0,0
BRDA:323,110,1,0
BRDA:325,111,0,0
BRDA:325,111,1,0
BRDA:326,112,0,0
BRDA:326,112,1,0
BRDA:327,113,0,0
BRDA:327,113,1,0
BRDA:327,114,0,0
BRDA:327,114,1,0
BRDA:328,115,0,0
BRDA:328,115,1,0
BRDA:328,116,0,0
BRDA:328,116,1,0
BRDA:329,117,0,0
BRDA:329,117,1,0
BRDA:331,118,0,0
BRDA:331,118,1,0
BRDA:331,119,0,0
BRDA:331,119,1,0
BRDA:332,120,0,0
BRDA:332,120,1,0
BRDA:332,121,0,0
BRDA:332,121,1,0
BRDA:333,122,0,0
BRDA:333,122,1,0
BRDA:342,123,0,0
BRDA:342,123,1,0
BRDA:342,124,0,0
BRDA:342,124,1,0
BRDA:344,125,0,0
BRDA:344,125,1,0
BRF:261
BRH:19
end_of_record
TN:
SF:lib/utils/tasteProfile.ts
FN:9,buildTasteProfile
FN:29,(anonymous_1)
FNF:2
FNH:0
FNDA:0,buildTasteProfile
FNDA:0,(anonymous_1)
DA:14,0
DA:16,0
DA:17,0
DA:18,0
DA:20,0
DA:21,0
DA:22,0
DA:24,0
DA:25,0
DA:28,0
DA:29,0
LF:11
LH:0
BRDA:18,0,0,0
BRDA:18,0,1,0
BRDA:18,1,0,0
BRDA:18,1,1,0
BRDA:22,2,0,0
BRDA:22,2,1,0
BRDA:22,3,0,0
BRDA:22,3,1,0
BRDA:25,4,0,0
BRDA:25,4,1,0
BRF:10
BRH:0
end_of_record
TN:
SF:lib/utils/validation.ts
FN:5,isValidPassword
FN:9,passwordMinLengthMessage
FN:13,passwordsMatch
FN:17,hasCurrentPassword
FN:21,isValidEmail
FN:25,isValidUsername
FNF:6
FNH:6
FNDA:6,isValidPassword
FNDA:2,passwordMinLengthMessage
FNDA:5,passwordsMatch
FNDA:3,hasCurrentPassword
FNDA:8,isValidEmail
FNDA:10,isValidUsername
DA:1,1
DA:2,1
DA:3,1
DA:6,6
DA:10,2
DA:14,5
DA:18,3
DA:22,8
DA:26,10
LF:9
LH:9
BRF:0
BRH:0
end_of_record
