TN:
SF:lib/hooks/useAutocomplete.ts
FN:16,__clearAutocompleteCacheForTest
FN:20,useAutocomplete
FN:24,(anonymous_2)
FN:27,(anonymous_3)
FN:49,(anonymous_4)
FNF:5
FNH:5
FNDA:4,__clearAutocompleteCacheForTest
FNDA:11,useAutocomplete
FNDA:7,(anonymous_2)
FNDA:6,(anonymous_3)
FNDA:6,(anonymous_4)
DA:11,1
DA:17,4
DA:21,11
DA:22,11
DA:24,11
DA:25,7
DA:26,7
DA:27,6
DA:28,6
DA:29,6
DA:30,6
DA:31,6
DA:32,6
DA:33,1
DA:34,1
DA:35,1
DA:36,1
DA:38,5
DA:39,5
DA:40,5
DA:41,4
DA:42,4
DA:43,2
DA:45,1
DA:46,1
DA:49,6
DA:50,6
DA:51,6
DA:55,11
LF:29
LH:29
BRDA:26,0,0,1
BRDA:26,0,1,6
BRDA:26,1,0,7
BRDA:26,1,1,6
BRDA:32,2,0,1
BRDA:32,2,1,5
BRDA:34,3,0,0
BRDA:34,3,1,1
BRDA:42,4,0,2
BRDA:42,4,1,2
BRDA:45,5,0,0
BRDA:45,5,1,1
BRDA:51,6,0,6
BRDA:51,6,1,0
BRF:14
BRH:11
end_of_record
